<?xml version="1.0" encoding="UTF-8"?>
<!-- Generated by org.testng.reporters.JUnitXMLReporter -->
<testsuite ignored="20" hostname="DESKTOP-KMOGL3M" failures="7" tests="32" name="CreatePageTests" time="800.839" errors="0" timestamp="2025-01-27T11:26:02 IST">
  <testcase classname="create.CreatePageTests" name="CertAndLogin" time="3.626"/>
  <testcase classname="create.CreatePageTests" name="ClickOnCreateReource" time="1.53"/>
  <testcase classname="create.CreatePageTests" name="TestLocationDropdown" time="0.501"/>
  <testcase classname="create.CreatePageTests" name="TestProjectNameDropdown" time="0.845"/>
  <testcase classname="create.CreatePageTests" name="TestStoragePathDropdown" time="0.577"/>
  <testcase classname="create.CreatePageTests" name="TestOSDropdown" time="1.035"/>
  <testcase classname="create.CreatePageTests" name="TestIOPSDropdown" time="0.311"/>
  <testcase classname="create.CreatePageTests" name="TestVerticalSwitchOn" time="0.152"/>
  <testcase classname="create.CreatePageTests" name="TestLowerThreshold" time="0.295"/>
  <testcase classname="create.CreatePageTests" name="TestUpperThreshold" time="0.315"/>
  <testcase classname="create.CreatePageTests" name="TestmaxVcpuOfVerticalScaling" time="0.214"/>
  <testcase classname="create.CreatePageTests" name="TestMinVcpuOfVerticalScaling" time="0.055"/>
  <testcase classname="create.CreatePageTests" name="TestmaxRAMOfVerticalScaling" time="0.153"/>
  <testcase classname="create.CreatePageTests" name="TestMinRAMOfVerticalScaling" time="0.052"/>
  <testcase classname="create.CreatePageTests" name="TestDiskForVerticalScaling" time="0.949"/>
  <testcase classname="create.CreatePageTests" name="TestVMBackupSwitchOn" time="0.019">
    <failure type="org.openqa.selenium.NoSuchElementException" message="no such element: Unable to locate element: {&amp;quot;method&amp;quot;:&amp;quot;xpath&amp;quot;,&amp;quot;selector&amp;quot;:&amp;quot;//h4[text()=&amp;apos;VM Backup &amp;apos;]&amp;quot;}
  (Session info: chrome=132.0.6834.110)
For documentation on this error, please visit: https://www.selenium.dev/documentation/webdriver/troubleshooting/errors#no-such-element-exception
Build info: version: &amp;apos;4.23.1&amp;apos;, revision: &amp;apos;656257d8e9&amp;apos;
System info: os.name: &amp;apos;Windows 10&amp;apos;, os.arch: &amp;apos;amd64&amp;apos;, os.version: &amp;apos;10.0&amp;apos;, java.version: &amp;apos;17.0.12&amp;apos;
Driver info: org.openqa.selenium.chrome.ChromeDriver
Command: [498508a60e7f16f96e0cd3004c96c6be, findElement {value=//h4[text()=&amp;apos;VM Backup &amp;apos;], using=xpath}]
Capabilities {acceptInsecureCerts: false, browserName: chrome, browserVersion: 132.0.6834.110, chrome: {chromedriverVersion: 132.0.6834.110 (df453a35f09..., userDataDir: C:\Users\santosh\AppData\Lo...}, fedcm:accounts: true, goog:chromeOptions: {debuggerAddress: localhost:57907}, networkConnectionEnabled: false, pageLoadStrategy: normal, platformName: windows, proxy: Proxy(), se:cdp: ws://localhost:57907/devtoo..., se:cdpVersion: 132.0.6834.110, setWindowRect: true, strictFileInteractability: false, timeouts: {implicit: 0, pageLoad: 300000, script: 30000}, unhandledPromptBehavior: dismiss and notify, webauthn:extension:credBlob: true, webauthn:extension:largeBlob: true, webauthn:extension:minPinLength: true, webauthn:extension:prf: true, webauthn:virtualAuthenticators: true}
Session ID: 498508a60e7f16f96e0cd3004c96c6be">
      <![CDATA[org.openqa.selenium.NoSuchElementException: no such element: Unable to locate element: {"method":"xpath","selector":"//h4[text()='VM Backup ']"}
  (Session info: chrome=132.0.6834.110)
For documentation on this error, please visit: https://www.selenium.dev/documentation/webdriver/troubleshooting/errors#no-such-element-exception
Build info: version: '4.23.1', revision: '656257d8e9'
System info: os.name: 'Windows 10', os.arch: 'amd64', os.version: '10.0', java.version: '17.0.12'
Driver info: org.openqa.selenium.chrome.ChromeDriver
Command: [498508a60e7f16f96e0cd3004c96c6be, findElement {value=//h4[text()='VM Backup '], using=xpath}]
Capabilities {acceptInsecureCerts: false, browserName: chrome, browserVersion: 132.0.6834.110, chrome: {chromedriverVersion: 132.0.6834.110 (df453a35f09..., userDataDir: C:\Users\santosh\AppData\Lo...}, fedcm:accounts: true, goog:chromeOptions: {debuggerAddress: localhost:57907}, networkConnectionEnabled: false, pageLoadStrategy: normal, platformName: windows, proxy: Proxy(), se:cdp: ws://localhost:57907/devtoo..., se:cdpVersion: 132.0.6834.110, setWindowRect: true, strictFileInteractability: false, timeouts: {implicit: 0, pageLoad: 300000, script: 30000}, unhandledPromptBehavior: dismiss and notify, webauthn:extension:credBlob: true, webauthn:extension:largeBlob: true, webauthn:extension:minPinLength: true, webauthn:extension:prf: true, webauthn:virtualAuthenticators: true}
Session ID: 498508a60e7f16f96e0cd3004c96c6be
at org.openqa.selenium.remote.ErrorCodec.decode(ErrorCodec.java:167)
at org.openqa.selenium.remote.codec.w3c.W3CHttpResponseCodec.decode(W3CHttpResponseCodec.java:138)
at org.openqa.selenium.remote.codec.w3c.W3CHttpResponseCodec.decode(W3CHttpResponseCodec.java:50)
at org.openqa.selenium.remote.HttpCommandExecutor.execute(HttpCommandExecutor.java:190)
at org.openqa.selenium.remote.service.DriverCommandExecutor.invokeExecute(DriverCommandExecutor.java:216)
at org.openqa.selenium.remote.service.DriverCommandExecutor.execute(DriverCommandExecutor.java:174)
at org.openqa.selenium.remote.RemoteWebDriver.execute(RemoteWebDriver.java:545)
at org.openqa.selenium.remote.ElementLocation$ElementFinder$2.findElement(ElementLocation.java:165)
at org.openqa.selenium.remote.ElementLocation.findElement(ElementLocation.java:59)
at org.openqa.selenium.remote.RemoteWebDriver.findElement(RemoteWebDriver.java:368)
at org.openqa.selenium.remote.RemoteWebDriver.findElement(RemoteWebDriver.java:362)
at org.openqa.selenium.support.pagefactory.DefaultElementLocator.findElement(DefaultElementLocator.java:68)
at org.openqa.selenium.support.pagefactory.internal.LocatingElementHandler.invoke(LocatingElementHandler.java:38)
at jdk.proxy2/jdk.proxy2.$Proxy14.getWrappedElement(Unknown Source)
at org.openqa.selenium.remote.WebElementToJsonConverter.apply(WebElementToJsonConverter.java:48)
at java.base/java.util.stream.ReferencePipeline$3$1.accept(ReferencePipeline.java:197)
at java.base/java.util.Spliterators$ArraySpliterator.forEachRemaining(Spliterators.java:992)
at java.base/java.util.stream.AbstractPipeline.copyInto(AbstractPipeline.java:509)
at java.base/java.util.stream.AbstractPipeline.wrapAndCopyInto(AbstractPipeline.java:499)
at java.base/java.util.stream.ReduceOps$ReduceOp.evaluateSequential(ReduceOps.java:921)
at java.base/java.util.stream.AbstractPipeline.evaluate(AbstractPipeline.java:234)
at java.base/java.util.stream.ReferencePipeline.collect(ReferencePipeline.java:682)
at org.openqa.selenium.remote.RemoteWebDriver.executeScript(RemoteWebDriver.java:474)
at create.CreatePageTests.TestVMBackupSwitchOn(CreatePageTests.java:644)
at java.base/java.util.ArrayList.forEach(ArrayList.java:1511)
... Removed 32 stack frames]]>
    </failure>
  </testcase> <!-- TestVMBackupSwitchOn -->
  <testcase classname="create.CreatePageTests" name="TestBackUpFrequencyDropdown" time="0.012">
    <failure type="org.openqa.selenium.NoSuchElementException" message="no such element: Unable to locate element: {&amp;quot;method&amp;quot;:&amp;quot;xpath&amp;quot;,&amp;quot;selector&amp;quot;:&amp;quot;//h4[text()=&amp;apos;VM Backup &amp;apos;]&amp;quot;}
  (Session info: chrome=132.0.6834.110)
For documentation on this error, please visit: https://www.selenium.dev/documentation/webdriver/troubleshooting/errors#no-such-element-exception
Build info: version: &amp;apos;4.23.1&amp;apos;, revision: &amp;apos;656257d8e9&amp;apos;
System info: os.name: &amp;apos;Windows 10&amp;apos;, os.arch: &amp;apos;amd64&amp;apos;, os.version: &amp;apos;10.0&amp;apos;, java.version: &amp;apos;17.0.12&amp;apos;
Driver info: org.openqa.selenium.chrome.ChromeDriver
Command: [498508a60e7f16f96e0cd3004c96c6be, findElement {value=//h4[text()=&amp;apos;VM Backup &amp;apos;], using=xpath}]
Capabilities {acceptInsecureCerts: false, browserName: chrome, browserVersion: 132.0.6834.110, chrome: {chromedriverVersion: 132.0.6834.110 (df453a35f09..., userDataDir: C:\Users\santosh\AppData\Lo...}, fedcm:accounts: true, goog:chromeOptions: {debuggerAddress: localhost:57907}, networkConnectionEnabled: false, pageLoadStrategy: normal, platformName: windows, proxy: Proxy(), se:cdp: ws://localhost:57907/devtoo..., se:cdpVersion: 132.0.6834.110, setWindowRect: true, strictFileInteractability: false, timeouts: {implicit: 0, pageLoad: 300000, script: 30000}, unhandledPromptBehavior: dismiss and notify, webauthn:extension:credBlob: true, webauthn:extension:largeBlob: true, webauthn:extension:minPinLength: true, webauthn:extension:prf: true, webauthn:virtualAuthenticators: true}
Session ID: 498508a60e7f16f96e0cd3004c96c6be">
      <![CDATA[org.openqa.selenium.NoSuchElementException: no such element: Unable to locate element: {"method":"xpath","selector":"//h4[text()='VM Backup ']"}
  (Session info: chrome=132.0.6834.110)
For documentation on this error, please visit: https://www.selenium.dev/documentation/webdriver/troubleshooting/errors#no-such-element-exception
Build info: version: '4.23.1', revision: '656257d8e9'
System info: os.name: 'Windows 10', os.arch: 'amd64', os.version: '10.0', java.version: '17.0.12'
Driver info: org.openqa.selenium.chrome.ChromeDriver
Command: [498508a60e7f16f96e0cd3004c96c6be, findElement {value=//h4[text()='VM Backup '], using=xpath}]
Capabilities {acceptInsecureCerts: false, browserName: chrome, browserVersion: 132.0.6834.110, chrome: {chromedriverVersion: 132.0.6834.110 (df453a35f09..., userDataDir: C:\Users\santosh\AppData\Lo...}, fedcm:accounts: true, goog:chromeOptions: {debuggerAddress: localhost:57907}, networkConnectionEnabled: false, pageLoadStrategy: normal, platformName: windows, proxy: Proxy(), se:cdp: ws://localhost:57907/devtoo..., se:cdpVersion: 132.0.6834.110, setWindowRect: true, strictFileInteractability: false, timeouts: {implicit: 0, pageLoad: 300000, script: 30000}, unhandledPromptBehavior: dismiss and notify, webauthn:extension:credBlob: true, webauthn:extension:largeBlob: true, webauthn:extension:minPinLength: true, webauthn:extension:prf: true, webauthn:virtualAuthenticators: true}
Session ID: 498508a60e7f16f96e0cd3004c96c6be
at org.openqa.selenium.remote.ErrorCodec.decode(ErrorCodec.java:167)
at org.openqa.selenium.remote.codec.w3c.W3CHttpResponseCodec.decode(W3CHttpResponseCodec.java:138)
at org.openqa.selenium.remote.codec.w3c.W3CHttpResponseCodec.decode(W3CHttpResponseCodec.java:50)
at org.openqa.selenium.remote.HttpCommandExecutor.execute(HttpCommandExecutor.java:190)
at org.openqa.selenium.remote.service.DriverCommandExecutor.invokeExecute(DriverCommandExecutor.java:216)
at org.openqa.selenium.remote.service.DriverCommandExecutor.execute(DriverCommandExecutor.java:174)
at org.openqa.selenium.remote.RemoteWebDriver.execute(RemoteWebDriver.java:545)
at org.openqa.selenium.remote.ElementLocation$ElementFinder$2.findElement(ElementLocation.java:165)
at org.openqa.selenium.remote.ElementLocation.findElement(ElementLocation.java:59)
at org.openqa.selenium.remote.RemoteWebDriver.findElement(RemoteWebDriver.java:368)
at org.openqa.selenium.remote.RemoteWebDriver.findElement(RemoteWebDriver.java:362)
at org.openqa.selenium.support.pagefactory.DefaultElementLocator.findElement(DefaultElementLocator.java:68)
at org.openqa.selenium.support.pagefactory.internal.LocatingElementHandler.invoke(LocatingElementHandler.java:38)
at jdk.proxy2/jdk.proxy2.$Proxy14.getWrappedElement(Unknown Source)
at org.openqa.selenium.remote.WebElementToJsonConverter.apply(WebElementToJsonConverter.java:48)
at java.base/java.util.stream.ReferencePipeline$3$1.accept(ReferencePipeline.java:197)
at java.base/java.util.Spliterators$ArraySpliterator.forEachRemaining(Spliterators.java:992)
at java.base/java.util.stream.AbstractPipeline.copyInto(AbstractPipeline.java:509)
at java.base/java.util.stream.AbstractPipeline.wrapAndCopyInto(AbstractPipeline.java:499)
at java.base/java.util.stream.ReduceOps$ReduceOp.evaluateSequential(ReduceOps.java:921)
at java.base/java.util.stream.AbstractPipeline.evaluate(AbstractPipeline.java:234)
at java.base/java.util.stream.ReferencePipeline.collect(ReferencePipeline.java:682)
at org.openqa.selenium.remote.RemoteWebDriver.executeScript(RemoteWebDriver.java:474)
at create.CreatePageTests.TestBackUpFrequencyDropdown(CreatePageTests.java:661)
at java.base/java.util.ArrayList.forEach(ArrayList.java:1511)
... Removed 32 stack frames]]>
    </failure>
  </testcase> <!-- TestBackUpFrequencyDropdown -->
  <testcase classname="create.CreatePageTests" name="TestRetentionPeriodDropdown" time="0.014">
    <failure type="org.openqa.selenium.NoSuchElementException" message="no such element: Unable to locate element: {&amp;quot;method&amp;quot;:&amp;quot;xpath&amp;quot;,&amp;quot;selector&amp;quot;:&amp;quot;//h4[text()=&amp;apos;VM Backup &amp;apos;]&amp;quot;}
  (Session info: chrome=132.0.6834.110)
For documentation on this error, please visit: https://www.selenium.dev/documentation/webdriver/troubleshooting/errors#no-such-element-exception
Build info: version: &amp;apos;4.23.1&amp;apos;, revision: &amp;apos;656257d8e9&amp;apos;
System info: os.name: &amp;apos;Windows 10&amp;apos;, os.arch: &amp;apos;amd64&amp;apos;, os.version: &amp;apos;10.0&amp;apos;, java.version: &amp;apos;17.0.12&amp;apos;
Driver info: org.openqa.selenium.chrome.ChromeDriver
Command: [498508a60e7f16f96e0cd3004c96c6be, findElement {value=//h4[text()=&amp;apos;VM Backup &amp;apos;], using=xpath}]
Capabilities {acceptInsecureCerts: false, browserName: chrome, browserVersion: 132.0.6834.110, chrome: {chromedriverVersion: 132.0.6834.110 (df453a35f09..., userDataDir: C:\Users\santosh\AppData\Lo...}, fedcm:accounts: true, goog:chromeOptions: {debuggerAddress: localhost:57907}, networkConnectionEnabled: false, pageLoadStrategy: normal, platformName: windows, proxy: Proxy(), se:cdp: ws://localhost:57907/devtoo..., se:cdpVersion: 132.0.6834.110, setWindowRect: true, strictFileInteractability: false, timeouts: {implicit: 0, pageLoad: 300000, script: 30000}, unhandledPromptBehavior: dismiss and notify, webauthn:extension:credBlob: true, webauthn:extension:largeBlob: true, webauthn:extension:minPinLength: true, webauthn:extension:prf: true, webauthn:virtualAuthenticators: true}
Session ID: 498508a60e7f16f96e0cd3004c96c6be">
      <![CDATA[org.openqa.selenium.NoSuchElementException: no such element: Unable to locate element: {"method":"xpath","selector":"//h4[text()='VM Backup ']"}
  (Session info: chrome=132.0.6834.110)
For documentation on this error, please visit: https://www.selenium.dev/documentation/webdriver/troubleshooting/errors#no-such-element-exception
Build info: version: '4.23.1', revision: '656257d8e9'
System info: os.name: 'Windows 10', os.arch: 'amd64', os.version: '10.0', java.version: '17.0.12'
Driver info: org.openqa.selenium.chrome.ChromeDriver
Command: [498508a60e7f16f96e0cd3004c96c6be, findElement {value=//h4[text()='VM Backup '], using=xpath}]
Capabilities {acceptInsecureCerts: false, browserName: chrome, browserVersion: 132.0.6834.110, chrome: {chromedriverVersion: 132.0.6834.110 (df453a35f09..., userDataDir: C:\Users\santosh\AppData\Lo...}, fedcm:accounts: true, goog:chromeOptions: {debuggerAddress: localhost:57907}, networkConnectionEnabled: false, pageLoadStrategy: normal, platformName: windows, proxy: Proxy(), se:cdp: ws://localhost:57907/devtoo..., se:cdpVersion: 132.0.6834.110, setWindowRect: true, strictFileInteractability: false, timeouts: {implicit: 0, pageLoad: 300000, script: 30000}, unhandledPromptBehavior: dismiss and notify, webauthn:extension:credBlob: true, webauthn:extension:largeBlob: true, webauthn:extension:minPinLength: true, webauthn:extension:prf: true, webauthn:virtualAuthenticators: true}
Session ID: 498508a60e7f16f96e0cd3004c96c6be
at org.openqa.selenium.remote.ErrorCodec.decode(ErrorCodec.java:167)
at org.openqa.selenium.remote.codec.w3c.W3CHttpResponseCodec.decode(W3CHttpResponseCodec.java:138)
at org.openqa.selenium.remote.codec.w3c.W3CHttpResponseCodec.decode(W3CHttpResponseCodec.java:50)
at org.openqa.selenium.remote.HttpCommandExecutor.execute(HttpCommandExecutor.java:190)
at org.openqa.selenium.remote.service.DriverCommandExecutor.invokeExecute(DriverCommandExecutor.java:216)
at org.openqa.selenium.remote.service.DriverCommandExecutor.execute(DriverCommandExecutor.java:174)
at org.openqa.selenium.remote.RemoteWebDriver.execute(RemoteWebDriver.java:545)
at org.openqa.selenium.remote.ElementLocation$ElementFinder$2.findElement(ElementLocation.java:165)
at org.openqa.selenium.remote.ElementLocation.findElement(ElementLocation.java:59)
at org.openqa.selenium.remote.RemoteWebDriver.findElement(RemoteWebDriver.java:368)
at org.openqa.selenium.remote.RemoteWebDriver.findElement(RemoteWebDriver.java:362)
at org.openqa.selenium.support.pagefactory.DefaultElementLocator.findElement(DefaultElementLocator.java:68)
at org.openqa.selenium.support.pagefactory.internal.LocatingElementHandler.invoke(LocatingElementHandler.java:38)
at jdk.proxy2/jdk.proxy2.$Proxy14.getWrappedElement(Unknown Source)
at org.openqa.selenium.remote.WebElementToJsonConverter.apply(WebElementToJsonConverter.java:48)
at java.base/java.util.stream.ReferencePipeline$3$1.accept(ReferencePipeline.java:197)
at java.base/java.util.Spliterators$ArraySpliterator.forEachRemaining(Spliterators.java:992)
at java.base/java.util.stream.AbstractPipeline.copyInto(AbstractPipeline.java:509)
at java.base/java.util.stream.AbstractPipeline.wrapAndCopyInto(AbstractPipeline.java:499)
at java.base/java.util.stream.ReduceOps$ReduceOp.evaluateSequential(ReduceOps.java:921)
at java.base/java.util.stream.AbstractPipeline.evaluate(AbstractPipeline.java:234)
at java.base/java.util.stream.ReferencePipeline.collect(ReferencePipeline.java:682)
at org.openqa.selenium.remote.RemoteWebDriver.executeScript(RemoteWebDriver.java:474)
at create.CreatePageTests.TestRetentionPeriodDropdown(CreatePageTests.java:677)
at java.base/java.util.ArrayList.forEach(ArrayList.java:1511)
... Removed 32 stack frames]]>
    </failure>
  </testcase> <!-- TestRetentionPeriodDropdown -->
  <testcase classname="create.CreatePageTests" name="TestSIEMSwitchOn" time="0.65"/>
  <testcase classname="create.CreatePageTests" name="TestSIEMDropdown" time="0.117">
    <failure type="java.lang.AssertionError" message="Given Value SIEM_TEST_Server2 - 10.150.37.49 is not available in the dropdown expected [true] but found [false]">
      <![CDATA[java.lang.AssertionError: Given Value SIEM_TEST_Server2 - 10.150.37.49 is not available in the dropdown expected [true] but found [false]
at create.CreatePageTests.TestSIEMDropdown(CreatePageTests.java:738)
at java.base/java.util.ArrayList.forEach(ArrayList.java:1511)
... Removed 30 stack frames]]>
    </failure>
  </testcase> <!-- TestSIEMDropdown -->
  <testcase classname="create.CreatePageTests" name="TestVLANDropdown" time="1.405"/>
  <testcase classname="create.CreatePageTests" name="TestNumberOfVM" time="0.424">
    <failure type="java.lang.AssertionError" message="Max group count value can be 3 expected [false] but found [true]">
      <![CDATA[java.lang.AssertionError: Max group count value can be 3 expected [false] but found [true]
at create.CreatePageTests.TestNumberOfVM(CreatePageTests.java:782)
at java.base/java.util.ArrayList.forEach(ArrayList.java:1511)
... Removed 30 stack frames]]>
    </failure>
  </testcase> <!-- TestNumberOfVM -->
  <testcase classname="create.CreatePageTests" name="TestVMNameTextBoxForVertical" time="1.193"/>
  <testcase classname="create.CreatePageTests" name="TestAssignRemoteUserButton" time="3.686"/>
  <testcase classname="create.CreatePageTests" name="TestAssignRemoteUserModal" time="0.215"/>
  <testcase classname="create.CreatePageTests" name="TestAssignRemoteUserModal" time="0.407"/>
  <testcase classname="create.CreatePageTests" name="TestAssignRemoteUserModal" time="0.558"/>
  <testcase classname="create.CreatePageTests" name="TestSaveRolesButtonInAssignRolesModal" time="0.046"/>
  <testcase classname="create.CreatePageTests" name="TestCreateButtontocheckErrorsInTheForm" time="0.073">
    <failure type="java.lang.AssertionError" message="No Errors Found expected [true] but found [false]">
      <![CDATA[java.lang.AssertionError: No Errors Found expected [true] but found [false]
at create.CreatePageTests.TestCreateButtontocheckErrorsInTheForm(CreatePageTests.java:876)
at java.base/java.util.ArrayList.forEach(ArrayList.java:1511)
... Removed 30 stack frames]]>
    </failure>
  </testcase> <!-- TestCreateButtontocheckErrorsInTheForm -->
  <testcase classname="create.CreatePageTests" name="TestCreateButtontocheckErrorsAfterSubmit" time="9.757">
    <failure type="java.lang.AssertionError" message="expected [true] but found [false]">
      <![CDATA[java.lang.AssertionError: expected [true] but found [false]
at create.CreatePageTests.TestCreateButtontocheckErrorsAfterSubmit(CreatePageTests.java:892)
at java.base/java.util.ArrayList.forEach(ArrayList.java:1511)
... Removed 31 stack frames]]>
    </failure>
  </testcase> <!-- TestCreateButtontocheckErrorsAfterSubmit -->
  <testcase classname="create.CreatePageTests" name="TestCreateButtontocheckSuccessMessageAfterSubmit" time="0.093"/>
  <testcase classname="create.CreatePageTests" name="TestIPAddress" time="766.977"/>
  <testcase classname="create.CreatePageTests" name="TestMaxGroupCount" time="0.0">
    <ignored/>
  </testcase> <!-- TestMaxGroupCount -->
  <testcase classname="create.CreatePageTests" name="TestVMBackupSwitchOff" time="0.0">
    <ignored/>
  </testcase> <!-- TestVMBackupSwitchOff -->
  <testcase classname="create.CreatePageTests" name="TestTemplateCheckBoxUnChecked" time="0.0">
    <ignored/>
  </testcase> <!-- TestTemplateCheckBoxUnChecked -->
  <testcase classname="create.CreatePageTests" name="TestDiskForHorizontalScaling" time="0.0">
    <ignored/>
  </testcase> <!-- TestDiskForHorizontalScaling -->
  <testcase classname="create.CreatePageTests" name="TestLoadBalancerOn" time="0.0">
    <ignored/>
  </testcase> <!-- TestLoadBalancerOn -->
  <testcase classname="create.CreatePageTests" name="TestLoadBalancerOff" time="0.0">
    <ignored/>
  </testcase> <!-- TestLoadBalancerOff -->
  <testcase classname="create.CreatePageTests" name="TestVerticalSwitchOff" time="0.0">
    <ignored/>
  </testcase> <!-- TestVerticalSwitchOff -->
  <testcase classname="create.CreatePageTests" name="TestTemplateCheckBoxChecked" time="0.0">
    <ignored/>
  </testcase> <!-- TestTemplateCheckBoxChecked -->
  <testcase classname="create.CreatePageTests" name="TestSavedTemplatesRadioButton" time="0.0">
    <ignored/>
  </testcase> <!-- TestSavedTemplatesRadioButton -->
  <testcase classname="create.CreatePageTests" name="TestCustomRadioButton" time="0.0">
    <ignored/>
  </testcase> <!-- TestCustomRadioButton -->
  <testcase classname="create.CreatePageTests" name="TestHorizontalSwitchOn" time="0.0">
    <ignored/>
  </testcase> <!-- TestHorizontalSwitchOn -->
  <testcase classname="create.CreatePageTests" name="TestErrorAlertBoxOfVcpu" time="0.0">
    <ignored/>
  </testcase> <!-- TestErrorAlertBoxOfVcpu -->
  <testcase classname="create.CreatePageTests" name="TestErrorAlertBoxOfRAM" time="0.0">
    <ignored/>
  </testcase> <!-- TestErrorAlertBoxOfRAM -->
  <testcase classname="create.CreatePageTests" name="TestHorizontalSwitchOff" time="0.0">
    <ignored/>
  </testcase> <!-- TestHorizontalSwitchOff -->
  <testcase classname="create.CreatePageTests" name="TestVcpuForHorizontalScaling" time="0.0">
    <ignored/>
  </testcase> <!-- TestVcpuForHorizontalScaling -->
  <testcase classname="create.CreatePageTests" name="TestSavedTemplatesDropDown" time="0.0">
    <ignored/>
  </testcase> <!-- TestSavedTemplatesDropDown -->
  <testcase classname="create.CreatePageTests" name="TestRAMForhorizontalScaling" time="0.0">
    <ignored/>
  </testcase> <!-- TestRAMForhorizontalScaling -->
  <testcase classname="create.CreatePageTests" name="TestVMNameTextBoxForHorizontal" time="0.0">
    <ignored/>
  </testcase> <!-- TestVMNameTextBoxForHorizontal -->
  <testcase classname="create.CreatePageTests" name="TestSIEMSwitchOff" time="0.0">
    <ignored/>
  </testcase> <!-- TestSIEMSwitchOff -->
  <testcase classname="setUpAndTearDown.SetAndDown" name="TestOpenLoginPage" time="0.0">
    <ignored/>
  </testcase> <!-- TestOpenLoginPage -->
</testsuite> <!-- CreatePageTests -->
