<?xml version="1.0" encoding="UTF-8"?>
<!-- Generated by org.testng.reporters.JUnitXMLReporter -->
<testsuite ignored="6" hostname="DESKTOP-KMOGL3M" failures="1" tests="1" name="InValidLogin" time="10.874" errors="0" timestamp="2024-11-20T17:04:08 IST">
  <testcase classname="Login.LoginPageTests" name="LoginWithInValidCredentails" time="10.857">
    <failure type="java.lang.NullPointerException" message="Cannot invoke &amp;quot;org.openqa.selenium.WebDriver.getClass()&amp;quot; because &amp;quot;exceptionDriver&amp;quot; is null">
      <![CDATA[java.lang.NullPointerException: Cannot invoke "org.openqa.selenium.WebDriver.getClass()" because "exceptionDriver" is null
at org.openqa.selenium.support.ui.WebDriverWait.timeoutException(WebDriverWait.java:85)
at org.openqa.selenium.support.ui.FluentWait.until(FluentWait.java:228)
at Login.LoginPageTests.LoginWithInValidCredentails(LoginPageTests.java:77)
at java.base/java.util.ArrayList.forEach(ArrayList.java:1511)
... Removed 27 stack frames]]>
    </failure>
  </testcase> <!-- LoginWithInValidCredentails -->
  <testcase classname="Login.LoginPageTests" name="TestEmptyUserName" time="0.0">
    <ignored/>
  </testcase> <!-- TestEmptyUserName -->
  <testcase classname="Login.LoginPageTests" name="TestValidPassword" time="0.0">
    <ignored/>
  </testcase> <!-- TestValidPassword -->
  <testcase classname="Login.LoginPageTests" name="LoginWithValidCredentails" time="0.0">
    <ignored/>
  </testcase> <!-- LoginWithValidCredentails -->
  <testcase classname="Login.LoginPageTests" name="TestEmptyPassword" time="0.0">
    <ignored/>
  </testcase> <!-- TestEmptyPassword -->
  <testcase classname="setUpAndTearDown.SetAndDown" name="TestOpenLoginPage" time="0.0">
    <ignored/>
  </testcase> <!-- TestOpenLoginPage -->
  <testcase classname="Login.LoginPageTests" name="TestValidUserName" time="0.0">
    <ignored/>
  </testcase> <!-- TestValidUserName -->
</testsuite> <!-- InValidLogin -->
