<?xml version="1.0" encoding="UTF-8"?>
<!-- Generated by org.testng.reporters.JUnitXMLReporter -->
<testsuite ignored="15" hostname="DESKTOP-KMOGL3M" failures="1" tests="1" name="LoginTestScenario" time="12.112" errors="0" timestamp="2024-12-12T15:31:41 IST">
  <testcase classname="Login.LoginPageTests" name="TestLoginWithvalidCredentialsUsingRightCaptcha" time="10.376">
    <failure type="org.openqa.selenium.TimeoutException" message="Expected condition failed: waiting for value to contain &amp;quot;display: block;&amp;quot;. (tried for 10 second(s) with 500 milliseconds interval)
Build info: version: &amp;apos;4.23.1&amp;apos;, revision: &amp;apos;656257d8e9&amp;apos;
System info: os.name: &amp;apos;Windows 10&amp;apos;, os.arch: &amp;apos;amd64&amp;apos;, os.version: &amp;apos;10.0&amp;apos;, java.version: &amp;apos;17.0.12&amp;apos;
Driver info: org.openqa.selenium.chrome.ChromeDriver
Capabilities {acceptInsecureCerts: false, browserName: chrome, browserVersion: 131.0.6778.110, chrome: {chromedriverVersion: 131.0.6778.108 (3b014839fbc..., userDataDir: C:\Users\santosh\AppData\Lo...}, fedcm:accounts: true, goog:chromeOptions: {debuggerAddress: localhost:50045}, networkConnectionEnabled: false, pageLoadStrategy: normal, platformName: windows, proxy: Proxy(), se:cdp: ws://localhost:50045/devtoo..., se:cdpVersion: 131.0.6778.110, setWindowRect: true, strictFileInteractability: false, timeouts: {implicit: 0, pageLoad: 300000, script: 30000}, unhandledPromptBehavior: dismiss and notify, webauthn:extension:credBlob: true, webauthn:extension:largeBlob: true, webauthn:extension:minPinLength: true, webauthn:extension:prf: true, webauthn:virtualAuthenticators: true}
Session ID: a96a4ce6bb7119a112fe94820fb78e97">
      <![CDATA[org.openqa.selenium.TimeoutException: Expected condition failed: waiting for value to contain "display: block;". (tried for 10 second(s) with 500 milliseconds interval)
Build info: version: '4.23.1', revision: '656257d8e9'
System info: os.name: 'Windows 10', os.arch: 'amd64', os.version: '10.0', java.version: '17.0.12'
Driver info: org.openqa.selenium.chrome.ChromeDriver
Capabilities {acceptInsecureCerts: false, browserName: chrome, browserVersion: 131.0.6778.110, chrome: {chromedriverVersion: 131.0.6778.108 (3b014839fbc..., userDataDir: C:\Users\santosh\AppData\Lo...}, fedcm:accounts: true, goog:chromeOptions: {debuggerAddress: localhost:50045}, networkConnectionEnabled: false, pageLoadStrategy: normal, platformName: windows, proxy: Proxy(), se:cdp: ws://localhost:50045/devtoo..., se:cdpVersion: 131.0.6778.110, setWindowRect: true, strictFileInteractability: false, timeouts: {implicit: 0, pageLoad: 300000, script: 30000}, unhandledPromptBehavior: dismiss and notify, webauthn:extension:credBlob: true, webauthn:extension:largeBlob: true, webauthn:extension:minPinLength: true, webauthn:extension:prf: true, webauthn:virtualAuthenticators: true}
Session ID: a96a4ce6bb7119a112fe94820fb78e97
at org.openqa.selenium.support.ui.WebDriverWait.timeoutException(WebDriverWait.java:84)
at org.openqa.selenium.support.ui.FluentWait.until(FluentWait.java:228)
at Login.LoginPageTests.TestLoginWithvalidCredentialsUsingRightCaptcha(LoginPageTests.java:101)
at java.base/java.util.ArrayList.forEach(ArrayList.java:1511)
... Removed 27 stack frames]]>
    </failure>
  </testcase> <!-- TestLoginWithvalidCredentialsUsingRightCaptcha -->
  <testcase classname="Login.LoginPageTests" name="TestLoginWithValidCredentails" time="0.0">
    <ignored/>
  </testcase> <!-- TestLoginWithValidCredentails -->
  <testcase classname="Login.LoginPageTests" name="TestValidUserName" time="0.0">
    <ignored/>
  </testcase> <!-- TestValidUserName -->
  <testcase classname="Login.LoginPageTests" name="TestPasswordResetUsingEmptyEmail" time="0.0">
    <ignored/>
  </testcase> <!-- TestPasswordResetUsingEmptyEmail -->
  <testcase classname="Login.LoginPageTests" name="TestLoginWithInValidCredentails" time="0.0">
    <ignored/>
  </testcase> <!-- TestLoginWithInValidCredentails -->
  <testcase classname="Login.LoginPageTests" name="TestEmptyPassword" time="0.0">
    <ignored/>
  </testcase> <!-- TestEmptyPassword -->
  <testcase classname="Login.LoginPageTests" name="TestEmptyUserName" time="0.0">
    <ignored/>
  </testcase> <!-- TestEmptyUserName -->
  <testcase classname="Login.LoginPageTests" name="TestForgotPasswordLink" time="0.0">
    <ignored/>
  </testcase> <!-- TestForgotPasswordLink -->
  <testcase classname="Login.LoginPageTests" name="TestPasswordResetUsingRightEmail" time="0.0">
    <ignored/>
  </testcase> <!-- TestPasswordResetUsingRightEmail -->
  <testcase classname="Login.LoginPageTests" name="TestPasswordResetCancelButton" time="0.0">
    <ignored/>
  </testcase> <!-- TestPasswordResetCancelButton -->
  <testcase classname="Login.LoginPageTests" name="TestTermsOfServiceCheckBox" time="0.0">
    <ignored/>
  </testcase> <!-- TestTermsOfServiceCheckBox -->
  <testcase classname="Login.LoginPageTests" name="TestValidPassword" time="0.0">
    <ignored/>
  </testcase> <!-- TestValidPassword -->
  <testcase classname="Login.LoginPageTests" name="TestLoginWithInvalidCredentialsUsingRightCaptcha" time="0.0">
    <ignored/>
  </testcase> <!-- TestLoginWithInvalidCredentialsUsingRightCaptcha -->
  <testcase classname="Login.LoginPageTests" name="TestPasswordResetUsingWrongEmail" time="0.0">
    <ignored/>
  </testcase> <!-- TestPasswordResetUsingWrongEmail -->
  <testcase classname="Login.LoginPageTests" name="TestLoginWithvalidCredentialsUsingWrongCaptcha" time="0.0">
    <ignored/>
  </testcase> <!-- TestLoginWithvalidCredentialsUsingWrongCaptcha -->
  <testcase classname="setUpAndTearDown.SetAndDown" name="TestOpenLoginPage" time="0.0">
    <ignored/>
  </testcase> <!-- TestOpenLoginPage -->
</testsuite> <!-- LoginTestScenario -->
