<?xml version="1.0" encoding="UTF-8"?>
<!-- Generated by org.testng.reporters.JUnitXMLReporter -->
<testsuite ignored="7" hostname="DESKTOP-KMOGL3M" failures="1" tests="4" name="NetworkServicesTests" time="30.348" errors="0" timestamp="2025-01-31T13:33:24 IST">
  <testcase classname="utility.NetworkServicesPageTests" name="CertAndLogin" time="30.306">
    <failure type="org.openqa.selenium.TimeoutException" message="Expected condition failed: waiting for visibility of Proxy element for: DefaultElementLocator &amp;apos;By.xpath: //label[@for=&amp;apos;username&amp;apos;]&amp;apos; (tried for 30 second(s) with 500 milliseconds interval)">
      <![CDATA[org.openqa.selenium.TimeoutException: Expected condition failed: waiting for visibility of Proxy element for: DefaultElementLocator 'By.xpath: //label[@for='username']' (tried for 30 second(s) with 500 milliseconds interval)
at org.openqa.selenium.support.ui.WebDriverWait.timeoutException(WebDriverWait.java:84)
at org.openqa.selenium.support.ui.FluentWait.until(FluentWait.java:228)
at Login.LoginPageObjects.UsernameDisplayed(LoginPageObjects.java:64)
at Login.LoginPageTests.TestLoginWithValidCredentails(LoginPageTests.java:51)
at utility.NetworkServicesPageTests.CertAndLogin(NetworkServicesPageTests.java:34)
at java.base/java.util.ArrayList.forEach(ArrayList.java:1511)
Caused by: org.openqa.selenium.NoSuchElementException: no such element: Unable to locate element: {"method":"xpath","selector":"//label[@for='username']"}
  (Session info: chrome=132.0.6834.160)
For documentation on this error, please visit: https://www.selenium.dev/documentation/webdriver/troubleshooting/errors#no-such-element-exception
Build info: version: '4.23.1', revision: '656257d8e9'
System info: os.name: 'Windows 10', os.arch: 'amd64', os.version: '10.0', java.version: '17.0.12'
Driver info: org.openqa.selenium.chrome.ChromeDriver
Command: [e5f985a3b30a5bdebaeb39ac3eff86b8, findElement {using=xpath, value=//label[@for='username']}]
Capabilities {acceptInsecureCerts: false, browserName: chrome, browserVersion: 132.0.6834.160, chrome: {chromedriverVersion: 132.0.6834.159 (2d77d3fc445..., userDataDir: C:\Users\santosh\AppData\Lo...}, fedcm:accounts: true, goog:chromeOptions: {debuggerAddress: localhost:61188}, networkConnectionEnabled: false, pageLoadStrategy: normal, platformName: windows, proxy: Proxy(), se:cdp: ws://localhost:61188/devtoo..., se:cdpVersion: 132.0.6834.160, setWindowRect: true, strictFileInteractability: false, timeouts: {implicit: 0, pageLoad: 300000, script: 30000}, unhandledPromptBehavior: dismiss and notify, webauthn:extension:credBlob: true, webauthn:extension:largeBlob: true, webauthn:extension:minPinLength: true, webauthn:extension:prf: true, webauthn:virtualAuthenticators: true}
Session ID: e5f985a3b30a5bdebaeb39ac3eff86b8
at org.openqa.selenium.remote.ErrorCodec.decode(ErrorCodec.java:167)
at org.openqa.selenium.remote.codec.w3c.W3CHttpResponseCodec.decode(W3CHttpResponseCodec.java:138)
at org.openqa.selenium.remote.codec.w3c.W3CHttpResponseCodec.decode(W3CHttpResponseCodec.java:50)
at org.openqa.selenium.remote.HttpCommandExecutor.execute(HttpCommandExecutor.java:190)
at org.openqa.selenium.remote.service.DriverCommandExecutor.invokeExecute(DriverCommandExecutor.java:216)
at org.openqa.selenium.remote.service.DriverCommandExecutor.execute(DriverCommandExecutor.java:174)
at org.openqa.selenium.remote.RemoteWebDriver.execute(RemoteWebDriver.java:545)
at org.openqa.selenium.remote.ElementLocation$ElementFinder$2.findElement(ElementLocation.java:165)
at org.openqa.selenium.remote.ElementLocation.findElement(ElementLocation.java:59)
at org.openqa.selenium.remote.RemoteWebDriver.findElement(RemoteWebDriver.java:368)
at org.openqa.selenium.remote.RemoteWebDriver.findElement(RemoteWebDriver.java:362)
at org.openqa.selenium.support.pagefactory.DefaultElementLocator.findElement(DefaultElementLocator.java:68)
at org.openqa.selenium.support.pagefactory.internal.LocatingElementHandler.invoke(LocatingElementHandler.java:38)
at jdk.proxy2/jdk.proxy2.$Proxy14.isDisplayed(Unknown Source)
at org.openqa.selenium.support.ui.ExpectedConditions.elementIfVisible(ExpectedConditions.java:304)
at org.openqa.selenium.support.ui.ExpectedConditions$10.apply(ExpectedConditions.java:290)
at org.openqa.selenium.support.ui.ExpectedConditions$10.apply(ExpectedConditions.java:287)
at org.openqa.selenium.support.ui.FluentWait.until(FluentWait.java:203)
... 31 more
... Removed 31 stack frames]]>
    </failure>
  </testcase> <!-- CertAndLogin -->
  <testcase classname="utility.NetworkServicesPageTests" name="TestUtilityOption" time="0.001">
    <skipped/>
  </testcase> <!-- TestUtilityOption -->
  <testcase classname="utility.NetworkServicesPageTests" name="TestNetworkServicesOption" time="0.0">
    <skipped/>
  </testcase> <!-- TestNetworkServicesOption -->
  <testcase classname="utility.NetworkServicesPageTests" name="TestVlanCommunicationAddRequest" time="0.0">
    <skipped/>
  </testcase> <!-- TestVlanCommunicationAddRequest -->
  <testcase classname="utility.NetworkServicesPageTests" name="TestOpenPortAddRequest" time="0.0">
    <ignored/>
  </testcase> <!-- TestOpenPortAddRequest -->
  <testcase classname="utility.NetworkServicesPageTests" name="TestPublicIpAddRequest" time="0.0">
    <ignored/>
  </testcase> <!-- TestPublicIpAddRequest -->
  <testcase classname="utility.NetworkServicesPageTests" name="TestNetworkServicesOptions" time="0.0">
    <ignored/>
  </testcase> <!-- TestNetworkServicesOptions -->
  <testcase classname="utility.NetworkServicesPageTests" name="TestClosePortAddRequest" time="0.0">
    <ignored/>
  </testcase> <!-- TestClosePortAddRequest -->
  <testcase classname="utility.NetworkServicesPageTests" name="GetVMNamesIpAndStatusFromResourcePage" time="0.0">
    <ignored/>
  </testcase> <!-- GetVMNamesIpAndStatusFromResourcePage -->
  <testcase classname="setUpAndTearDown.SetAndDown" name="TestOpenLoginPage" time="0.0">
    <ignored/>
  </testcase> <!-- TestOpenLoginPage -->
  <testcase classname="utility.NetworkServicesPageTests" name="TestBandwidthAddRequest" time="0.0">
    <ignored/>
  </testcase> <!-- TestBandwidthAddRequest -->
</testsuite> <!-- NetworkServicesTests -->
