<?xml version="1.0" encoding="UTF-8"?>
<!-- Generated by org.testng.reporters.JUnitXMLReporter -->
<testsuite ignored="0" hostname="DESKTOP-KMOGL3M" failures="1" tests="15" name="TestLoginAllTestCases" time="193.576" errors="0" timestamp="2025-01-15T15:33:15 IST">
  <testcase classname="allLoginTests.ExecuteAllLoginTestAtOnce" name="TestValidUserName" time="16.283"/>
  <testcase classname="allLoginTests.ExecuteAllLoginTestAtOnce" name="TestEmptyUserName" time="8.509"/>
  <testcase classname="allLoginTests.ExecuteAllLoginTestAtOnce" name="TestValidPassword" time="7.558"/>
  <testcase classname="allLoginTests.ExecuteAllLoginTestAtOnce" name="TestEmptyPassword" time="11.827"/>
  <testcase classname="allLoginTests.ExecuteAllLoginTestAtOnce" name="TestLoginWithInValidCredentails" time="13.78"/>
  <testcase classname="allLoginTests.ExecuteAllLoginTestAtOnce" name="TestLoginWithValidCredentails" time="24.132"/>
  <testcase classname="allLoginTests.ExecuteAllLoginTestAtOnce" name="TestLoginWithInvalidCredentialsUsingRightCaptcha" time="11.856"/>
  <testcase classname="allLoginTests.ExecuteAllLoginTestAtOnce" name="TestLoginWithvalidCredentialsUsingRightCaptcha" time="20.351"/>
  <testcase classname="allLoginTests.ExecuteAllLoginTestAtOnce" name="TestLoginWithvalidCredentialsUsingWrongCaptcha" time="10.296"/>
  <testcase classname="allLoginTests.ExecuteAllLoginTestAtOnce" name="TestTermsOfServiceCheckBox" time="5.856"/>
  <testcase classname="allLoginTests.ExecuteAllLoginTestAtOnce" name="TestForgotPasswordLink" time="7.751"/>
  <testcase classname="allLoginTests.ExecuteAllLoginTestAtOnce" name="TestPasswordResetUsingEmptyEmail" time="9.048"/>
  <testcase classname="allLoginTests.ExecuteAllLoginTestAtOnce" name="TestPasswordResetUsingWrongEmail" time="12.082"/>
  <testcase classname="allLoginTests.ExecuteAllLoginTestAtOnce" name="TestPasswordResetUsingRightEmail" time="19.354">
    <failure type="org.openqa.selenium.TimeoutException" message="Expected condition failed: waiting for value to contain &amp;quot;display: block;&amp;quot;. (tried for 10 second(s) with 500 milliseconds interval)
Build info: version: &amp;apos;4.23.1&amp;apos;, revision: &amp;apos;656257d8e9&amp;apos;
System info: os.name: &amp;apos;Windows 10&amp;apos;, os.arch: &amp;apos;amd64&amp;apos;, os.version: &amp;apos;10.0&amp;apos;, java.version: &amp;apos;17.0.12&amp;apos;
Driver info: org.openqa.selenium.chrome.ChromeDriver
Capabilities {acceptInsecureCerts: false, browserName: chrome, browserVersion: 132.0.6834.83, chrome: {chromedriverVersion: 132.0.6834.83 (03d59cf5ecf1..., userDataDir: C:\Users\santosh\AppData\Lo...}, fedcm:accounts: true, goog:chromeOptions: {debuggerAddress: localhost:58094}, networkConnectionEnabled: false, pageLoadStrategy: normal, platformName: windows, proxy: Proxy(), se:cdp: ws://localhost:58094/devtoo..., se:cdpVersion: 132.0.6834.83, setWindowRect: true, strictFileInteractability: false, timeouts: {implicit: 0, pageLoad: 300000, script: 30000}, unhandledPromptBehavior: dismiss and notify, webauthn:extension:credBlob: true, webauthn:extension:largeBlob: true, webauthn:extension:minPinLength: true, webauthn:extension:prf: true, webauthn:virtualAuthenticators: true}
Session ID: 22a241470ed7fe873bd91d9e228bf445">
      <![CDATA[org.openqa.selenium.TimeoutException: Expected condition failed: waiting for value to contain "display: block;". (tried for 10 second(s) with 500 milliseconds interval)
Build info: version: '4.23.1', revision: '656257d8e9'
System info: os.name: 'Windows 10', os.arch: 'amd64', os.version: '10.0', java.version: '17.0.12'
Driver info: org.openqa.selenium.chrome.ChromeDriver
Capabilities {acceptInsecureCerts: false, browserName: chrome, browserVersion: 132.0.6834.83, chrome: {chromedriverVersion: 132.0.6834.83 (03d59cf5ecf1..., userDataDir: C:\Users\santosh\AppData\Lo...}, fedcm:accounts: true, goog:chromeOptions: {debuggerAddress: localhost:58094}, networkConnectionEnabled: false, pageLoadStrategy: normal, platformName: windows, proxy: Proxy(), se:cdp: ws://localhost:58094/devtoo..., se:cdpVersion: 132.0.6834.83, setWindowRect: true, strictFileInteractability: false, timeouts: {implicit: 0, pageLoad: 300000, script: 30000}, unhandledPromptBehavior: dismiss and notify, webauthn:extension:credBlob: true, webauthn:extension:largeBlob: true, webauthn:extension:minPinLength: true, webauthn:extension:prf: true, webauthn:virtualAuthenticators: true}
Session ID: 22a241470ed7fe873bd91d9e228bf445
at org.openqa.selenium.support.ui.WebDriverWait.timeoutException(WebDriverWait.java:84)
at org.openqa.selenium.support.ui.FluentWait.until(FluentWait.java:228)
at Login.LoginPageTests.TestPasswordResetUsingRightEmail(LoginPageTests.java:252)
at allLoginTests.ExecuteAllLoginTestAtOnce.TestPasswordResetUsingRightEmail(ExecuteAllLoginTestAtOnce.java:127)
at java.base/java.util.ArrayList.forEach(ArrayList.java:1511)
... Removed 27 stack frames]]>
    </failure>
  </testcase> <!-- TestPasswordResetUsingRightEmail -->
  <testcase classname="allLoginTests.ExecuteAllLoginTestAtOnce" name="TestPasswordResetCancelButton" time="12.77"/>
</testsuite> <!-- TestLoginAllTestCases -->
