<!DOCTYPE html PUBLIC "-//W3C//DTD XHTML 1.1//EN" "https://www.w3.org/TR/xhtml11/DTD/xhtml11.dtd">
<html xmlns="https://www.w3.org/1999/xhtml">
<head>
<meta http-equiv="content-type" content="text/html; charset=UTF-8"/>
<title>TestNG Report</title>
<style type="text/css">table {margin-bottom:10px;border-collapse:collapse;empty-cells:show}th,td {border:1px solid #009;padding:.25em .5em}th {vertical-align:bottom}td {vertical-align:top}table a {font-weight:bold}.stripe td {background-color: #E6EBF9}.num {text-align:right}.passedodd td {background-color: #3F3}.passedeven td {background-color: #0A0}.skippedodd td {background-color: #DDD}.skippedeven td {background-color: #CCC}.failedodd td,.attn {background-color: #F33}.failedeven td,.stripe .attn {background-color: #D00}.stacktrace {white-space:pre;font-family:monospace}.totop {font-size:85%;text-align:center;border-bottom:2px solid #000}.invisible {display:none}</style>
</head>
<body>
<table>
<tr><th>Test</th><th># Passed</th><th># Skipped</th><th># Retried</th><th># Failed</th><th>Time (ms)</th><th>Included Groups</th><th>Excluded Groups</th></tr>
<tr><th colspan="8">Suite</th></tr>
<tr><td><a href="#t0">TestUrlForValidLogin</a></td><td class="num">1</td><td class="num">0</td><td class="num">0</td><td class="num">0</td><td class="num">7,772</td><td></td><td></td></tr>
<tr class="stripe"><td><a href="#t1">CreatePageTests</a></td><td class="num">23</td><td class="num">0</td><td class="num">0</td><td class="num attn">5</td><td class="num">11,411,195</td><td>CertAndLogin, None, ClickOnCreateReource</td><td></td></tr>
<tr><th>Total</th><th class="num">24</th><th class="num">0</th><th class="num">0</th><th class="num attn">5</th><th class="num">11,418,967</th><th colspan="2"></th></tr>
</table>
<table id='summary'><thead><tr><th>Class</th><th>Method</th><th>Start</th><th>Time (ms)</th></tr></thead><tbody><tr><th colspan="4">Suite</th></tr></tbody><tbody id="t0"><tr><th colspan="4">TestUrlForValidLogin &#8212; passed</th></tr><tr class="passedeven"><td rowspan="1">setUpAndTearDown.SetAndDown</td><td><a href="#m0">TestOpenLoginPage</a></td><td rowspan="1">1734333571289</td><td rowspan="1">7708</td></tr></tbody>
<tbody id="t1"><tr><th colspan="4">CreatePageTests &#8212; failed</th></tr><tr class="failedeven"><td rowspan="5">create.CreatePageTests</td><td><a href="#m1">TestCreateButtontocheckErrorsAfterSubmit</a></td><td rowspan="1">1734333637208</td><td rowspan="1">10248</td></tr><tr class="failedeven"><td><a href="#m2">TestCreateButtontocheckErrorsInTheForm</a></td><td rowspan="1">1734333637131</td><td rowspan="1">74</td></tr><tr class="failedeven"><td><a href="#m3">TestIPAddress</a></td><td rowspan="1">1734333654572</td><td rowspan="1">11335697</td></tr><tr class="failedeven"><td><a href="#m4">TestProjectNameDropdown</a></td><td rowspan="1">1734333601370</td><td rowspan="1">10229</td></tr><tr class="failedeven"><td><a href="#m5">TestStoragePathDropdown</a></td><td rowspan="1">1734333611723</td><td rowspan="1">10104</td></tr><tr><th colspan="4">CreatePageTests &#8212; passed</th></tr><tr class="passedeven"><td rowspan="23">create.CreatePageTests</td><td><a href="#m6">CertAndLogin</a></td><td rowspan="1">1734333579087</td><td rowspan="1">17160</td></tr><tr class="passedeven"><td><a href="#m7">ClickOnCreateReource</a></td><td rowspan="1">1734333597777</td><td rowspan="1">2444</td></tr><tr class="passedeven"><td><a href="#m8">TestAssignRemoteUserButton</a></td><td rowspan="1">1734333632256</td><td rowspan="1">3680</td></tr><tr class="passedeven"><td><a href="#m9">TestAssignRemoteUserModal</a></td><td rowspan="3">1734333636186</td><td rowspan="3">422</td></tr><tr class="passedeven"><td><a href="#m10">TestAssignRemoteUserModal</a></td></tr><tr class="passedeven"><td><a href="#m11">TestAssignRemoteUserModal</a></td></tr><tr class="passedeven"><td><a href="#m12">TestBackUpFrequencyDropdown</a></td><td rowspan="1">1734333627578</td><td rowspan="1">259</td></tr><tr class="passedeven"><td><a href="#m13">TestCreateButtontocheckSuccessMessageAfterSubmit</a></td><td rowspan="1">1734333647459</td><td rowspan="1">7111</td></tr><tr class="passedeven"><td><a href="#m14">TestCustomRadioButton</a></td><td rowspan="1">1734333624601</td><td rowspan="1">90</td></tr><tr class="passedeven"><td><a href="#m15">TestDiskForHorizontalScaling</a></td><td rowspan="1">1734333625277</td><td rowspan="1">1059</td></tr><tr class="passedeven"><td><a href="#m16">TestIOPSDropdown</a></td><td rowspan="1">1734333624291</td><td rowspan="1">308</td></tr><tr class="passedeven"><td><a href="#m17">TestLocationDropdown</a></td><td rowspan="1">1734333600580</td><td rowspan="1">545</td></tr><tr class="passedeven"><td><a href="#m18">TestOSDropdown</a></td><td rowspan="1">1734333621951</td><td rowspan="1">2251</td></tr><tr class="passedeven"><td><a href="#m19">TestRAMForhorizontalScaling</a></td><td rowspan="1">1734333625059</td><td rowspan="1">136</td></tr><tr class="passedeven"><td><a href="#m20">TestRetentionPeriodDropdown</a></td><td rowspan="1">1734333627930</td><td rowspan="1">326</td></tr><tr class="passedeven"><td><a href="#m21">TestSIEMDropdown</a></td><td rowspan="1">1734333628969</td><td rowspan="1">231</td></tr><tr class="passedeven"><td><a href="#m22">TestSIEMSwitchOn</a></td><td rowspan="1">1734333628263</td><td rowspan="1">607</td></tr><tr class="passedeven"><td><a href="#m23">TestSaveRolesButtonInAssignRolesModal</a></td><td rowspan="1">1734333637087</td><td rowspan="1">41</td></tr><tr class="passedeven"><td><a href="#m24">TestTemplateCheckBoxChecked</a></td><td rowspan="1">1734333626338</td><td rowspan="1">538</td></tr><tr class="passedeven"><td><a href="#m25">TestVLANDropdown</a></td><td rowspan="1">1734333629276</td><td rowspan="1">1440</td></tr><tr class="passedeven"><td><a href="#m26">TestVMBackupSwitchOn</a></td><td rowspan="1">1734333626881</td><td rowspan="1">586</td></tr><tr class="passedeven"><td><a href="#m27">TestVMNameTextBoxForVertical</a></td><td rowspan="1">1734333630782</td><td rowspan="1">1471</td></tr><tr class="passedeven"><td><a href="#m28">TestVcpuForHorizontalScaling</a></td><td rowspan="1">1734333624784</td><td rowspan="1">175</td></tr></tbody>
</table>
<h2>TestUrlForValidLogin</h2><h3 id="m0">setUpAndTearDown.SetAndDown#TestOpenLoginPage</h3><table class="result"><tr><th class="invisible"/></tr></table><p class="totop"><a href="#summary">back to summary</a></p>
<h2>CreatePageTests</h2><h3 id="m1">create.CreatePageTests#TestCreateButtontocheckErrorsAfterSubmit</h3><table class="result"><tr><th>Exception</th></tr><tr><td><div class="stacktrace">org.openqa.selenium.NoSuchElementException: no such element: Unable to locate element: {&quot;method&quot;:&quot;css selector&quot;,&quot;selector&quot;:&quot;.toast\-message&quot;}
  (Session info: chrome=131.0.6778.140)
For documentation on this error, please visit: https://www.selenium.dev/documentation/webdriver/troubleshooting/errors#no-such-element-exception
Build info: version: &apos;4.23.1&apos;, revision: &apos;656257d8e9&apos;
System info: os.name: &apos;Windows 10&apos;, os.arch: &apos;amd64&apos;, os.version: &apos;10.0&apos;, java.version: &apos;17.0.12&apos;
Driver info: org.openqa.selenium.chrome.ChromeDriver
Command: [a625cc7e70212e6d08dfc4c6260c275a, findElement {value=toast-message, using=class name}]
Capabilities {acceptInsecureCerts: false, browserName: chrome, browserVersion: 131.0.6778.140, chrome: {chromedriverVersion: 131.0.6778.108 (3b014839fbc..., userDataDir: C:\Users\santosh\AppData\Lo...}, fedcm:accounts: true, goog:chromeOptions: {debuggerAddress: localhost:50087}, networkConnectionEnabled: false, pageLoadStrategy: normal, platformName: windows, proxy: Proxy(), se:cdp: ws://localhost:50087/devtoo..., se:cdpVersion: 131.0.6778.140, setWindowRect: true, strictFileInteractability: false, timeouts: {implicit: 0, pageLoad: 300000, script: 30000}, unhandledPromptBehavior: dismiss and notify, webauthn:extension:credBlob: true, webauthn:extension:largeBlob: true, webauthn:extension:minPinLength: true, webauthn:extension:prf: true, webauthn:virtualAuthenticators: true}
Session ID: a625cc7e70212e6d08dfc4c6260c275a
	at org.openqa.selenium.remote.ErrorCodec.decode(ErrorCodec.java:167)
	at org.openqa.selenium.remote.codec.w3c.W3CHttpResponseCodec.decode(W3CHttpResponseCodec.java:138)
	at org.openqa.selenium.remote.codec.w3c.W3CHttpResponseCodec.decode(W3CHttpResponseCodec.java:50)
	at org.openqa.selenium.remote.HttpCommandExecutor.execute(HttpCommandExecutor.java:190)
	at org.openqa.selenium.remote.service.DriverCommandExecutor.invokeExecute(DriverCommandExecutor.java:216)
	at org.openqa.selenium.remote.service.DriverCommandExecutor.execute(DriverCommandExecutor.java:174)
	at org.openqa.selenium.remote.RemoteWebDriver.execute(RemoteWebDriver.java:545)
	at org.openqa.selenium.remote.ElementLocation$ElementFinder$2.findElement(ElementLocation.java:165)
	at org.openqa.selenium.remote.ElementLocation.findElement(ElementLocation.java:59)
	at org.openqa.selenium.remote.RemoteWebDriver.findElement(RemoteWebDriver.java:368)
	at org.openqa.selenium.remote.RemoteWebDriver.findElement(RemoteWebDriver.java:362)
	at org.openqa.selenium.support.pagefactory.DefaultElementLocator.findElement(DefaultElementLocator.java:68)
	at org.openqa.selenium.support.pagefactory.internal.LocatingElementHandler.invoke(LocatingElementHandler.java:38)
	at jdk.proxy2/jdk.proxy2.$Proxy14.getText(Unknown Source)
	at create.CreatePageTests.TestCreateButtontocheckErrorsAfterSubmit(CreatePageTests.java:894)
	at java.base/java.util.ArrayList.forEach(ArrayList.java:1511)
... Removed 31 stack frames</div></td></tr></table><p class="totop"><a href="#summary">back to summary</a></p>
<h3 id="m2">create.CreatePageTests#TestCreateButtontocheckErrorsInTheForm</h3><table class="result"><tr><th>Exception</th></tr><tr><td><div class="stacktrace">java.lang.AssertionError: No Errors Found expected [true] but found [false]
	at create.CreatePageTests.TestCreateButtontocheckErrorsInTheForm(CreatePageTests.java:878)
	at java.base/java.util.ArrayList.forEach(ArrayList.java:1511)
... Removed 30 stack frames</div></td></tr></table><p class="totop"><a href="#summary">back to summary</a></p>
<h3 id="m3">create.CreatePageTests#TestIPAddress</h3><table class="result"><tr><th>Exception</th></tr><tr><td><div class="stacktrace">org.openqa.selenium.WebDriverException: disconnected: not connected to DevTools
  (failed to check if window was closed: disconnected: not connected to DevTools)
  (Session info: chrome=131.0.6778.140)
Build info: version: &apos;4.23.1&apos;, revision: &apos;656257d8e9&apos;
System info: os.name: &apos;Windows 10&apos;, os.arch: &apos;amd64&apos;, os.version: &apos;10.0&apos;, java.version: &apos;17.0.12&apos;
Driver info: org.openqa.selenium.chrome.ChromeDriver
Command: [a625cc7e70212e6d08dfc4c6260c275a, findElements {value=//table[@id=&apos;virtual_machine_list_data_table&apos;] //tr[@role=&apos;row&apos;]/th, using=xpath}]
Capabilities {acceptInsecureCerts: false, browserName: chrome, browserVersion: 131.0.6778.140, chrome: {chromedriverVersion: 131.0.6778.108 (3b014839fbc..., userDataDir: C:\Users\santosh\AppData\Lo...}, fedcm:accounts: true, goog:chromeOptions: {debuggerAddress: localhost:50087}, networkConnectionEnabled: false, pageLoadStrategy: normal, platformName: windows, proxy: Proxy(), se:cdp: ws://localhost:50087/devtoo..., se:cdpVersion: 131.0.6778.140, setWindowRect: true, strictFileInteractability: false, timeouts: {implicit: 0, pageLoad: 300000, script: 30000}, unhandledPromptBehavior: dismiss and notify, webauthn:extension:credBlob: true, webauthn:extension:largeBlob: true, webauthn:extension:minPinLength: true, webauthn:extension:prf: true, webauthn:virtualAuthenticators: true}
Session ID: a625cc7e70212e6d08dfc4c6260c275a
	at org.openqa.selenium.remote.ErrorCodec.decode(ErrorCodec.java:167)
	at org.openqa.selenium.remote.codec.w3c.W3CHttpResponseCodec.decode(W3CHttpResponseCodec.java:138)
	at org.openqa.selenium.remote.codec.w3c.W3CHttpResponseCodec.decode(W3CHttpResponseCodec.java:50)
	at org.openqa.selenium.remote.HttpCommandExecutor.execute(HttpCommandExecutor.java:190)
	at org.openqa.selenium.remote.service.DriverCommandExecutor.invokeExecute(DriverCommandExecutor.java:216)
	at org.openqa.selenium.remote.service.DriverCommandExecutor.execute(DriverCommandExecutor.java:174)
	at org.openqa.selenium.remote.RemoteWebDriver.execute(RemoteWebDriver.java:545)
	at org.openqa.selenium.remote.ElementLocation$ElementFinder$2.findElements(ElementLocation.java:182)
	at org.openqa.selenium.remote.ElementLocation.findElements(ElementLocation.java:103)
	at org.openqa.selenium.remote.RemoteWebDriver.findElements(RemoteWebDriver.java:381)
	at org.openqa.selenium.remote.RemoteWebDriver.findElements(RemoteWebDriver.java:375)
	at org.openqa.selenium.support.pagefactory.DefaultElementLocator.findElements(DefaultElementLocator.java:83)
	at org.openqa.selenium.support.pagefactory.internal.LocatingElementListHandler.invoke(LocatingElementListHandler.java:36)
	at jdk.proxy2/jdk.proxy2.$Proxy15.size(Unknown Source)
	at create.CreatePageTests.ListOfVmNames(CreatePageTests.java:980)
	at create.CreatePageTests.TestIPAddress(CreatePageTests.java:970)
	at java.base/java.util.ArrayList.forEach(ArrayList.java:1511)
... Removed 32 stack frames</div></td></tr></table><p class="totop"><a href="#summary">back to summary</a></p>
<h3 id="m4">create.CreatePageTests#TestProjectNameDropdown</h3><table class="result"><tr class="param"><th>Parameter #1</th></tr><tr class="param stripe"><td>AT_Testing</td></tr><tr><th>Exception</th></tr><tr><td><div class="stacktrace">org.openqa.selenium.TimeoutException: Expected condition failed: waiting for create.CreatePageTests$7@2287395 (tried for 10 second(s) with 500 milliseconds interval)
Build info: version: &apos;4.23.1&apos;, revision: &apos;656257d8e9&apos;
System info: os.name: &apos;Windows 10&apos;, os.arch: &apos;amd64&apos;, os.version: &apos;10.0&apos;, java.version: &apos;17.0.12&apos;
Driver info: org.openqa.selenium.chrome.ChromeDriver
Capabilities {acceptInsecureCerts: false, browserName: chrome, browserVersion: 131.0.6778.140, chrome: {chromedriverVersion: 131.0.6778.108 (3b014839fbc..., userDataDir: C:\Users\santosh\AppData\Lo...}, fedcm:accounts: true, goog:chromeOptions: {debuggerAddress: localhost:50087}, networkConnectionEnabled: false, pageLoadStrategy: normal, platformName: windows, proxy: Proxy(), se:cdp: ws://localhost:50087/devtoo..., se:cdpVersion: 131.0.6778.140, setWindowRect: true, strictFileInteractability: false, timeouts: {implicit: 0, pageLoad: 300000, script: 30000}, unhandledPromptBehavior: dismiss and notify, webauthn:extension:credBlob: true, webauthn:extension:largeBlob: true, webauthn:extension:minPinLength: true, webauthn:extension:prf: true, webauthn:virtualAuthenticators: true}
Session ID: a625cc7e70212e6d08dfc4c6260c275a
	at org.openqa.selenium.support.ui.WebDriverWait.timeoutException(WebDriverWait.java:84)
	at org.openqa.selenium.support.ui.FluentWait.until(FluentWait.java:228)
	at create.CreatePageTests.CustomeWait(CreatePageTests.java:1065)
	at create.CreatePageTests.TestProjectNameDropdown(CreatePageTests.java:67)
	at java.base/java.util.ArrayList.forEach(ArrayList.java:1511)
... Removed 27 stack frames</div></td></tr></table><p class="totop"><a href="#summary">back to summary</a></p>
<h3 id="m5">create.CreatePageTests#TestStoragePathDropdown</h3><table class="result"><tr class="param"><th>Parameter #1</th></tr><tr class="param stripe"><td>Storage_Linux_Sep17 - 850GB</td></tr><tr><th>Exception</th></tr><tr><td><div class="stacktrace">java.lang.AssertionError: Given Value Storage_Linux_Sep17 - 850GB is not available in the dropdown expected [true] but found [false]
	at create.CreatePageTests.TestStoragePathDropdown(CreatePageTests.java:92)
	at java.base/java.util.ArrayList.forEach(ArrayList.java:1511)
... Removed 30 stack frames</div></td></tr></table><p class="totop"><a href="#summary">back to summary</a></p>
<h3 id="m6">create.CreatePageTests#CertAndLogin</h3><table class="result"><tr><th class="invisible"/></tr></table><p class="totop"><a href="#summary">back to summary</a></p>
<h3 id="m7">create.CreatePageTests#ClickOnCreateReource</h3><table class="result"><tr class="param"><th>Parameter #1</th></tr><tr class="param stripe"><td>Linux CLI</td></tr></table><p class="totop"><a href="#summary">back to summary</a></p>
<h3 id="m8">create.CreatePageTests#TestAssignRemoteUserButton</h3><table class="result"><tr><th class="invisible"/></tr></table><p class="totop"><a href="#summary">back to summary</a></p>
<h3 id="m9">create.CreatePageTests#TestAssignRemoteUserModal</h3><table class="result"><tr class="param"><th>Parameter #1</th><th>Parameter #2</th><th>Parameter #3</th></tr><tr class="param stripe"><td>No</td><td>lead2</td><td>user</td></tr></table><p class="totop"><a href="#summary">back to summary</a></p>
<h3 id="m10">create.CreatePageTests#TestAssignRemoteUserModal</h3><table class="result"><tr class="param"><th>Parameter #1</th><th>Parameter #2</th><th>Parameter #3</th></tr><tr class="param stripe"><td>No</td><td>lead3</td><td>admin</td></tr></table><p class="totop"><a href="#summary">back to summary</a></p>
<h3 id="m11">create.CreatePageTests#TestAssignRemoteUserModal</h3><table class="result"><tr class="param"><th>Parameter #1</th><th>Parameter #2</th><th>Parameter #3</th></tr><tr class="param stripe"><td>No</td><td>karthik</td><td>admin</td></tr></table><p class="totop"><a href="#summary">back to summary</a></p>
<h3 id="m12">create.CreatePageTests#TestBackUpFrequencyDropdown</h3><table class="result"><tr class="param"><th>Parameter #1</th></tr><tr class="param stripe"><td>Daily</td></tr></table><p class="totop"><a href="#summary">back to summary</a></p>
<h3 id="m13">create.CreatePageTests#TestCreateButtontocheckSuccessMessageAfterSubmit</h3><table class="result"><tr><th class="invisible"/></tr></table><p class="totop"><a href="#summary">back to summary</a></p>
<h3 id="m14">create.CreatePageTests#TestCustomRadioButton</h3><table class="result"><tr><th class="invisible"/></tr></table><p class="totop"><a href="#summary">back to summary</a></p>
<h3 id="m15">create.CreatePageTests#TestDiskForHorizontalScaling</h3><table class="result"><tr class="param"><th>Parameter #1</th></tr><tr class="param stripe"><td>32</td></tr></table><p class="totop"><a href="#summary">back to summary</a></p>
<h3 id="m16">create.CreatePageTests#TestIOPSDropdown</h3><table class="result"><tr class="param"><th>Parameter #1</th></tr><tr class="param stripe"><td>200</td></tr></table><p class="totop"><a href="#summary">back to summary</a></p>
<h3 id="m17">create.CreatePageTests#TestLocationDropdown</h3><table class="result"><tr class="param"><th>Parameter #1</th></tr><tr class="param stripe"><td>Mysuru, India</td></tr></table><p class="totop"><a href="#summary">back to summary</a></p>
<h3 id="m18">create.CreatePageTests#TestOSDropdown</h3><table class="result"><tr class="param"><th>Parameter #1</th><th>Parameter #2</th></tr><tr class="param stripe"><td>Ubuntu 22.04 LTS (CLI)</td><td>Storage_Linux_Sep17 - 850GB</td></tr></table><p class="totop"><a href="#summary">back to summary</a></p>
<h3 id="m19">create.CreatePageTests#TestRAMForhorizontalScaling</h3><table class="result"><tr class="param"><th>Parameter #1</th></tr><tr class="param stripe"><td>2</td></tr></table><p class="totop"><a href="#summary">back to summary</a></p>
<h3 id="m20">create.CreatePageTests#TestRetentionPeriodDropdown</h3><table class="result"><tr class="param"><th>Parameter #1</th></tr><tr class="param stripe"><td>3 days</td></tr></table><p class="totop"><a href="#summary">back to summary</a></p>
<h3 id="m21">create.CreatePageTests#TestSIEMDropdown</h3><table class="result"><tr class="param"><th>Parameter #1</th></tr><tr class="param stripe"><td>SIEM_TEST_Server2 - 10.150.37.49</td></tr></table><p class="totop"><a href="#summary">back to summary</a></p>
<h3 id="m22">create.CreatePageTests#TestSIEMSwitchOn</h3><table class="result"><tr><th class="invisible"/></tr></table><p class="totop"><a href="#summary">back to summary</a></p>
<h3 id="m23">create.CreatePageTests#TestSaveRolesButtonInAssignRolesModal</h3><table class="result"><tr><th class="invisible"/></tr></table><p class="totop"><a href="#summary">back to summary</a></p>
<h3 id="m24">create.CreatePageTests#TestTemplateCheckBoxChecked</h3><table class="result"><tr><th class="invisible"/></tr></table><p class="totop"><a href="#summary">back to summary</a></p>
<h3 id="m25">create.CreatePageTests#TestVLANDropdown</h3><table class="result"><tr class="param"><th>Parameter #1</th></tr><tr class="param stripe"><td>10.150.37.0 - karthik</td></tr></table><p class="totop"><a href="#summary">back to summary</a></p>
<h3 id="m26">create.CreatePageTests#TestVMBackupSwitchOn</h3><table class="result"><tr><th class="invisible"/></tr></table><p class="totop"><a href="#summary">back to summary</a></p>
<h3 id="m27">create.CreatePageTests#TestVMNameTextBoxForVertical</h3><table class="result"><tr class="param"><th>Parameter #1</th><th>Parameter #2</th></tr><tr class="param stripe"><td>test7,test8,test9</td><td>3</td></tr></table><p class="totop"><a href="#summary">back to summary</a></p>
<h3 id="m28">create.CreatePageTests#TestVcpuForHorizontalScaling</h3><table class="result"><tr class="param"><th>Parameter #1</th></tr><tr class="param stripe"><td>2</td></tr></table><p class="totop"><a href="#summary">back to summary</a></p>
</body>
</html>
