<!DOCTYPE html>

<html>
  <head>
  <meta charset='utf-8'>
  <title>TestNG reports</title>

    <link type="text/css" href="testng-reports1.css" rel="stylesheet" id="ultra" />
    <link type="text/css" href="testng-reports.css" rel="stylesheet" id="retro" disabled="false"/>
    <script type="text/javascript" src="jquery-3.6.0.min.js"></script>
    <script type="text/javascript" src="testng-reports.js"></script>
    <script type="text/javascript" src="https://www.google.com/jsapi"></script>
    <script type='text/javascript'>
      google.load('visualization', '1', {packages:['table']});
      google.setOnLoadCallback(drawTable);
      var suiteTableInitFunctions = new Array();
      var suiteTableData = new Array();
    </script>
    <!--
      <script type="text/javascript" src="jquery-ui/js/jquery-ui-1.8.16.custom.min.js"></script>
     -->
  </head>

  <body>    <div class="top-banner-root">
      <span class="top-banner-title-font">Test results</span>
      <button id="button" class="button">Switch Retro Theme</button> <!-- button -->
      <br/>
      <span class="top-banner-font-1">1 suite, 5 failed tests</span>
    </div> <!-- top-banner-root -->
    <div class="navigator-root">
      <div class="navigator-suite-header">
        <span>All suites</span>
        <a href="#" title="Collapse/expand all the suites" class="collapse-all-link">
          <img src="collapseall.gif" class="collapse-all-icon">
          </img> <!-- collapse-all-icon -->
        </a> <!-- collapse-all-link -->
      </div> <!-- navigator-suite-header -->
      <div class="suite">
        <div class="rounded-window">
          <div class="suite-header light-rounded-window-top">
            <a href="#" panel-name="suite-Suite" class="navigator-link">
              <span class="suite-name border-failed">Suite</span>
            </a> <!-- navigator-link -->
          </div> <!-- suite-header light-rounded-window-top -->
          <div class="navigator-suite-content">
            <div class="suite-section-title">
              <span>Info</span>
            </div> <!-- suite-section-title -->
            <div class="suite-section-content">
              <ul>
                <li>
                  <a href="#" panel-name="test-xml-Suite" class="navigator-link ">
                    <span>C:\Users\santosh\Downloads\SSP\CPNone.xml</span>
                  </a> <!-- navigator-link  -->
                </li>
                <li>
                  <a href="#" panel-name="testlist-Suite" class="navigator-link ">
                    <span class="test-stats">2 tests</span>
                  </a> <!-- navigator-link  -->
                </li>
                <li>
                  <a href="#" panel-name="group-Suite" class="navigator-link ">
                    <span>29 groups</span>
                  </a> <!-- navigator-link  -->
                </li>
                <li>
                  <a href="#" panel-name="times-Suite" class="navigator-link ">
                    <span>Times</span>
                  </a> <!-- navigator-link  -->
                </li>
                <li>
                  <a href="#" panel-name="reporter-Suite" class="navigator-link ">
                    <span>Reporter output</span>
                  </a> <!-- navigator-link  -->
                </li>
                <li>
                  <a href="#" panel-name="ignored-methods-Suite" class="navigator-link ">
                    <span>Ignored methods</span>
                  </a> <!-- navigator-link  -->
                </li>
                <li>
                  <a href="#" panel-name="chronological-Suite" class="navigator-link ">
                    <span>Chronological view</span>
                  </a> <!-- navigator-link  -->
                </li>
              </ul>
            </div> <!-- suite-section-content -->
            <div class="result-section">
              <div class="suite-section-title">
                <span>Results</span>
              </div> <!-- suite-section-title -->
              <div class="suite-section-content">
                <ul>
                  <li>
                    <span class="method-stats">29 methods, 5 failed,   24 passed</span>
                  </li>
                  <li>
                    <span class="method-list-title failed">Failed methods</span>
                    <span class="show-or-hide-methods failed">
                      <a href="#" panel-name="suite-Suite" class="hide-methods failed suite-Suite"> (hide)</a> <!-- hide-methods failed suite-Suite -->
                      <a href="#" panel-name="suite-Suite" class="show-methods failed suite-Suite"> (show)</a> <!-- show-methods failed suite-Suite -->
                    </span>
                    <div class="method-list-content failed suite-Suite">
                      <span>
                        <img src="failed.png" width="3%"/>
                        <a href="#" panel-name="suite-Suite" title="create.CreatePageTests" class="method navigator-link" hash-for-method="TestCreateButtontocheckErrorsAfterSubmit">TestCreateButtontocheckErrorsAfterSubmit</a> <!-- method navigator-link -->
                      </span>
                      <br/>
                      <span>
                        <img src="failed.png" width="3%"/>
                        <a href="#" panel-name="suite-Suite" title="create.CreatePageTests" class="method navigator-link" hash-for-method="TestCreateButtontocheckErrorsInTheForm">TestCreateButtontocheckErrorsInTheForm</a> <!-- method navigator-link -->
                      </span>
                      <br/>
                      <span>
                        <img src="failed.png" width="3%"/>
                        <a href="#" panel-name="suite-Suite" title="create.CreatePageTests" class="method navigator-link" hash-for-method="TestIPAddress">TestIPAddress</a> <!-- method navigator-link -->
                      </span>
                      <br/>
                      <span>
                        <img src="failed.png" width="3%"/>
                        <a href="#" panel-name="suite-Suite" title="create.CreatePageTests" class="method navigator-link" hash-for-method="TestProjectNameDropdown(AT_Testing)">TestProjectNameDropdown(AT_Testing)</a> <!-- method navigator-link -->
                      </span>
                      <br/>
                      <span>
                        <img src="failed.png" width="3%"/>
                        <a href="#" panel-name="suite-Suite" title="create.CreatePageTests" class="method navigator-link" hash-for-method="TestStoragePathDropdown(Storage_Linux_Sep17 - 850GB)">TestStoragePathDropdown(Storage_Linux_Sep17 - 850GB)</a> <!-- method navigator-link -->
                      </span>
                      <br/>
                    </div> <!-- method-list-content failed suite-Suite -->
                  </li>
                  <li>
                    <span class="method-list-title passed">Passed methods</span>
                    <span class="show-or-hide-methods passed">
                      <a href="#" panel-name="suite-Suite" class="hide-methods passed suite-Suite"> (hide)</a> <!-- hide-methods passed suite-Suite -->
                      <a href="#" panel-name="suite-Suite" class="show-methods passed suite-Suite"> (show)</a> <!-- show-methods passed suite-Suite -->
                    </span>
                    <div class="method-list-content passed suite-Suite">
                      <span>
                        <img src="passed.png" width="3%"/>
                        <a href="#" panel-name="suite-Suite" title="create.CreatePageTests" class="method navigator-link" hash-for-method="CertAndLogin">CertAndLogin</a> <!-- method navigator-link -->
                      </span>
                      <br/>
                      <span>
                        <img src="passed.png" width="3%"/>
                        <a href="#" panel-name="suite-Suite" title="create.CreatePageTests" class="method navigator-link" hash-for-method="ClickOnCreateReource(Linux CLI)">ClickOnCreateReource(Linux CLI)</a> <!-- method navigator-link -->
                      </span>
                      <br/>
                      <span>
                        <img src="passed.png" width="3%"/>
                        <a href="#" panel-name="suite-Suite" title="create.CreatePageTests" class="method navigator-link" hash-for-method="TestAssignRemoteUserButton">TestAssignRemoteUserButton</a> <!-- method navigator-link -->
                      </span>
                      <br/>
                      <span>
                        <img src="passed.png" width="3%"/>
                        <a href="#" panel-name="suite-Suite" title="create.CreatePageTests" class="method navigator-link" hash-for-method="TestAssignRemoteUserModal(No, lead2, user)">TestAssignRemoteUserModal(No, lead2, user)</a> <!-- method navigator-link -->
                      </span>
                      <br/>
                      <span>
                        <img src="passed.png" width="3%"/>
                        <a href="#" panel-name="suite-Suite" title="create.CreatePageTests" class="method navigator-link" hash-for-method="TestAssignRemoteUserModal(No, lead3, admin)">TestAssignRemoteUserModal(No, lead3, admin)</a> <!-- method navigator-link -->
                      </span>
                      <br/>
                      <span>
                        <img src="passed.png" width="3%"/>
                        <a href="#" panel-name="suite-Suite" title="create.CreatePageTests" class="method navigator-link" hash-for-method="TestAssignRemoteUserModal(No, karthik, admin)">TestAssignRemoteUserModal(No, karthik, admin)</a> <!-- method navigator-link -->
                      </span>
                      <br/>
                      <span>
                        <img src="passed.png" width="3%"/>
                        <a href="#" panel-name="suite-Suite" title="create.CreatePageTests" class="method navigator-link" hash-for-method="TestBackUpFrequencyDropdown(Daily)">TestBackUpFrequencyDropdown(Daily)</a> <!-- method navigator-link -->
                      </span>
                      <br/>
                      <span>
                        <img src="passed.png" width="3%"/>
                        <a href="#" panel-name="suite-Suite" title="create.CreatePageTests" class="method navigator-link" hash-for-method="TestCreateButtontocheckSuccessMessageAfterSubmit">TestCreateButtontocheckSuccessMessageAfterSubmit</a> <!-- method navigator-link -->
                      </span>
                      <br/>
                      <span>
                        <img src="passed.png" width="3%"/>
                        <a href="#" panel-name="suite-Suite" title="create.CreatePageTests" class="method navigator-link" hash-for-method="TestCustomRadioButton">TestCustomRadioButton</a> <!-- method navigator-link -->
                      </span>
                      <br/>
                      <span>
                        <img src="passed.png" width="3%"/>
                        <a href="#" panel-name="suite-Suite" title="create.CreatePageTests" class="method navigator-link" hash-for-method="TestDiskForHorizontalScaling(32)">TestDiskForHorizontalScaling(32)</a> <!-- method navigator-link -->
                      </span>
                      <br/>
                      <span>
                        <img src="passed.png" width="3%"/>
                        <a href="#" panel-name="suite-Suite" title="create.CreatePageTests" class="method navigator-link" hash-for-method="TestIOPSDropdown(200)">TestIOPSDropdown(200)</a> <!-- method navigator-link -->
                      </span>
                      <br/>
                      <span>
                        <img src="passed.png" width="3%"/>
                        <a href="#" panel-name="suite-Suite" title="create.CreatePageTests" class="method navigator-link" hash-for-method="TestLocationDropdown(Mysuru, India)">TestLocationDropdown(Mysuru, India)</a> <!-- method navigator-link -->
                      </span>
                      <br/>
                      <span>
                        <img src="passed.png" width="3%"/>
                        <a href="#" panel-name="suite-Suite" title="create.CreatePageTests" class="method navigator-link" hash-for-method="TestOSDropdown(Ubuntu 22.04 LTS (CLI), Storage_Linux_Sep17 - 850GB)">TestOSDropdown(Ubuntu 22.04 LTS (CLI), Storage_Linux_Sep17 - 850GB)</a> <!-- method navigator-link -->
                      </span>
                      <br/>
                      <span>
                        <img src="passed.png" width="3%"/>
                        <a href="#" panel-name="suite-Suite" title="setUpAndTearDown.SetAndDown" class="method navigator-link" hash-for-method="TestOpenLoginPage">TestOpenLoginPage</a> <!-- method navigator-link -->
                      </span>
                      <br/>
                      <span>
                        <img src="passed.png" width="3%"/>
                        <a href="#" panel-name="suite-Suite" title="create.CreatePageTests" class="method navigator-link" hash-for-method="TestRAMForhorizontalScaling(2)">TestRAMForhorizontalScaling(2)</a> <!-- method navigator-link -->
                      </span>
                      <br/>
                      <span>
                        <img src="passed.png" width="3%"/>
                        <a href="#" panel-name="suite-Suite" title="create.CreatePageTests" class="method navigator-link" hash-for-method="TestRetentionPeriodDropdown(3 days)">TestRetentionPeriodDropdown(3 days)</a> <!-- method navigator-link -->
                      </span>
                      <br/>
                      <span>
                        <img src="passed.png" width="3%"/>
                        <a href="#" panel-name="suite-Suite" title="create.CreatePageTests" class="method navigator-link" hash-for-method="TestSIEMDropdown(SIEM_TEST_Server2 - 10.150.37.49)">TestSIEMDropdown(SIEM_TEST_Server2 - 10.150.37.49)</a> <!-- method navigator-link -->
                      </span>
                      <br/>
                      <span>
                        <img src="passed.png" width="3%"/>
                        <a href="#" panel-name="suite-Suite" title="create.CreatePageTests" class="method navigator-link" hash-for-method="TestSIEMSwitchOn">TestSIEMSwitchOn</a> <!-- method navigator-link -->
                      </span>
                      <br/>
                      <span>
                        <img src="passed.png" width="3%"/>
                        <a href="#" panel-name="suite-Suite" title="create.CreatePageTests" class="method navigator-link" hash-for-method="TestSaveRolesButtonInAssignRolesModal">TestSaveRolesButtonInAssignRolesModal</a> <!-- method navigator-link -->
                      </span>
                      <br/>
                      <span>
                        <img src="passed.png" width="3%"/>
                        <a href="#" panel-name="suite-Suite" title="create.CreatePageTests" class="method navigator-link" hash-for-method="TestTemplateCheckBoxChecked">TestTemplateCheckBoxChecked</a> <!-- method navigator-link -->
                      </span>
                      <br/>
                      <span>
                        <img src="passed.png" width="3%"/>
                        <a href="#" panel-name="suite-Suite" title="create.CreatePageTests" class="method navigator-link" hash-for-method="TestVLANDropdown(10.150.37.0 - karthik)">TestVLANDropdown(10.150.37.0 - karthik)</a> <!-- method navigator-link -->
                      </span>
                      <br/>
                      <span>
                        <img src="passed.png" width="3%"/>
                        <a href="#" panel-name="suite-Suite" title="create.CreatePageTests" class="method navigator-link" hash-for-method="TestVMBackupSwitchOn">TestVMBackupSwitchOn</a> <!-- method navigator-link -->
                      </span>
                      <br/>
                      <span>
                        <img src="passed.png" width="3%"/>
                        <a href="#" panel-name="suite-Suite" title="create.CreatePageTests" class="method navigator-link" hash-for-method="TestVMNameTextBoxForVertical(test7,test8,test9, 3)">TestVMNameTextBoxForVertical(test7,test8,test9, 3)</a> <!-- method navigator-link -->
                      </span>
                      <br/>
                      <span>
                        <img src="passed.png" width="3%"/>
                        <a href="#" panel-name="suite-Suite" title="create.CreatePageTests" class="method navigator-link" hash-for-method="TestVcpuForHorizontalScaling(2)">TestVcpuForHorizontalScaling(2)</a> <!-- method navigator-link -->
                      </span>
                      <br/>
                    </div> <!-- method-list-content passed suite-Suite -->
                  </li>
                </ul>
              </div> <!-- suite-section-content -->
            </div> <!-- result-section -->
          </div> <!-- navigator-suite-content -->
        </div> <!-- rounded-window -->
      </div> <!-- suite -->
    </div> <!-- navigator-root -->
    <div class="wrapper">
      <div class="main-panel-root">
        <div panel-name="suite-Suite" class="panel Suite">
          <div class="suite-Suite-class-failed">
            <div class="main-panel-header rounded-window-top">
              <img src="failed.png"/>
              <span class="class-name">create.CreatePageTests</span>
            </div> <!-- main-panel-header rounded-window-top -->
            <div class="main-panel-content rounded-window-bottom">
              <div class="method">
                <div class="method-content">
                  <a name="TestCreateButtontocheckErrorsAfterSubmit">
                  </a> <!-- TestCreateButtontocheckErrorsAfterSubmit -->
                  <span class="method-name">TestCreateButtontocheckErrorsAfterSubmit</span>
                  <div class="stack-trace">org.openqa.selenium.NoSuchElementException: no such element: Unable to locate element: {&quot;method&quot;:&quot;css selector&quot;,&quot;selector&quot;:&quot;.toast\-message&quot;}
  (Session info: chrome=131.0.6778.140)
For documentation on this error, please visit: https://www.selenium.dev/documentation/webdriver/troubleshooting/errors#no-such-element-exception
Build info: version: &apos;4.23.1&apos;, revision: &apos;656257d8e9&apos;
System info: os.name: &apos;Windows 10&apos;, os.arch: &apos;amd64&apos;, os.version: &apos;10.0&apos;, java.version: &apos;17.0.12&apos;
Driver info: org.openqa.selenium.chrome.ChromeDriver
Command: [a625cc7e70212e6d08dfc4c6260c275a, findElement {value=toast-message, using=class name}]
Capabilities {acceptInsecureCerts: false, browserName: chrome, browserVersion: 131.0.6778.140, chrome: {chromedriverVersion: 131.0.6778.108 (3b014839fbc..., userDataDir: C:\Users\santosh\AppData\Lo...}, fedcm:accounts: true, goog:chromeOptions: {debuggerAddress: localhost:50087}, networkConnectionEnabled: false, pageLoadStrategy: normal, platformName: windows, proxy: Proxy(), se:cdp: ws://localhost:50087/devtoo..., se:cdpVersion: 131.0.6778.140, setWindowRect: true, strictFileInteractability: false, timeouts: {implicit: 0, pageLoad: 300000, script: 30000}, unhandledPromptBehavior: dismiss and notify, webauthn:extension:credBlob: true, webauthn:extension:largeBlob: true, webauthn:extension:minPinLength: true, webauthn:extension:prf: true, webauthn:virtualAuthenticators: true}
Session ID: a625cc7e70212e6d08dfc4c6260c275a
	at org.openqa.selenium.remote.ErrorCodec.decode(ErrorCodec.java:167)
	at org.openqa.selenium.remote.codec.w3c.W3CHttpResponseCodec.decode(W3CHttpResponseCodec.java:138)
	at org.openqa.selenium.remote.codec.w3c.W3CHttpResponseCodec.decode(W3CHttpResponseCodec.java:50)
	at org.openqa.selenium.remote.HttpCommandExecutor.execute(HttpCommandExecutor.java:190)
	at org.openqa.selenium.remote.service.DriverCommandExecutor.invokeExecute(DriverCommandExecutor.java:216)
	at org.openqa.selenium.remote.service.DriverCommandExecutor.execute(DriverCommandExecutor.java:174)
	at org.openqa.selenium.remote.RemoteWebDriver.execute(RemoteWebDriver.java:545)
	at org.openqa.selenium.remote.ElementLocation$ElementFinder$2.findElement(ElementLocation.java:165)
	at org.openqa.selenium.remote.ElementLocation.findElement(ElementLocation.java:59)
	at org.openqa.selenium.remote.RemoteWebDriver.findElement(RemoteWebDriver.java:368)
	at org.openqa.selenium.remote.RemoteWebDriver.findElement(RemoteWebDriver.java:362)
	at org.openqa.selenium.support.pagefactory.DefaultElementLocator.findElement(DefaultElementLocator.java:68)
	at org.openqa.selenium.support.pagefactory.internal.LocatingElementHandler.invoke(LocatingElementHandler.java:38)
	at jdk.proxy2/jdk.proxy2.$Proxy14.getText(Unknown Source)
	at create.CreatePageTests.TestCreateButtontocheckErrorsAfterSubmit(CreatePageTests.java:894)
	at java.base/java.util.ArrayList.forEach(ArrayList.java:1511)
... Removed 31 stack frames
</div> <!-- stack-trace -->
                </div> <!-- method-content -->
              </div> <!-- method -->
              <div class="method">
                <div class="method-content">
                  <a name="TestCreateButtontocheckErrorsInTheForm">
                  </a> <!-- TestCreateButtontocheckErrorsInTheForm -->
                  <span class="method-name">TestCreateButtontocheckErrorsInTheForm</span>
                  <div class="stack-trace">java.lang.AssertionError: No Errors Found expected [true] but found [false]
	at create.CreatePageTests.TestCreateButtontocheckErrorsInTheForm(CreatePageTests.java:878)
	at java.base/java.util.ArrayList.forEach(ArrayList.java:1511)
... Removed 30 stack frames
</div> <!-- stack-trace -->
                </div> <!-- method-content -->
              </div> <!-- method -->
              <div class="method">
                <div class="method-content">
                  <a name="TestIPAddress">
                  </a> <!-- TestIPAddress -->
                  <span class="method-name">TestIPAddress</span>
                  <div class="stack-trace">org.openqa.selenium.WebDriverException: disconnected: not connected to DevTools
  (failed to check if window was closed: disconnected: not connected to DevTools)
  (Session info: chrome=131.0.6778.140)
Build info: version: &apos;4.23.1&apos;, revision: &apos;656257d8e9&apos;
System info: os.name: &apos;Windows 10&apos;, os.arch: &apos;amd64&apos;, os.version: &apos;10.0&apos;, java.version: &apos;17.0.12&apos;
Driver info: org.openqa.selenium.chrome.ChromeDriver
Command: [a625cc7e70212e6d08dfc4c6260c275a, findElements {value=//table[@id=&apos;virtual_machine_list_data_table&apos;] //tr[@role=&apos;row&apos;]/th, using=xpath}]
Capabilities {acceptInsecureCerts: false, browserName: chrome, browserVersion: 131.0.6778.140, chrome: {chromedriverVersion: 131.0.6778.108 (3b014839fbc..., userDataDir: C:\Users\santosh\AppData\Lo...}, fedcm:accounts: true, goog:chromeOptions: {debuggerAddress: localhost:50087}, networkConnectionEnabled: false, pageLoadStrategy: normal, platformName: windows, proxy: Proxy(), se:cdp: ws://localhost:50087/devtoo..., se:cdpVersion: 131.0.6778.140, setWindowRect: true, strictFileInteractability: false, timeouts: {implicit: 0, pageLoad: 300000, script: 30000}, unhandledPromptBehavior: dismiss and notify, webauthn:extension:credBlob: true, webauthn:extension:largeBlob: true, webauthn:extension:minPinLength: true, webauthn:extension:prf: true, webauthn:virtualAuthenticators: true}
Session ID: a625cc7e70212e6d08dfc4c6260c275a
	at org.openqa.selenium.remote.ErrorCodec.decode(ErrorCodec.java:167)
	at org.openqa.selenium.remote.codec.w3c.W3CHttpResponseCodec.decode(W3CHttpResponseCodec.java:138)
	at org.openqa.selenium.remote.codec.w3c.W3CHttpResponseCodec.decode(W3CHttpResponseCodec.java:50)
	at org.openqa.selenium.remote.HttpCommandExecutor.execute(HttpCommandExecutor.java:190)
	at org.openqa.selenium.remote.service.DriverCommandExecutor.invokeExecute(DriverCommandExecutor.java:216)
	at org.openqa.selenium.remote.service.DriverCommandExecutor.execute(DriverCommandExecutor.java:174)
	at org.openqa.selenium.remote.RemoteWebDriver.execute(RemoteWebDriver.java:545)
	at org.openqa.selenium.remote.ElementLocation$ElementFinder$2.findElements(ElementLocation.java:182)
	at org.openqa.selenium.remote.ElementLocation.findElements(ElementLocation.java:103)
	at org.openqa.selenium.remote.RemoteWebDriver.findElements(RemoteWebDriver.java:381)
	at org.openqa.selenium.remote.RemoteWebDriver.findElements(RemoteWebDriver.java:375)
	at org.openqa.selenium.support.pagefactory.DefaultElementLocator.findElements(DefaultElementLocator.java:83)
	at org.openqa.selenium.support.pagefactory.internal.LocatingElementListHandler.invoke(LocatingElementListHandler.java:36)
	at jdk.proxy2/jdk.proxy2.$Proxy15.size(Unknown Source)
	at create.CreatePageTests.ListOfVmNames(CreatePageTests.java:980)
	at create.CreatePageTests.TestIPAddress(CreatePageTests.java:970)
	at java.base/java.util.ArrayList.forEach(ArrayList.java:1511)
... Removed 32 stack frames
</div> <!-- stack-trace -->
                </div> <!-- method-content -->
              </div> <!-- method -->
              <div class="method">
                <div class="method-content">
                  <a name="TestProjectNameDropdown(AT_Testing)">
                  </a> <!-- TestProjectNameDropdown(AT_Testing) -->
                  <span class="method-name">TestProjectNameDropdown</span>
                  <span class="parameters">(AT_Testing)</span>
                  <div class="stack-trace">org.openqa.selenium.TimeoutException: Expected condition failed: waiting for create.CreatePageTests$7@2287395 (tried for 10 second(s) with 500 milliseconds interval)
Build info: version: &apos;4.23.1&apos;, revision: &apos;656257d8e9&apos;
System info: os.name: &apos;Windows 10&apos;, os.arch: &apos;amd64&apos;, os.version: &apos;10.0&apos;, java.version: &apos;17.0.12&apos;
Driver info: org.openqa.selenium.chrome.ChromeDriver
Capabilities {acceptInsecureCerts: false, browserName: chrome, browserVersion: 131.0.6778.140, chrome: {chromedriverVersion: 131.0.6778.108 (3b014839fbc..., userDataDir: C:\Users\santosh\AppData\Lo...}, fedcm:accounts: true, goog:chromeOptions: {debuggerAddress: localhost:50087}, networkConnectionEnabled: false, pageLoadStrategy: normal, platformName: windows, proxy: Proxy(), se:cdp: ws://localhost:50087/devtoo..., se:cdpVersion: 131.0.6778.140, setWindowRect: true, strictFileInteractability: false, timeouts: {implicit: 0, pageLoad: 300000, script: 30000}, unhandledPromptBehavior: dismiss and notify, webauthn:extension:credBlob: true, webauthn:extension:largeBlob: true, webauthn:extension:minPinLength: true, webauthn:extension:prf: true, webauthn:virtualAuthenticators: true}
Session ID: a625cc7e70212e6d08dfc4c6260c275a
	at org.openqa.selenium.support.ui.WebDriverWait.timeoutException(WebDriverWait.java:84)
	at org.openqa.selenium.support.ui.FluentWait.until(FluentWait.java:228)
	at create.CreatePageTests.CustomeWait(CreatePageTests.java:1065)
	at create.CreatePageTests.TestProjectNameDropdown(CreatePageTests.java:67)
	at java.base/java.util.ArrayList.forEach(ArrayList.java:1511)
... Removed 27 stack frames
</div> <!-- stack-trace -->
                </div> <!-- method-content -->
              </div> <!-- method -->
              <div class="method">
                <div class="method-content">
                  <a name="TestStoragePathDropdown(Storage_Linux_Sep17 - 850GB)">
                  </a> <!-- TestStoragePathDropdown(Storage_Linux_Sep17 - 850GB) -->
                  <span class="method-name">TestStoragePathDropdown</span>
                  <span class="parameters">(Storage_Linux_Sep17 - 850GB)</span>
                  <div class="stack-trace">java.lang.AssertionError: Given Value Storage_Linux_Sep17 - 850GB is not available in the dropdown expected [true] but found [false]
	at create.CreatePageTests.TestStoragePathDropdown(CreatePageTests.java:92)
	at java.base/java.util.ArrayList.forEach(ArrayList.java:1511)
... Removed 30 stack frames
</div> <!-- stack-trace -->
                </div> <!-- method-content -->
              </div> <!-- method -->
            </div> <!-- main-panel-content rounded-window-bottom -->
          </div> <!-- suite-Suite-class-failed -->
          <div class="suite-Suite-class-passed">
            <div class="main-panel-header rounded-window-top">
              <img src="passed.png"/>
              <span class="class-name">create.CreatePageTests</span>
            </div> <!-- main-panel-header rounded-window-top -->
            <div class="main-panel-content rounded-window-bottom">
              <div class="method">
                <div class="method-content">
                  <a name="CertAndLogin">
                  </a> <!-- CertAndLogin -->
                  <span class="method-name">CertAndLogin</span>
                </div> <!-- method-content -->
              </div> <!-- method -->
              <div class="method">
                <div class="method-content">
                  <a name="ClickOnCreateReource(Linux CLI)">
                  </a> <!-- ClickOnCreateReource(Linux CLI) -->
                  <span class="method-name">ClickOnCreateReource</span>
                  <span class="parameters">(Linux CLI)</span>
                </div> <!-- method-content -->
              </div> <!-- method -->
              <div class="method">
                <div class="method-content">
                  <a name="TestAssignRemoteUserButton">
                  </a> <!-- TestAssignRemoteUserButton -->
                  <span class="method-name">TestAssignRemoteUserButton</span>
                </div> <!-- method-content -->
              </div> <!-- method -->
              <div class="method">
                <div class="method-content">
                  <a name="TestAssignRemoteUserModal(No, lead2, user)">
                  </a> <!-- TestAssignRemoteUserModal(No, lead2, user) -->
                  <span class="method-name">TestAssignRemoteUserModal</span>
                  <span class="parameters">(No,lead2,user)</span>
                </div> <!-- method-content -->
              </div> <!-- method -->
              <div class="method">
                <div class="method-content">
                  <a name="TestAssignRemoteUserModal(No, lead3, admin)">
                  </a> <!-- TestAssignRemoteUserModal(No, lead3, admin) -->
                  <span class="method-name">TestAssignRemoteUserModal</span>
                  <span class="parameters">(No,lead3,admin)</span>
                </div> <!-- method-content -->
              </div> <!-- method -->
              <div class="method">
                <div class="method-content">
                  <a name="TestAssignRemoteUserModal(No, karthik, admin)">
                  </a> <!-- TestAssignRemoteUserModal(No, karthik, admin) -->
                  <span class="method-name">TestAssignRemoteUserModal</span>
                  <span class="parameters">(No,karthik,admin)</span>
                </div> <!-- method-content -->
              </div> <!-- method -->
              <div class="method">
                <div class="method-content">
                  <a name="TestBackUpFrequencyDropdown(Daily)">
                  </a> <!-- TestBackUpFrequencyDropdown(Daily) -->
                  <span class="method-name">TestBackUpFrequencyDropdown</span>
                  <span class="parameters">(Daily)</span>
                </div> <!-- method-content -->
              </div> <!-- method -->
              <div class="method">
                <div class="method-content">
                  <a name="TestCreateButtontocheckSuccessMessageAfterSubmit">
                  </a> <!-- TestCreateButtontocheckSuccessMessageAfterSubmit -->
                  <span class="method-name">TestCreateButtontocheckSuccessMessageAfterSubmit</span>
                </div> <!-- method-content -->
              </div> <!-- method -->
              <div class="method">
                <div class="method-content">
                  <a name="TestCustomRadioButton">
                  </a> <!-- TestCustomRadioButton -->
                  <span class="method-name">TestCustomRadioButton</span>
                </div> <!-- method-content -->
              </div> <!-- method -->
              <div class="method">
                <div class="method-content">
                  <a name="TestDiskForHorizontalScaling(32)">
                  </a> <!-- TestDiskForHorizontalScaling(32) -->
                  <span class="method-name">TestDiskForHorizontalScaling</span>
                  <span class="parameters">(32)</span>
                </div> <!-- method-content -->
              </div> <!-- method -->
              <div class="method">
                <div class="method-content">
                  <a name="TestIOPSDropdown(200)">
                  </a> <!-- TestIOPSDropdown(200) -->
                  <span class="method-name">TestIOPSDropdown</span>
                  <span class="parameters">(200)</span>
                </div> <!-- method-content -->
              </div> <!-- method -->
              <div class="method">
                <div class="method-content">
                  <a name="TestLocationDropdown(Mysuru, India)">
                  </a> <!-- TestLocationDropdown(Mysuru, India) -->
                  <span class="method-name">TestLocationDropdown</span>
                  <span class="parameters">(Mysuru, India)</span>
                </div> <!-- method-content -->
              </div> <!-- method -->
              <div class="method">
                <div class="method-content">
                  <a name="TestOSDropdown(Ubuntu 22.04 LTS (CLI), Storage_Linux_Sep17 - 850GB)">
                  </a> <!-- TestOSDropdown(Ubuntu 22.04 LTS (CLI), Storage_Linux_Sep17 - 850GB) -->
                  <span class="method-name">TestOSDropdown</span>
                  <span class="parameters">(Ubuntu 22.04 LTS (CLI),Storage_Linux_Sep17 - 850GB)</span>
                </div> <!-- method-content -->
              </div> <!-- method -->
              <div class="method">
                <div class="method-content">
                  <a name="TestRAMForhorizontalScaling(2)">
                  </a> <!-- TestRAMForhorizontalScaling(2) -->
                  <span class="method-name">TestRAMForhorizontalScaling</span>
                  <span class="parameters">(2)</span>
                </div> <!-- method-content -->
              </div> <!-- method -->
              <div class="method">
                <div class="method-content">
                  <a name="TestRetentionPeriodDropdown(3 days)">
                  </a> <!-- TestRetentionPeriodDropdown(3 days) -->
                  <span class="method-name">TestRetentionPeriodDropdown</span>
                  <span class="parameters">(3 days)</span>
                </div> <!-- method-content -->
              </div> <!-- method -->
              <div class="method">
                <div class="method-content">
                  <a name="TestSIEMDropdown(SIEM_TEST_Server2 - 10.150.37.49)">
                  </a> <!-- TestSIEMDropdown(SIEM_TEST_Server2 - 10.150.37.49) -->
                  <span class="method-name">TestSIEMDropdown</span>
                  <span class="parameters">(SIEM_TEST_Server2 - 10.150.37.49)</span>
                </div> <!-- method-content -->
              </div> <!-- method -->
              <div class="method">
                <div class="method-content">
                  <a name="TestSIEMSwitchOn">
                  </a> <!-- TestSIEMSwitchOn -->
                  <span class="method-name">TestSIEMSwitchOn</span>
                </div> <!-- method-content -->
              </div> <!-- method -->
              <div class="method">
                <div class="method-content">
                  <a name="TestSaveRolesButtonInAssignRolesModal">
                  </a> <!-- TestSaveRolesButtonInAssignRolesModal -->
                  <span class="method-name">TestSaveRolesButtonInAssignRolesModal</span>
                </div> <!-- method-content -->
              </div> <!-- method -->
              <div class="method">
                <div class="method-content">
                  <a name="TestTemplateCheckBoxChecked">
                  </a> <!-- TestTemplateCheckBoxChecked -->
                  <span class="method-name">TestTemplateCheckBoxChecked</span>
                </div> <!-- method-content -->
              </div> <!-- method -->
              <div class="method">
                <div class="method-content">
                  <a name="TestVLANDropdown(10.150.37.0 - karthik)">
                  </a> <!-- TestVLANDropdown(10.150.37.0 - karthik) -->
                  <span class="method-name">TestVLANDropdown</span>
                  <span class="parameters">(10.150.37.0 - karthik)</span>
                </div> <!-- method-content -->
              </div> <!-- method -->
              <div class="method">
                <div class="method-content">
                  <a name="TestVMBackupSwitchOn">
                  </a> <!-- TestVMBackupSwitchOn -->
                  <span class="method-name">TestVMBackupSwitchOn</span>
                </div> <!-- method-content -->
              </div> <!-- method -->
              <div class="method">
                <div class="method-content">
                  <a name="TestVMNameTextBoxForVertical(test7,test8,test9, 3)">
                  </a> <!-- TestVMNameTextBoxForVertical(test7,test8,test9, 3) -->
                  <span class="method-name">TestVMNameTextBoxForVertical</span>
                  <span class="parameters">(test7,test8,test9,3)</span>
                </div> <!-- method-content -->
              </div> <!-- method -->
              <div class="method">
                <div class="method-content">
                  <a name="TestVcpuForHorizontalScaling(2)">
                  </a> <!-- TestVcpuForHorizontalScaling(2) -->
                  <span class="method-name">TestVcpuForHorizontalScaling</span>
                  <span class="parameters">(2)</span>
                </div> <!-- method-content -->
              </div> <!-- method -->
            </div> <!-- main-panel-content rounded-window-bottom -->
          </div> <!-- suite-Suite-class-passed -->
          <div class="suite-Suite-class-passed">
            <div class="main-panel-header rounded-window-top">
              <img src="passed.png"/>
              <span class="class-name">setUpAndTearDown.SetAndDown</span>
            </div> <!-- main-panel-header rounded-window-top -->
            <div class="main-panel-content rounded-window-bottom">
              <div class="method">
                <div class="method-content">
                  <a name="TestOpenLoginPage">
                  </a> <!-- TestOpenLoginPage -->
                  <span class="method-name">TestOpenLoginPage</span>
                </div> <!-- method-content -->
              </div> <!-- method -->
            </div> <!-- main-panel-content rounded-window-bottom -->
          </div> <!-- suite-Suite-class-passed -->
        </div> <!-- panel Suite -->
        <div panel-name="test-xml-Suite" class="panel">
          <div class="main-panel-header rounded-window-top">
            <span class="header-content">C:\Users\santosh\Downloads\SSP\CPNone.xml</span>
          </div> <!-- main-panel-header rounded-window-top -->
          <div class="main-panel-content rounded-window-bottom">
            <pre>
&lt;?xml version=&quot;1.0&quot; encoding=&quot;UTF-8&quot;?&gt;
&lt;!DOCTYPE suite SYSTEM &quot;https://testng.org/testng-1.0.dtd&quot;&gt;
&lt;suite name=&quot;Suite&quot; guice-stage=&quot;DEVELOPMENT&quot;&gt;
  &lt;parameter name=&quot;ClassName&quot; value=&quot;CreatePageObjects&quot;/&gt;
  &lt;test thread-count=&quot;5&quot; name=&quot;TestUrlForValidLogin&quot;&gt;
    &lt;classes&gt;
      &lt;class name=&quot;setUpAndTearDown.SetAndDown&quot;/&gt;
    &lt;/classes&gt;
  &lt;/test&gt; &lt;!-- TestUrlForValidLogin --&gt;
  &lt;test thread-count=&quot;5&quot; name=&quot;CreatePageTests&quot;&gt;
    &lt;groups&gt;
      &lt;run&gt;
        &lt;include name=&quot;CertAndLogin&quot;/&gt;
        &lt;include name=&quot;ClickOnCreateReource&quot;/&gt;
        &lt;include name=&quot;None&quot;/&gt;
      &lt;/run&gt;
    &lt;/groups&gt;
    &lt;classes&gt;
      &lt;class name=&quot;create.CreatePageTests&quot;&gt;
        &lt;methods&gt;
          &lt;exclude name=&quot;TestSavedTemplatesRadioButton&quot;/&gt;
          &lt;exclude name=&quot;TestSavedTemplatesDropDown&quot;/&gt;
          &lt;exclude name=&quot;TestTemplateCheckBoxUnChecked&quot;/&gt;
          &lt;exclude name=&quot;TestSIEMSwitchOff&quot;/&gt;
          &lt;exclude name=&quot;TestVMBackupSwitchOff&quot;/&gt;
        &lt;/methods&gt;
      &lt;/class&gt; &lt;!-- create.CreatePageTests --&gt;
    &lt;/classes&gt;
  &lt;/test&gt; &lt;!-- CreatePageTests --&gt;
&lt;/suite&gt; &lt;!-- Suite --&gt;
            </pre>
          </div> <!-- main-panel-content rounded-window-bottom -->
        </div> <!-- panel -->
        <div panel-name="testlist-Suite" class="panel">
          <div class="main-panel-header rounded-window-top">
            <span class="header-content">Tests for Suite</span>
          </div> <!-- main-panel-header rounded-window-top -->
          <div class="main-panel-content rounded-window-bottom">
            <ul>
              <li>
                <span class="test-name">TestUrlForValidLogin (1 class)</span>
              </li>
              <li>
                <span class="test-name">CreatePageTests (1 class)</span>
              </li>
            </ul>
          </div> <!-- main-panel-content rounded-window-bottom -->
        </div> <!-- panel -->
        <div panel-name="group-Suite" class="panel">
          <div class="main-panel-header rounded-window-top">
            <span class="header-content">Groups for Suite</span>
          </div> <!-- main-panel-header rounded-window-top -->
          <div class="main-panel-content rounded-window-bottom">
            <div class="test-group">
              <span class="test-group-name">CertAndLogin</span>
              <br/>
              <div class="method-in-group">
                <span class="method-in-group-name">CertAndLogin</span>
                <br/>
              </div> <!-- method-in-group -->
            </div> <!-- test-group -->
            <div class="test-group">
              <span class="test-group-name">ClickOnCreateReource</span>
              <br/>
              <div class="method-in-group">
                <span class="method-in-group-name">ClickOnCreateReource</span>
                <br/>
              </div> <!-- method-in-group -->
            </div> <!-- test-group -->
            <div class="test-group">
              <span class="test-group-name">Horizontal</span>
              <br/>
              <div class="method-in-group">
                <span class="method-in-group-name">TestAssignRemoteUserButton</span>
                <br/>
              </div> <!-- method-in-group -->
              <div class="method-in-group">
                <span class="method-in-group-name">TestAssignRemoteUserModal</span>
                <br/>
              </div> <!-- method-in-group -->
              <div class="method-in-group">
                <span class="method-in-group-name">TestBackUpFrequencyDropdown</span>
                <br/>
              </div> <!-- method-in-group -->
              <div class="method-in-group">
                <span class="method-in-group-name">TestCreateButtontocheckErrorsAfterSubmit</span>
                <br/>
              </div> <!-- method-in-group -->
              <div class="method-in-group">
                <span class="method-in-group-name">TestCreateButtontocheckErrorsInTheForm</span>
                <br/>
              </div> <!-- method-in-group -->
              <div class="method-in-group">
                <span class="method-in-group-name">TestCreateButtontocheckSuccessMessageAfterSubmit</span>
                <br/>
              </div> <!-- method-in-group -->
              <div class="method-in-group">
                <span class="method-in-group-name">TestDiskForHorizontalScaling</span>
                <br/>
              </div> <!-- method-in-group -->
              <div class="method-in-group">
                <span class="method-in-group-name">TestIOPSDropdown</span>
                <br/>
              </div> <!-- method-in-group -->
              <div class="method-in-group">
                <span class="method-in-group-name">TestIPAddress</span>
                <br/>
              </div> <!-- method-in-group -->
              <div class="method-in-group">
                <span class="method-in-group-name">TestLocationDropdown</span>
                <br/>
              </div> <!-- method-in-group -->
              <div class="method-in-group">
                <span class="method-in-group-name">TestOSDropdown</span>
                <br/>
              </div> <!-- method-in-group -->
              <div class="method-in-group">
                <span class="method-in-group-name">TestProjectNameDropdown</span>
                <br/>
              </div> <!-- method-in-group -->
              <div class="method-in-group">
                <span class="method-in-group-name">TestRAMForhorizontalScaling</span>
                <br/>
              </div> <!-- method-in-group -->
              <div class="method-in-group">
                <span class="method-in-group-name">TestRetentionPeriodDropdown</span>
                <br/>
              </div> <!-- method-in-group -->
              <div class="method-in-group">
                <span class="method-in-group-name">TestSIEMDropdown</span>
                <br/>
              </div> <!-- method-in-group -->
              <div class="method-in-group">
                <span class="method-in-group-name">TestSIEMSwitchOn</span>
                <br/>
              </div> <!-- method-in-group -->
              <div class="method-in-group">
                <span class="method-in-group-name">TestSaveRolesButtonInAssignRolesModal</span>
                <br/>
              </div> <!-- method-in-group -->
              <div class="method-in-group">
                <span class="method-in-group-name">TestStoragePathDropdown</span>
                <br/>
              </div> <!-- method-in-group -->
              <div class="method-in-group">
                <span class="method-in-group-name">TestTemplateCheckBoxChecked</span>
                <br/>
              </div> <!-- method-in-group -->
              <div class="method-in-group">
                <span class="method-in-group-name">TestVLANDropdown</span>
                <br/>
              </div> <!-- method-in-group -->
              <div class="method-in-group">
                <span class="method-in-group-name">TestVMBackupSwitchOn</span>
                <br/>
              </div> <!-- method-in-group -->
              <div class="method-in-group">
                <span class="method-in-group-name">TestVcpuForHorizontalScaling</span>
                <br/>
              </div> <!-- method-in-group -->
            </div> <!-- test-group -->
            <div class="test-group">
              <span class="test-group-name">None</span>
              <br/>
              <div class="method-in-group">
                <span class="method-in-group-name">TestAssignRemoteUserButton</span>
                <br/>
              </div> <!-- method-in-group -->
              <div class="method-in-group">
                <span class="method-in-group-name">TestAssignRemoteUserModal</span>
                <br/>
              </div> <!-- method-in-group -->
              <div class="method-in-group">
                <span class="method-in-group-name">TestBackUpFrequencyDropdown</span>
                <br/>
              </div> <!-- method-in-group -->
              <div class="method-in-group">
                <span class="method-in-group-name">TestCreateButtontocheckErrorsAfterSubmit</span>
                <br/>
              </div> <!-- method-in-group -->
              <div class="method-in-group">
                <span class="method-in-group-name">TestCreateButtontocheckErrorsInTheForm</span>
                <br/>
              </div> <!-- method-in-group -->
              <div class="method-in-group">
                <span class="method-in-group-name">TestCreateButtontocheckSuccessMessageAfterSubmit</span>
                <br/>
              </div> <!-- method-in-group -->
              <div class="method-in-group">
                <span class="method-in-group-name">TestCustomRadioButton</span>
                <br/>
              </div> <!-- method-in-group -->
              <div class="method-in-group">
                <span class="method-in-group-name">TestDiskForHorizontalScaling</span>
                <br/>
              </div> <!-- method-in-group -->
              <div class="method-in-group">
                <span class="method-in-group-name">TestIOPSDropdown</span>
                <br/>
              </div> <!-- method-in-group -->
              <div class="method-in-group">
                <span class="method-in-group-name">TestIPAddress</span>
                <br/>
              </div> <!-- method-in-group -->
              <div class="method-in-group">
                <span class="method-in-group-name">TestLocationDropdown</span>
                <br/>
              </div> <!-- method-in-group -->
              <div class="method-in-group">
                <span class="method-in-group-name">TestOSDropdown</span>
                <br/>
              </div> <!-- method-in-group -->
              <div class="method-in-group">
                <span class="method-in-group-name">TestProjectNameDropdown</span>
                <br/>
              </div> <!-- method-in-group -->
              <div class="method-in-group">
                <span class="method-in-group-name">TestRAMForhorizontalScaling</span>
                <br/>
              </div> <!-- method-in-group -->
              <div class="method-in-group">
                <span class="method-in-group-name">TestRetentionPeriodDropdown</span>
                <br/>
              </div> <!-- method-in-group -->
              <div class="method-in-group">
                <span class="method-in-group-name">TestSIEMDropdown</span>
                <br/>
              </div> <!-- method-in-group -->
              <div class="method-in-group">
                <span class="method-in-group-name">TestSIEMSwitchOn</span>
                <br/>
              </div> <!-- method-in-group -->
              <div class="method-in-group">
                <span class="method-in-group-name">TestSaveRolesButtonInAssignRolesModal</span>
                <br/>
              </div> <!-- method-in-group -->
              <div class="method-in-group">
                <span class="method-in-group-name">TestStoragePathDropdown</span>
                <br/>
              </div> <!-- method-in-group -->
              <div class="method-in-group">
                <span class="method-in-group-name">TestTemplateCheckBoxChecked</span>
                <br/>
              </div> <!-- method-in-group -->
              <div class="method-in-group">
                <span class="method-in-group-name">TestVLANDropdown</span>
                <br/>
              </div> <!-- method-in-group -->
              <div class="method-in-group">
                <span class="method-in-group-name">TestVMBackupSwitchOn</span>
                <br/>
              </div> <!-- method-in-group -->
              <div class="method-in-group">
                <span class="method-in-group-name">TestVMNameTextBoxForVertical</span>
                <br/>
              </div> <!-- method-in-group -->
              <div class="method-in-group">
                <span class="method-in-group-name">TestVcpuForHorizontalScaling</span>
                <br/>
              </div> <!-- method-in-group -->
            </div> <!-- test-group -->
            <div class="test-group">
              <span class="test-group-name">TestAssignRemoteUserButton</span>
              <br/>
              <div class="method-in-group">
                <span class="method-in-group-name">TestAssignRemoteUserButton</span>
                <br/>
              </div> <!-- method-in-group -->
            </div> <!-- test-group -->
            <div class="test-group">
              <span class="test-group-name">TestAssignRemoteUserModal</span>
              <br/>
              <div class="method-in-group">
                <span class="method-in-group-name">TestAssignRemoteUserModal</span>
                <br/>
              </div> <!-- method-in-group -->
            </div> <!-- test-group -->
            <div class="test-group">
              <span class="test-group-name">TestBackUpFrequencyDropdown</span>
              <br/>
              <div class="method-in-group">
                <span class="method-in-group-name">TestBackUpFrequencyDropdown</span>
                <br/>
              </div> <!-- method-in-group -->
            </div> <!-- test-group -->
            <div class="test-group">
              <span class="test-group-name">TestCreateButtontocheckErrorsAfterSubmit</span>
              <br/>
              <div class="method-in-group">
                <span class="method-in-group-name">TestCreateButtontocheckErrorsAfterSubmit</span>
                <br/>
              </div> <!-- method-in-group -->
            </div> <!-- test-group -->
            <div class="test-group">
              <span class="test-group-name">TestCreateButtontocheckErrorsInTheForm</span>
              <br/>
              <div class="method-in-group">
                <span class="method-in-group-name">TestCreateButtontocheckErrorsInTheForm</span>
                <br/>
              </div> <!-- method-in-group -->
            </div> <!-- test-group -->
            <div class="test-group">
              <span class="test-group-name">TestCreateButtontocheckSuccessMessageAfterSubmit</span>
              <br/>
              <div class="method-in-group">
                <span class="method-in-group-name">TestCreateButtontocheckSuccessMessageAfterSubmit</span>
                <br/>
              </div> <!-- method-in-group -->
            </div> <!-- test-group -->
            <div class="test-group">
              <span class="test-group-name">TestCustomRadioButton</span>
              <br/>
              <div class="method-in-group">
                <span class="method-in-group-name">TestCustomRadioButton</span>
                <br/>
              </div> <!-- method-in-group -->
            </div> <!-- test-group -->
            <div class="test-group">
              <span class="test-group-name">TestDiskForHorizontalScaling</span>
              <br/>
              <div class="method-in-group">
                <span class="method-in-group-name">TestDiskForHorizontalScaling</span>
                <br/>
              </div> <!-- method-in-group -->
            </div> <!-- test-group -->
            <div class="test-group">
              <span class="test-group-name">TestIOPSDropdown</span>
              <br/>
              <div class="method-in-group">
                <span class="method-in-group-name">TestIOPSDropdown</span>
                <br/>
              </div> <!-- method-in-group -->
            </div> <!-- test-group -->
            <div class="test-group">
              <span class="test-group-name">TestIPAddress</span>
              <br/>
              <div class="method-in-group">
                <span class="method-in-group-name">TestIPAddress</span>
                <br/>
              </div> <!-- method-in-group -->
            </div> <!-- test-group -->
            <div class="test-group">
              <span class="test-group-name">TestLocationDropdown</span>
              <br/>
              <div class="method-in-group">
                <span class="method-in-group-name">TestLocationDropdown</span>
                <br/>
              </div> <!-- method-in-group -->
            </div> <!-- test-group -->
            <div class="test-group">
              <span class="test-group-name">TestOSDropdown</span>
              <br/>
              <div class="method-in-group">
                <span class="method-in-group-name">TestOSDropdown</span>
                <br/>
              </div> <!-- method-in-group -->
            </div> <!-- test-group -->
            <div class="test-group">
              <span class="test-group-name">TestProjectNameDropdown</span>
              <br/>
              <div class="method-in-group">
                <span class="method-in-group-name">TestProjectNameDropdown</span>
                <br/>
              </div> <!-- method-in-group -->
            </div> <!-- test-group -->
            <div class="test-group">
              <span class="test-group-name">TestRAMForhorizontalScaling</span>
              <br/>
              <div class="method-in-group">
                <span class="method-in-group-name">TestRAMForhorizontalScaling</span>
                <br/>
              </div> <!-- method-in-group -->
            </div> <!-- test-group -->
            <div class="test-group">
              <span class="test-group-name">TestRetentionPeriodDropdown</span>
              <br/>
              <div class="method-in-group">
                <span class="method-in-group-name">TestRetentionPeriodDropdown</span>
                <br/>
              </div> <!-- method-in-group -->
            </div> <!-- test-group -->
            <div class="test-group">
              <span class="test-group-name">TestSIEMDropdown</span>
              <br/>
              <div class="method-in-group">
                <span class="method-in-group-name">TestSIEMDropdown</span>
                <br/>
              </div> <!-- method-in-group -->
            </div> <!-- test-group -->
            <div class="test-group">
              <span class="test-group-name">TestSIEMSwitchOn</span>
              <br/>
              <div class="method-in-group">
                <span class="method-in-group-name">TestSIEMSwitchOn</span>
                <br/>
              </div> <!-- method-in-group -->
            </div> <!-- test-group -->
            <div class="test-group">
              <span class="test-group-name">TestSaveRolesButtonInAssignRolesModal</span>
              <br/>
              <div class="method-in-group">
                <span class="method-in-group-name">TestSaveRolesButtonInAssignRolesModal</span>
                <br/>
              </div> <!-- method-in-group -->
            </div> <!-- test-group -->
            <div class="test-group">
              <span class="test-group-name">TestStoragePathDropdown</span>
              <br/>
              <div class="method-in-group">
                <span class="method-in-group-name">TestStoragePathDropdown</span>
                <br/>
              </div> <!-- method-in-group -->
            </div> <!-- test-group -->
            <div class="test-group">
              <span class="test-group-name">TestTemplateCheckBoxChecked</span>
              <br/>
              <div class="method-in-group">
                <span class="method-in-group-name">TestTemplateCheckBoxChecked</span>
                <br/>
              </div> <!-- method-in-group -->
            </div> <!-- test-group -->
            <div class="test-group">
              <span class="test-group-name">TestVLANDropdown</span>
              <br/>
              <div class="method-in-group">
                <span class="method-in-group-name">TestVLANDropdown</span>
                <br/>
              </div> <!-- method-in-group -->
            </div> <!-- test-group -->
            <div class="test-group">
              <span class="test-group-name">TestVMBackupSwitchOn</span>
              <br/>
              <div class="method-in-group">
                <span class="method-in-group-name">TestVMBackupSwitchOn</span>
                <br/>
              </div> <!-- method-in-group -->
            </div> <!-- test-group -->
            <div class="test-group">
              <span class="test-group-name">TestVMNameTextBoxForVertical</span>
              <br/>
              <div class="method-in-group">
                <span class="method-in-group-name">TestVMNameTextBoxForVertical</span>
                <br/>
              </div> <!-- method-in-group -->
            </div> <!-- test-group -->
            <div class="test-group">
              <span class="test-group-name">TestVcpuForHorizontalScaling</span>
              <br/>
              <div class="method-in-group">
                <span class="method-in-group-name">TestVcpuForHorizontalScaling</span>
                <br/>
              </div> <!-- method-in-group -->
            </div> <!-- test-group -->
            <div class="test-group">
              <span class="test-group-name">Vertical</span>
              <br/>
              <div class="method-in-group">
                <span class="method-in-group-name">TestAssignRemoteUserButton</span>
                <br/>
              </div> <!-- method-in-group -->
              <div class="method-in-group">
                <span class="method-in-group-name">TestAssignRemoteUserModal</span>
                <br/>
              </div> <!-- method-in-group -->
              <div class="method-in-group">
                <span class="method-in-group-name">TestBackUpFrequencyDropdown</span>
                <br/>
              </div> <!-- method-in-group -->
              <div class="method-in-group">
                <span class="method-in-group-name">TestCreateButtontocheckErrorsAfterSubmit</span>
                <br/>
              </div> <!-- method-in-group -->
              <div class="method-in-group">
                <span class="method-in-group-name">TestCreateButtontocheckErrorsInTheForm</span>
                <br/>
              </div> <!-- method-in-group -->
              <div class="method-in-group">
                <span class="method-in-group-name">TestCreateButtontocheckSuccessMessageAfterSubmit</span>
                <br/>
              </div> <!-- method-in-group -->
              <div class="method-in-group">
                <span class="method-in-group-name">TestIOPSDropdown</span>
                <br/>
              </div> <!-- method-in-group -->
              <div class="method-in-group">
                <span class="method-in-group-name">TestIPAddress</span>
                <br/>
              </div> <!-- method-in-group -->
              <div class="method-in-group">
                <span class="method-in-group-name">TestLocationDropdown</span>
                <br/>
              </div> <!-- method-in-group -->
              <div class="method-in-group">
                <span class="method-in-group-name">TestOSDropdown</span>
                <br/>
              </div> <!-- method-in-group -->
              <div class="method-in-group">
                <span class="method-in-group-name">TestProjectNameDropdown</span>
                <br/>
              </div> <!-- method-in-group -->
              <div class="method-in-group">
                <span class="method-in-group-name">TestRetentionPeriodDropdown</span>
                <br/>
              </div> <!-- method-in-group -->
              <div class="method-in-group">
                <span class="method-in-group-name">TestSIEMDropdown</span>
                <br/>
              </div> <!-- method-in-group -->
              <div class="method-in-group">
                <span class="method-in-group-name">TestSIEMSwitchOn</span>
                <br/>
              </div> <!-- method-in-group -->
              <div class="method-in-group">
                <span class="method-in-group-name">TestSaveRolesButtonInAssignRolesModal</span>
                <br/>
              </div> <!-- method-in-group -->
              <div class="method-in-group">
                <span class="method-in-group-name">TestStoragePathDropdown</span>
                <br/>
              </div> <!-- method-in-group -->
              <div class="method-in-group">
                <span class="method-in-group-name">TestVLANDropdown</span>
                <br/>
              </div> <!-- method-in-group -->
              <div class="method-in-group">
                <span class="method-in-group-name">TestVMBackupSwitchOn</span>
                <br/>
              </div> <!-- method-in-group -->
              <div class="method-in-group">
                <span class="method-in-group-name">TestVMNameTextBoxForVertical</span>
                <br/>
              </div> <!-- method-in-group -->
            </div> <!-- test-group -->
          </div> <!-- main-panel-content rounded-window-bottom -->
        </div> <!-- panel -->
        <div panel-name="times-Suite" class="panel">
          <div class="main-panel-header rounded-window-top">
            <span class="header-content">Times for Suite</span>
          </div> <!-- main-panel-header rounded-window-top -->
          <div class="main-panel-content rounded-window-bottom">
            <div class="times-div">
              <script type="text/javascript">
suiteTableInitFunctions.push('tableData_Suite');
function tableData_Suite() {
var data = new google.visualization.DataTable();
data.addColumn('number', 'Number');
data.addColumn('string', 'Method');
data.addColumn('string', 'Class');
data.addColumn('number', 'Time (ms)');
data.addRows(29);
data.setCell(0, 0, 0)
data.setCell(0, 1, 'TestIPAddress')
data.setCell(0, 2, 'create.CreatePageTests')
data.setCell(0, 3, 11335697);
data.setCell(1, 0, 1)
data.setCell(1, 1, 'CertAndLogin')
data.setCell(1, 2, 'create.CreatePageTests')
data.setCell(1, 3, 17160);
data.setCell(2, 0, 2)
data.setCell(2, 1, 'TestCreateButtontocheckErrorsAfterSubmit')
data.setCell(2, 2, 'create.CreatePageTests')
data.setCell(2, 3, 10248);
data.setCell(3, 0, 3)
data.setCell(3, 1, 'TestProjectNameDropdown')
data.setCell(3, 2, 'create.CreatePageTests')
data.setCell(3, 3, 10229);
data.setCell(4, 0, 4)
data.setCell(4, 1, 'TestStoragePathDropdown')
data.setCell(4, 2, 'create.CreatePageTests')
data.setCell(4, 3, 10104);
data.setCell(5, 0, 5)
data.setCell(5, 1, 'TestOpenLoginPage')
data.setCell(5, 2, 'setUpAndTearDown.SetAndDown')
data.setCell(5, 3, 7708);
data.setCell(6, 0, 6)
data.setCell(6, 1, 'TestCreateButtontocheckSuccessMessageAfterSubmit')
data.setCell(6, 2, 'create.CreatePageTests')
data.setCell(6, 3, 7111);
data.setCell(7, 0, 7)
data.setCell(7, 1, 'TestAssignRemoteUserButton')
data.setCell(7, 2, 'create.CreatePageTests')
data.setCell(7, 3, 3680);
data.setCell(8, 0, 8)
data.setCell(8, 1, 'ClickOnCreateReource')
data.setCell(8, 2, 'create.CreatePageTests')
data.setCell(8, 3, 2444);
data.setCell(9, 0, 9)
data.setCell(9, 1, 'TestOSDropdown')
data.setCell(9, 2, 'create.CreatePageTests')
data.setCell(9, 3, 2251);
data.setCell(10, 0, 10)
data.setCell(10, 1, 'TestVMNameTextBoxForVertical')
data.setCell(10, 2, 'create.CreatePageTests')
data.setCell(10, 3, 1471);
data.setCell(11, 0, 11)
data.setCell(11, 1, 'TestVLANDropdown')
data.setCell(11, 2, 'create.CreatePageTests')
data.setCell(11, 3, 1440);
data.setCell(12, 0, 12)
data.setCell(12, 1, 'TestDiskForHorizontalScaling')
data.setCell(12, 2, 'create.CreatePageTests')
data.setCell(12, 3, 1059);
data.setCell(13, 0, 13)
data.setCell(13, 1, 'TestSIEMSwitchOn')
data.setCell(13, 2, 'create.CreatePageTests')
data.setCell(13, 3, 607);
data.setCell(14, 0, 14)
data.setCell(14, 1, 'TestVMBackupSwitchOn')
data.setCell(14, 2, 'create.CreatePageTests')
data.setCell(14, 3, 586);
data.setCell(15, 0, 15)
data.setCell(15, 1, 'TestLocationDropdown')
data.setCell(15, 2, 'create.CreatePageTests')
data.setCell(15, 3, 545);
data.setCell(16, 0, 16)
data.setCell(16, 1, 'TestTemplateCheckBoxChecked')
data.setCell(16, 2, 'create.CreatePageTests')
data.setCell(16, 3, 538);
data.setCell(17, 0, 17)
data.setCell(17, 1, 'TestAssignRemoteUserModal')
data.setCell(17, 2, 'create.CreatePageTests')
data.setCell(17, 3, 474);
data.setCell(18, 0, 18)
data.setCell(18, 1, 'TestAssignRemoteUserModal')
data.setCell(18, 2, 'create.CreatePageTests')
data.setCell(18, 3, 422);
data.setCell(19, 0, 19)
data.setCell(19, 1, 'TestRetentionPeriodDropdown')
data.setCell(19, 2, 'create.CreatePageTests')
data.setCell(19, 3, 326);
data.setCell(20, 0, 20)
data.setCell(20, 1, 'TestIOPSDropdown')
data.setCell(20, 2, 'create.CreatePageTests')
data.setCell(20, 3, 308);
data.setCell(21, 0, 21)
data.setCell(21, 1, 'TestBackUpFrequencyDropdown')
data.setCell(21, 2, 'create.CreatePageTests')
data.setCell(21, 3, 259);
data.setCell(22, 0, 22)
data.setCell(22, 1, 'TestSIEMDropdown')
data.setCell(22, 2, 'create.CreatePageTests')
data.setCell(22, 3, 231);
data.setCell(23, 0, 23)
data.setCell(23, 1, 'TestAssignRemoteUserModal')
data.setCell(23, 2, 'create.CreatePageTests')
data.setCell(23, 3, 195);
data.setCell(24, 0, 24)
data.setCell(24, 1, 'TestVcpuForHorizontalScaling')
data.setCell(24, 2, 'create.CreatePageTests')
data.setCell(24, 3, 175);
data.setCell(25, 0, 25)
data.setCell(25, 1, 'TestRAMForhorizontalScaling')
data.setCell(25, 2, 'create.CreatePageTests')
data.setCell(25, 3, 136);
data.setCell(26, 0, 26)
data.setCell(26, 1, 'TestCustomRadioButton')
data.setCell(26, 2, 'create.CreatePageTests')
data.setCell(26, 3, 90);
data.setCell(27, 0, 27)
data.setCell(27, 1, 'TestCreateButtontocheckErrorsInTheForm')
data.setCell(27, 2, 'create.CreatePageTests')
data.setCell(27, 3, 74);
data.setCell(28, 0, 28)
data.setCell(28, 1, 'TestSaveRolesButtonInAssignRolesModal')
data.setCell(28, 2, 'create.CreatePageTests')
data.setCell(28, 3, 41);
window.suiteTableData['Suite']= { tableData: data, tableDiv: 'times-div-Suite'}
return data;
}
              </script>
              <span class="suite-total-time">Total running time: 3 hours</span>
              <div id="times-div-Suite">
              </div> <!-- times-div-Suite -->
            </div> <!-- times-div -->
          </div> <!-- main-panel-content rounded-window-bottom -->
        </div> <!-- panel -->
        <div panel-name="reporter-Suite" class="panel">
          <div class="main-panel-header rounded-window-top">
            <span class="header-content">Reporter output for Suite</span>
          </div> <!-- main-panel-header rounded-window-top -->
          <div class="main-panel-content rounded-window-bottom">
          </div> <!-- main-panel-content rounded-window-bottom -->
        </div> <!-- panel -->
        <div panel-name="ignored-methods-Suite" class="panel">
          <div class="main-panel-header rounded-window-top">
            <span class="header-content">24 ignored methods</span>
          </div> <!-- main-panel-header rounded-window-top -->
          <div class="main-panel-content rounded-window-bottom">
            <div class="ignored-class-div">
              <span class="ignored-class-name">create.CreatePageTests</span>
              <div class="ignored-methods-div">
                <span class="ignored-method-name">TestMaxGroupCount</span>
                <br/>
                <span class="ignored-method-name">TestVMBackupSwitchOff</span>
                <br/>
                <span class="ignored-method-name">TestTemplateCheckBoxUnChecked</span>
                <br/>
                <span class="ignored-method-name">TestUpperThreshold</span>
                <br/>
                <span class="ignored-method-name">TestmaxRAMOfVerticalScaling</span>
                <br/>
                <span class="ignored-method-name">TestLoadBalancerOn</span>
                <br/>
                <span class="ignored-method-name">TestLoadBalancerOff</span>
                <br/>
                <span class="ignored-method-name">TestVerticalSwitchOff</span>
                <br/>
                <span class="ignored-method-name">TestSavedTemplatesRadioButton</span>
                <br/>
                <span class="ignored-method-name">TestHorizontalSwitchOn</span>
                <br/>
                <span class="ignored-method-name">TestErrorAlertBoxOfVcpu</span>
                <br/>
                <span class="ignored-method-name">TestErrorAlertBoxOfRAM</span>
                <br/>
                <span class="ignored-method-name">TestMinRAMOfVerticalScaling</span>
                <br/>
                <span class="ignored-method-name">TestHorizontalSwitchOff</span>
                <br/>
                <span class="ignored-method-name">TestSavedTemplatesDropDown</span>
                <br/>
                <span class="ignored-method-name">TestMinVcpuOfVerticalScaling</span>
                <br/>
                <span class="ignored-method-name">TestVerticalSwitchOn</span>
                <br/>
                <span class="ignored-method-name">TestLowerThreshold</span>
                <br/>
                <span class="ignored-method-name">TestDiskForVerticalScaling</span>
                <br/>
                <span class="ignored-method-name">TestVMNameTextBoxForHorizontal</span>
                <br/>
                <span class="ignored-method-name">TestSIEMSwitchOff</span>
                <br/>
                <span class="ignored-method-name">TestmaxVcpuOfVerticalScaling</span>
                <br/>
                <span class="ignored-method-name">TestNumberOfVM</span>
                <br/>
                <span class="ignored-method-name">TestOpenLoginPage</span>
                <br/>
              </div> <!-- ignored-methods-div -->
            </div> <!-- ignored-class-div -->
          </div> <!-- main-panel-content rounded-window-bottom -->
        </div> <!-- panel -->
        <div panel-name="chronological-Suite" class="panel">
          <div class="main-panel-header rounded-window-top">
            <span class="header-content">Methods in chronological order</span>
          </div> <!-- main-panel-header rounded-window-top -->
          <div class="main-panel-content rounded-window-bottom">
            <div class="chronological-class">
              <div class="chronological-class-name">setUpAndTearDown.SetAndDown</div> <!-- chronological-class-name -->
              <div class="configuration-suite before">
                <span class="method-name">DriverIntilization(CreatePageObjects)</span>
                <span class="method-start">0 ms</span>
              </div> <!-- configuration-suite before -->
              <div class="test-method">
                <span class="method-name">TestOpenLoginPage</span>
                <span class="method-start">104423 ms</span>
              </div> <!-- test-method -->
            </div> <!-- chronological-class -->
            <div class="chronological-class">
              <div class="chronological-class-name">create.CreatePageTests</div> <!-- chronological-class-name -->
              <div class="test-method">
                <span class="method-name">CertAndLogin</span>
                <span class="method-start">112221 ms</span>
              </div> <!-- test-method -->
              <div class="test-method">
                <span class="method-name">ClickOnCreateReource(Linux CLI)</span>
                <span class="method-start">130911 ms</span>
              </div> <!-- test-method -->
              <div class="test-method">
                <span class="method-name">TestLocationDropdown(Mysuru, India)</span>
                <span class="method-start">133714 ms</span>
              </div> <!-- test-method -->
              <div class="test-method">
                <img src="failed.png">
                </img>
                <span class="method-name">TestProjectNameDropdown(AT_Testing)</span>
                <span class="method-start">134504 ms</span>
              </div> <!-- test-method -->
              <div class="test-method">
                <img src="failed.png">
                </img>
                <span class="method-name">TestStoragePathDropdown(Storage_Linux_Sep17 - 850GB)</span>
                <span class="method-start">144857 ms</span>
              </div> <!-- test-method -->
              <div class="test-method">
                <span class="method-name">TestOSDropdown(Ubuntu 22.04 LTS (CLI), Storage_Linux_Sep17 - 850GB)</span>
                <span class="method-start">155085 ms</span>
              </div> <!-- test-method -->
              <div class="test-method">
                <span class="method-name">TestIOPSDropdown(200)</span>
                <span class="method-start">157425 ms</span>
              </div> <!-- test-method -->
              <div class="test-method">
                <span class="method-name">TestCustomRadioButton</span>
                <span class="method-start">157735 ms</span>
              </div> <!-- test-method -->
              <div class="test-method">
                <span class="method-name">TestVcpuForHorizontalScaling(2)</span>
                <span class="method-start">157918 ms</span>
              </div> <!-- test-method -->
              <div class="test-method">
                <span class="method-name">TestRAMForhorizontalScaling(2)</span>
                <span class="method-start">158193 ms</span>
              </div> <!-- test-method -->
              <div class="test-method">
                <span class="method-name">TestDiskForHorizontalScaling(32)</span>
                <span class="method-start">158411 ms</span>
              </div> <!-- test-method -->
              <div class="test-method">
                <span class="method-name">TestTemplateCheckBoxChecked</span>
                <span class="method-start">159472 ms</span>
              </div> <!-- test-method -->
              <div class="test-method">
                <span class="method-name">TestVMBackupSwitchOn</span>
                <span class="method-start">160015 ms</span>
              </div> <!-- test-method -->
              <div class="test-method">
                <span class="method-name">TestBackUpFrequencyDropdown(Daily)</span>
                <span class="method-start">160712 ms</span>
              </div> <!-- test-method -->
              <div class="test-method">
                <span class="method-name">TestRetentionPeriodDropdown(3 days)</span>
                <span class="method-start">161064 ms</span>
              </div> <!-- test-method -->
              <div class="test-method">
                <span class="method-name">TestSIEMSwitchOn</span>
                <span class="method-start">161397 ms</span>
              </div> <!-- test-method -->
              <div class="test-method">
                <span class="method-name">TestSIEMDropdown(SIEM_TEST_Server2 - 10.150.37.49)</span>
                <span class="method-start">162103 ms</span>
              </div> <!-- test-method -->
              <div class="test-method">
                <span class="method-name">TestVLANDropdown(10.150.37.0 - karthik)</span>
                <span class="method-start">162410 ms</span>
              </div> <!-- test-method -->
              <div class="test-method">
                <span class="method-name">TestVMNameTextBoxForVertical(test7,test8,test9, 3)</span>
                <span class="method-start">163916 ms</span>
              </div> <!-- test-method -->
              <div class="test-method">
                <span class="method-name">TestAssignRemoteUserButton</span>
                <span class="method-start">165390 ms</span>
              </div> <!-- test-method -->
              <div class="test-method">
                <span class="method-name">TestAssignRemoteUserModal(No, karthik, admin)</span>
                <span class="method-start">169123 ms</span>
              </div> <!-- test-method -->
              <div class="test-method">
                <span class="method-name">TestAssignRemoteUserModal(No, lead2, user)</span>
                <span class="method-start">169320 ms</span>
              </div> <!-- test-method -->
              <div class="test-method">
                <span class="method-name">TestAssignRemoteUserModal(No, lead3, admin)</span>
                <span class="method-start">169744 ms</span>
              </div> <!-- test-method -->
              <div class="test-method">
                <span class="method-name">TestSaveRolesButtonInAssignRolesModal</span>
                <span class="method-start">170221 ms</span>
              </div> <!-- test-method -->
              <div class="test-method">
                <img src="failed.png">
                </img>
                <span class="method-name">TestCreateButtontocheckErrorsInTheForm</span>
                <span class="method-start">170265 ms</span>
              </div> <!-- test-method -->
              <div class="test-method">
                <img src="failed.png">
                </img>
                <span class="method-name">TestCreateButtontocheckErrorsAfterSubmit</span>
                <span class="method-start">170342 ms</span>
              </div> <!-- test-method -->
              <div class="test-method">
                <span class="method-name">TestCreateButtontocheckSuccessMessageAfterSubmit</span>
                <span class="method-start">180593 ms</span>
              </div> <!-- test-method -->
              <div class="test-method">
                <img src="failed.png">
                </img>
                <span class="method-name">TestIPAddress</span>
                <span class="method-start">187706 ms</span>
              </div> <!-- test-method -->
            </div> <!-- chronological-class -->
            <div class="chronological-class">
              <div class="chronological-class-name">setUpAndTearDown.SetAndDown</div> <!-- chronological-class-name -->
              <div class="configuration-suite after">
                <span class="method-name">TearDown</span>
                <span class="method-start">11523492 ms</span>
              </div> <!-- configuration-suite after -->
          </div> <!-- main-panel-content rounded-window-bottom -->
        </div> <!-- panel -->
      </div> <!-- main-panel-root -->
    </div> <!-- wrapper -->
  </body>
<script type="text/javascript" src="testng-reports2.js"></script>
</html>
