<?xml version="1.0" encoding="UTF-8"?>
<testng-results ignored="0" total="29" passed="24" failed="5" skipped="0">
  <reporter-output>
  </reporter-output>
  <suite started-at="2024-12-16T12:49:31 IST" name="Suite" finished-at="2024-12-16T15:59:50 IST" duration-ms="11419039">
    <groups>
      <group name="Vertical">
        <method signature="CreatePageTests.TestLocationDropdown(java.lang.String)[pri:3, instance:create.CreatePageTests@7494f96a]" name="TestLocationDropdown" class="create.CreatePageTests"/>
        <method signature="CreatePageTests.TestProjectNameDropdown(java.lang.String)[pri:4, instance:create.CreatePageTests@7494f96a]" name="TestProjectNameDropdown" class="create.CreatePageTests"/>
        <method signature="CreatePageTests.TestStoragePathDropdown(java.lang.String)[pri:5, instance:create.CreatePageTests@7494f96a]" name="TestStoragePathDropdown" class="create.CreatePageTests"/>
        <method signature="CreatePageTests.TestOSDropdown(java.lang.String,java.lang.String)[pri:6, instance:create.CreatePageTests@7494f96a]" name="TestOSDropdown" class="create.CreatePageTests"/>
        <method signature="CreatePageTests.TestIOPSDropdown(java.lang.String)[pri:7, instance:create.CreatePageTests@7494f96a]" name="TestIOPSDropdown" class="create.CreatePageTests"/>
        <method signature="CreatePageTests.TestVMBackupSwitchOn()[pri:33, instance:create.CreatePageTests@7494f96a]" name="TestVMBackupSwitchOn" class="create.CreatePageTests"/>
        <method signature="CreatePageTests.TestBackUpFrequencyDropdown(java.lang.String)[pri:34, instance:create.CreatePageTests@7494f96a]" name="TestBackUpFrequencyDropdown" class="create.CreatePageTests"/>
        <method signature="CreatePageTests.TestRetentionPeriodDropdown(java.lang.String)[pri:35, instance:create.CreatePageTests@7494f96a]" name="TestRetentionPeriodDropdown" class="create.CreatePageTests"/>
        <method signature="CreatePageTests.TestSIEMSwitchOn()[pri:36, instance:create.CreatePageTests@7494f96a]" name="TestSIEMSwitchOn" class="create.CreatePageTests"/>
        <method signature="CreatePageTests.TestSIEMDropdown(java.lang.String)[pri:38, instance:create.CreatePageTests@7494f96a]" name="TestSIEMDropdown" class="create.CreatePageTests"/>
        <method signature="CreatePageTests.TestVLANDropdown(java.lang.String)[pri:39, instance:create.CreatePageTests@7494f96a]" name="TestVLANDropdown" class="create.CreatePageTests"/>
        <method signature="CreatePageTests.TestVMNameTextBoxForVertical(java.lang.String,java.lang.String)[pri:42, instance:create.CreatePageTests@7494f96a]" name="TestVMNameTextBoxForVertical" class="create.CreatePageTests"/>
        <method signature="CreatePageTests.TestAssignRemoteUserButton()[pri:43, instance:create.CreatePageTests@7494f96a]" name="TestAssignRemoteUserButton" class="create.CreatePageTests"/>
        <method signature="CreatePageTests.TestAssignRemoteUserModal(java.lang.String,java.lang.String,java.lang.String)[pri:44, instance:create.CreatePageTests@7494f96a]" name="TestAssignRemoteUserModal" class="create.CreatePageTests"/>
        <method signature="CreatePageTests.TestSaveRolesButtonInAssignRolesModal()[pri:45, instance:create.CreatePageTests@7494f96a]" name="TestSaveRolesButtonInAssignRolesModal" class="create.CreatePageTests"/>
        <method signature="CreatePageTests.TestCreateButtontocheckErrorsInTheForm()[pri:46, instance:create.CreatePageTests@7494f96a]" name="TestCreateButtontocheckErrorsInTheForm" class="create.CreatePageTests"/>
        <method signature="CreatePageTests.TestCreateButtontocheckErrorsAfterSubmit()[pri:47, instance:create.CreatePageTests@7494f96a]" name="TestCreateButtontocheckErrorsAfterSubmit" class="create.CreatePageTests"/>
        <method signature="CreatePageTests.TestCreateButtontocheckSuccessMessageAfterSubmit()[pri:48, instance:create.CreatePageTests@7494f96a]" name="TestCreateButtontocheckSuccessMessageAfterSubmit" class="create.CreatePageTests"/>
        <method signature="CreatePageTests.TestIPAddress()[pri:49, instance:create.CreatePageTests@7494f96a]" name="TestIPAddress" class="create.CreatePageTests"/>
      </group> <!-- Vertical -->
      <group name="TestCreateButtontocheckErrorsAfterSubmit">
        <method signature="CreatePageTests.TestCreateButtontocheckErrorsAfterSubmit()[pri:47, instance:create.CreatePageTests@7494f96a]" name="TestCreateButtontocheckErrorsAfterSubmit" class="create.CreatePageTests"/>
      </group> <!-- TestCreateButtontocheckErrorsAfterSubmit -->
      <group name="TestSaveRolesButtonInAssignRolesModal">
        <method signature="CreatePageTests.TestSaveRolesButtonInAssignRolesModal()[pri:45, instance:create.CreatePageTests@7494f96a]" name="TestSaveRolesButtonInAssignRolesModal" class="create.CreatePageTests"/>
      </group> <!-- TestSaveRolesButtonInAssignRolesModal -->
      <group name="Horizontal">
        <method signature="CreatePageTests.TestLocationDropdown(java.lang.String)[pri:3, instance:create.CreatePageTests@7494f96a]" name="TestLocationDropdown" class="create.CreatePageTests"/>
        <method signature="CreatePageTests.TestProjectNameDropdown(java.lang.String)[pri:4, instance:create.CreatePageTests@7494f96a]" name="TestProjectNameDropdown" class="create.CreatePageTests"/>
        <method signature="CreatePageTests.TestStoragePathDropdown(java.lang.String)[pri:5, instance:create.CreatePageTests@7494f96a]" name="TestStoragePathDropdown" class="create.CreatePageTests"/>
        <method signature="CreatePageTests.TestOSDropdown(java.lang.String,java.lang.String)[pri:6, instance:create.CreatePageTests@7494f96a]" name="TestOSDropdown" class="create.CreatePageTests"/>
        <method signature="CreatePageTests.TestIOPSDropdown(java.lang.String)[pri:7, instance:create.CreatePageTests@7494f96a]" name="TestIOPSDropdown" class="create.CreatePageTests"/>
        <method signature="CreatePageTests.TestVcpuForHorizontalScaling(java.lang.String)[pri:17, instance:create.CreatePageTests@7494f96a]" name="TestVcpuForHorizontalScaling" class="create.CreatePageTests"/>
        <method signature="CreatePageTests.TestRAMForhorizontalScaling(java.lang.String)[pri:21, instance:create.CreatePageTests@7494f96a]" name="TestRAMForhorizontalScaling" class="create.CreatePageTests"/>
        <method signature="CreatePageTests.TestDiskForHorizontalScaling(java.lang.String)[pri:25, instance:create.CreatePageTests@7494f96a]" name="TestDiskForHorizontalScaling" class="create.CreatePageTests"/>
        <method signature="CreatePageTests.TestTemplateCheckBoxChecked()[pri:29, instance:create.CreatePageTests@7494f96a]" name="TestTemplateCheckBoxChecked" class="create.CreatePageTests"/>
        <method signature="CreatePageTests.TestVMBackupSwitchOn()[pri:33, instance:create.CreatePageTests@7494f96a]" name="TestVMBackupSwitchOn" class="create.CreatePageTests"/>
        <method signature="CreatePageTests.TestBackUpFrequencyDropdown(java.lang.String)[pri:34, instance:create.CreatePageTests@7494f96a]" name="TestBackUpFrequencyDropdown" class="create.CreatePageTests"/>
        <method signature="CreatePageTests.TestRetentionPeriodDropdown(java.lang.String)[pri:35, instance:create.CreatePageTests@7494f96a]" name="TestRetentionPeriodDropdown" class="create.CreatePageTests"/>
        <method signature="CreatePageTests.TestSIEMSwitchOn()[pri:36, instance:create.CreatePageTests@7494f96a]" name="TestSIEMSwitchOn" class="create.CreatePageTests"/>
        <method signature="CreatePageTests.TestSIEMDropdown(java.lang.String)[pri:38, instance:create.CreatePageTests@7494f96a]" name="TestSIEMDropdown" class="create.CreatePageTests"/>
        <method signature="CreatePageTests.TestVLANDropdown(java.lang.String)[pri:39, instance:create.CreatePageTests@7494f96a]" name="TestVLANDropdown" class="create.CreatePageTests"/>
        <method signature="CreatePageTests.TestAssignRemoteUserButton()[pri:43, instance:create.CreatePageTests@7494f96a]" name="TestAssignRemoteUserButton" class="create.CreatePageTests"/>
        <method signature="CreatePageTests.TestAssignRemoteUserModal(java.lang.String,java.lang.String,java.lang.String)[pri:44, instance:create.CreatePageTests@7494f96a]" name="TestAssignRemoteUserModal" class="create.CreatePageTests"/>
        <method signature="CreatePageTests.TestSaveRolesButtonInAssignRolesModal()[pri:45, instance:create.CreatePageTests@7494f96a]" name="TestSaveRolesButtonInAssignRolesModal" class="create.CreatePageTests"/>
        <method signature="CreatePageTests.TestCreateButtontocheckErrorsInTheForm()[pri:46, instance:create.CreatePageTests@7494f96a]" name="TestCreateButtontocheckErrorsInTheForm" class="create.CreatePageTests"/>
        <method signature="CreatePageTests.TestCreateButtontocheckErrorsAfterSubmit()[pri:47, instance:create.CreatePageTests@7494f96a]" name="TestCreateButtontocheckErrorsAfterSubmit" class="create.CreatePageTests"/>
        <method signature="CreatePageTests.TestCreateButtontocheckSuccessMessageAfterSubmit()[pri:48, instance:create.CreatePageTests@7494f96a]" name="TestCreateButtontocheckSuccessMessageAfterSubmit" class="create.CreatePageTests"/>
        <method signature="CreatePageTests.TestIPAddress()[pri:49, instance:create.CreatePageTests@7494f96a]" name="TestIPAddress" class="create.CreatePageTests"/>
      </group> <!-- Horizontal -->
      <group name="TestProjectNameDropdown">
        <method signature="CreatePageTests.TestProjectNameDropdown(java.lang.String)[pri:4, instance:create.CreatePageTests@7494f96a]" name="TestProjectNameDropdown" class="create.CreatePageTests"/>
      </group> <!-- TestProjectNameDropdown -->
      <group name="TestIPAddress">
        <method signature="CreatePageTests.TestIPAddress()[pri:49, instance:create.CreatePageTests@7494f96a]" name="TestIPAddress" class="create.CreatePageTests"/>
      </group> <!-- TestIPAddress -->
      <group name="TestAssignRemoteUserModal">
        <method signature="CreatePageTests.TestAssignRemoteUserModal(java.lang.String,java.lang.String,java.lang.String)[pri:44, instance:create.CreatePageTests@7494f96a]" name="TestAssignRemoteUserModal" class="create.CreatePageTests"/>
      </group> <!-- TestAssignRemoteUserModal -->
      <group name="TestVcpuForHorizontalScaling">
        <method signature="CreatePageTests.TestVcpuForHorizontalScaling(java.lang.String)[pri:17, instance:create.CreatePageTests@7494f96a]" name="TestVcpuForHorizontalScaling" class="create.CreatePageTests"/>
      </group> <!-- TestVcpuForHorizontalScaling -->
      <group name="TestCreateButtontocheckSuccessMessageAfterSubmit">
        <method signature="CreatePageTests.TestCreateButtontocheckSuccessMessageAfterSubmit()[pri:48, instance:create.CreatePageTests@7494f96a]" name="TestCreateButtontocheckSuccessMessageAfterSubmit" class="create.CreatePageTests"/>
      </group> <!-- TestCreateButtontocheckSuccessMessageAfterSubmit -->
      <group name="TestCreateButtontocheckErrorsInTheForm">
        <method signature="CreatePageTests.TestCreateButtontocheckErrorsInTheForm()[pri:46, instance:create.CreatePageTests@7494f96a]" name="TestCreateButtontocheckErrorsInTheForm" class="create.CreatePageTests"/>
      </group> <!-- TestCreateButtontocheckErrorsInTheForm -->
      <group name="TestSIEMDropdown">
        <method signature="CreatePageTests.TestSIEMDropdown(java.lang.String)[pri:38, instance:create.CreatePageTests@7494f96a]" name="TestSIEMDropdown" class="create.CreatePageTests"/>
      </group> <!-- TestSIEMDropdown -->
      <group name="TestVLANDropdown">
        <method signature="CreatePageTests.TestVLANDropdown(java.lang.String)[pri:39, instance:create.CreatePageTests@7494f96a]" name="TestVLANDropdown" class="create.CreatePageTests"/>
      </group> <!-- TestVLANDropdown -->
      <group name="TestTemplateCheckBoxChecked">
        <method signature="CreatePageTests.TestTemplateCheckBoxChecked()[pri:29, instance:create.CreatePageTests@7494f96a]" name="TestTemplateCheckBoxChecked" class="create.CreatePageTests"/>
      </group> <!-- TestTemplateCheckBoxChecked -->
      <group name="TestCustomRadioButton">
        <method signature="CreatePageTests.TestCustomRadioButton()[pri:14, instance:create.CreatePageTests@7494f96a]" name="TestCustomRadioButton" class="create.CreatePageTests"/>
      </group> <!-- TestCustomRadioButton -->
      <group name="TestOSDropdown">
        <method signature="CreatePageTests.TestOSDropdown(java.lang.String,java.lang.String)[pri:6, instance:create.CreatePageTests@7494f96a]" name="TestOSDropdown" class="create.CreatePageTests"/>
      </group> <!-- TestOSDropdown -->
      <group name="TestSIEMSwitchOn">
        <method signature="CreatePageTests.TestSIEMSwitchOn()[pri:36, instance:create.CreatePageTests@7494f96a]" name="TestSIEMSwitchOn" class="create.CreatePageTests"/>
      </group> <!-- TestSIEMSwitchOn -->
      <group name="TestBackUpFrequencyDropdown">
        <method signature="CreatePageTests.TestBackUpFrequencyDropdown(java.lang.String)[pri:34, instance:create.CreatePageTests@7494f96a]" name="TestBackUpFrequencyDropdown" class="create.CreatePageTests"/>
      </group> <!-- TestBackUpFrequencyDropdown -->
      <group name="TestAssignRemoteUserButton">
        <method signature="CreatePageTests.TestAssignRemoteUserButton()[pri:43, instance:create.CreatePageTests@7494f96a]" name="TestAssignRemoteUserButton" class="create.CreatePageTests"/>
      </group> <!-- TestAssignRemoteUserButton -->
      <group name="CertAndLogin">
        <method signature="CreatePageTests.CertAndLogin()[pri:1, instance:create.CreatePageTests@7494f96a]" name="CertAndLogin" class="create.CreatePageTests"/>
      </group> <!-- CertAndLogin -->
      <group name="TestVMBackupSwitchOn">
        <method signature="CreatePageTests.TestVMBackupSwitchOn()[pri:33, instance:create.CreatePageTests@7494f96a]" name="TestVMBackupSwitchOn" class="create.CreatePageTests"/>
      </group> <!-- TestVMBackupSwitchOn -->
      <group name="TestIOPSDropdown">
        <method signature="CreatePageTests.TestIOPSDropdown(java.lang.String)[pri:7, instance:create.CreatePageTests@7494f96a]" name="TestIOPSDropdown" class="create.CreatePageTests"/>
      </group> <!-- TestIOPSDropdown -->
      <group name="TestVMNameTextBoxForVertical">
        <method signature="CreatePageTests.TestVMNameTextBoxForVertical(java.lang.String,java.lang.String)[pri:42, instance:create.CreatePageTests@7494f96a]" name="TestVMNameTextBoxForVertical" class="create.CreatePageTests"/>
      </group> <!-- TestVMNameTextBoxForVertical -->
      <group name="TestRAMForhorizontalScaling">
        <method signature="CreatePageTests.TestRAMForhorizontalScaling(java.lang.String)[pri:21, instance:create.CreatePageTests@7494f96a]" name="TestRAMForhorizontalScaling" class="create.CreatePageTests"/>
      </group> <!-- TestRAMForhorizontalScaling -->
      <group name="TestStoragePathDropdown">
        <method signature="CreatePageTests.TestStoragePathDropdown(java.lang.String)[pri:5, instance:create.CreatePageTests@7494f96a]" name="TestStoragePathDropdown" class="create.CreatePageTests"/>
      </group> <!-- TestStoragePathDropdown -->
      <group name="TestLocationDropdown">
        <method signature="CreatePageTests.TestLocationDropdown(java.lang.String)[pri:3, instance:create.CreatePageTests@7494f96a]" name="TestLocationDropdown" class="create.CreatePageTests"/>
      </group> <!-- TestLocationDropdown -->
      <group name="ClickOnCreateReource">
        <method signature="CreatePageTests.ClickOnCreateReource(java.lang.String)[pri:2, instance:create.CreatePageTests@7494f96a]" name="ClickOnCreateReource" class="create.CreatePageTests"/>
      </group> <!-- ClickOnCreateReource -->
      <group name="TestRetentionPeriodDropdown">
        <method signature="CreatePageTests.TestRetentionPeriodDropdown(java.lang.String)[pri:35, instance:create.CreatePageTests@7494f96a]" name="TestRetentionPeriodDropdown" class="create.CreatePageTests"/>
      </group> <!-- TestRetentionPeriodDropdown -->
      <group name="TestDiskForHorizontalScaling">
        <method signature="CreatePageTests.TestDiskForHorizontalScaling(java.lang.String)[pri:25, instance:create.CreatePageTests@7494f96a]" name="TestDiskForHorizontalScaling" class="create.CreatePageTests"/>
      </group> <!-- TestDiskForHorizontalScaling -->
      <group name="None">
        <method signature="CreatePageTests.TestLocationDropdown(java.lang.String)[pri:3, instance:create.CreatePageTests@7494f96a]" name="TestLocationDropdown" class="create.CreatePageTests"/>
        <method signature="CreatePageTests.TestProjectNameDropdown(java.lang.String)[pri:4, instance:create.CreatePageTests@7494f96a]" name="TestProjectNameDropdown" class="create.CreatePageTests"/>
        <method signature="CreatePageTests.TestStoragePathDropdown(java.lang.String)[pri:5, instance:create.CreatePageTests@7494f96a]" name="TestStoragePathDropdown" class="create.CreatePageTests"/>
        <method signature="CreatePageTests.TestOSDropdown(java.lang.String,java.lang.String)[pri:6, instance:create.CreatePageTests@7494f96a]" name="TestOSDropdown" class="create.CreatePageTests"/>
        <method signature="CreatePageTests.TestIOPSDropdown(java.lang.String)[pri:7, instance:create.CreatePageTests@7494f96a]" name="TestIOPSDropdown" class="create.CreatePageTests"/>
        <method signature="CreatePageTests.TestCustomRadioButton()[pri:14, instance:create.CreatePageTests@7494f96a]" name="TestCustomRadioButton" class="create.CreatePageTests"/>
        <method signature="CreatePageTests.TestVcpuForHorizontalScaling(java.lang.String)[pri:17, instance:create.CreatePageTests@7494f96a]" name="TestVcpuForHorizontalScaling" class="create.CreatePageTests"/>
        <method signature="CreatePageTests.TestRAMForhorizontalScaling(java.lang.String)[pri:21, instance:create.CreatePageTests@7494f96a]" name="TestRAMForhorizontalScaling" class="create.CreatePageTests"/>
        <method signature="CreatePageTests.TestDiskForHorizontalScaling(java.lang.String)[pri:25, instance:create.CreatePageTests@7494f96a]" name="TestDiskForHorizontalScaling" class="create.CreatePageTests"/>
        <method signature="CreatePageTests.TestTemplateCheckBoxChecked()[pri:29, instance:create.CreatePageTests@7494f96a]" name="TestTemplateCheckBoxChecked" class="create.CreatePageTests"/>
        <method signature="CreatePageTests.TestVMBackupSwitchOn()[pri:33, instance:create.CreatePageTests@7494f96a]" name="TestVMBackupSwitchOn" class="create.CreatePageTests"/>
        <method signature="CreatePageTests.TestBackUpFrequencyDropdown(java.lang.String)[pri:34, instance:create.CreatePageTests@7494f96a]" name="TestBackUpFrequencyDropdown" class="create.CreatePageTests"/>
        <method signature="CreatePageTests.TestRetentionPeriodDropdown(java.lang.String)[pri:35, instance:create.CreatePageTests@7494f96a]" name="TestRetentionPeriodDropdown" class="create.CreatePageTests"/>
        <method signature="CreatePageTests.TestSIEMSwitchOn()[pri:36, instance:create.CreatePageTests@7494f96a]" name="TestSIEMSwitchOn" class="create.CreatePageTests"/>
        <method signature="CreatePageTests.TestSIEMDropdown(java.lang.String)[pri:38, instance:create.CreatePageTests@7494f96a]" name="TestSIEMDropdown" class="create.CreatePageTests"/>
        <method signature="CreatePageTests.TestVLANDropdown(java.lang.String)[pri:39, instance:create.CreatePageTests@7494f96a]" name="TestVLANDropdown" class="create.CreatePageTests"/>
        <method signature="CreatePageTests.TestVMNameTextBoxForVertical(java.lang.String,java.lang.String)[pri:42, instance:create.CreatePageTests@7494f96a]" name="TestVMNameTextBoxForVertical" class="create.CreatePageTests"/>
        <method signature="CreatePageTests.TestAssignRemoteUserButton()[pri:43, instance:create.CreatePageTests@7494f96a]" name="TestAssignRemoteUserButton" class="create.CreatePageTests"/>
        <method signature="CreatePageTests.TestAssignRemoteUserModal(java.lang.String,java.lang.String,java.lang.String)[pri:44, instance:create.CreatePageTests@7494f96a]" name="TestAssignRemoteUserModal" class="create.CreatePageTests"/>
        <method signature="CreatePageTests.TestSaveRolesButtonInAssignRolesModal()[pri:45, instance:create.CreatePageTests@7494f96a]" name="TestSaveRolesButtonInAssignRolesModal" class="create.CreatePageTests"/>
        <method signature="CreatePageTests.TestCreateButtontocheckErrorsInTheForm()[pri:46, instance:create.CreatePageTests@7494f96a]" name="TestCreateButtontocheckErrorsInTheForm" class="create.CreatePageTests"/>
        <method signature="CreatePageTests.TestCreateButtontocheckErrorsAfterSubmit()[pri:47, instance:create.CreatePageTests@7494f96a]" name="TestCreateButtontocheckErrorsAfterSubmit" class="create.CreatePageTests"/>
        <method signature="CreatePageTests.TestCreateButtontocheckSuccessMessageAfterSubmit()[pri:48, instance:create.CreatePageTests@7494f96a]" name="TestCreateButtontocheckSuccessMessageAfterSubmit" class="create.CreatePageTests"/>
        <method signature="CreatePageTests.TestIPAddress()[pri:49, instance:create.CreatePageTests@7494f96a]" name="TestIPAddress" class="create.CreatePageTests"/>
      </group> <!-- None -->
    </groups>
    <test started-at="2024-12-16T12:49:31 IST" name="TestUrlForValidLogin" finished-at="2024-12-16T12:49:39 IST" duration-ms="7772">
      <class name="setUpAndTearDown.SetAndDown">
        <test-method signature="TestOpenLoginPage()[pri:1, instance:setUpAndTearDown.SetAndDown@292b08d6]" started-at="2024-12-16T12:49:31 IST" name="TestOpenLoginPage" finished-at="2024-12-16T12:49:38 IST" duration-ms="7708" status="PASS">
          <reporter-output>
          </reporter-output>
        </test-method> <!-- TestOpenLoginPage -->
      </class> <!-- setUpAndTearDown.SetAndDown -->
    </test> <!-- TestUrlForValidLogin -->
    <test started-at="2024-12-16T12:49:39 IST" name="CreatePageTests" finished-at="2024-12-16T15:59:50 IST" duration-ms="11411195">
      <class name="create.CreatePageTests">
        <test-method signature="CertAndLogin()[pri:1, instance:create.CreatePageTests@7494f96a]" started-at="2024-12-16T12:49:39 IST" name="CertAndLogin" finished-at="2024-12-16T12:49:56 IST" duration-ms="17160" status="PASS">
          <reporter-output>
          </reporter-output>
        </test-method> <!-- CertAndLogin -->
        <test-method signature="ClickOnCreateReource(java.lang.String)[pri:2, instance:create.CreatePageTests@7494f96a]" started-at="2024-12-16T12:49:57 IST" name="ClickOnCreateReource" data-provider="dataProvider" finished-at="2024-12-16T12:50:00 IST" depends-on-methods="create.CreatePageTests.CertAndLogin" duration-ms="2444" status="PASS">
          <params>
            <param index="0">
              <value>
                <![CDATA[Linux CLI]]>
              </value>
            </param>
          </params>
          <reporter-output>
          </reporter-output>
        </test-method> <!-- ClickOnCreateReource -->
        <test-method signature="TestLocationDropdown(java.lang.String)[pri:3, instance:create.CreatePageTests@7494f96a]" started-at="2024-12-16T12:50:00 IST" name="TestLocationDropdown" data-provider="dataProvider" finished-at="2024-12-16T12:50:01 IST" depends-on-methods="create.CreatePageTests.ClickOnCreateReource" duration-ms="545" status="PASS">
          <params>
            <param index="0">
              <value>
                <![CDATA[Mysuru, India]]>
              </value>
            </param>
          </params>
          <reporter-output>
          </reporter-output>
        </test-method> <!-- TestLocationDropdown -->
        <test-method signature="TestProjectNameDropdown(java.lang.String)[pri:4, instance:create.CreatePageTests@7494f96a]" started-at="2024-12-16T12:50:01 IST" name="TestProjectNameDropdown" data-provider="dataProvider" finished-at="2024-12-16T12:50:11 IST" depends-on-methods="create.CreatePageTests.ClickOnCreateReource" duration-ms="10229" status="FAIL">
          <params>
            <param index="0">
              <value>
                <![CDATA[AT_Testing]]>
              </value>
            </param>
          </params>
          <exception class="org.openqa.selenium.TimeoutException">
            <message>
              <![CDATA[Expected condition failed: waiting for create.CreatePageTests$7@2287395 (tried for 10 second(s) with 500 milliseconds interval)
Build info: version: '4.23.1', revision: '656257d8e9'
System info: os.name: 'Windows 10', os.arch: 'amd64', os.version: '10.0', java.version: '17.0.12'
Driver info: org.openqa.selenium.chrome.ChromeDriver
Capabilities {acceptInsecureCerts: false, browserName: chrome, browserVersion: 131.0.6778.140, chrome: {chromedriverVersion: 131.0.6778.108 (3b014839fbc..., userDataDir: C:\Users\santosh\AppData\Lo...}, fedcm:accounts: true, goog:chromeOptions: {debuggerAddress: localhost:50087}, networkConnectionEnabled: false, pageLoadStrategy: normal, platformName: windows, proxy: Proxy(), se:cdp: ws://localhost:50087/devtoo..., se:cdpVersion: 131.0.6778.140, setWindowRect: true, strictFileInteractability: false, timeouts: {implicit: 0, pageLoad: 300000, script: 30000}, unhandledPromptBehavior: dismiss and notify, webauthn:extension:credBlob: true, webauthn:extension:largeBlob: true, webauthn:extension:minPinLength: true, webauthn:extension:prf: true, webauthn:virtualAuthenticators: true}
Session ID: a625cc7e70212e6d08dfc4c6260c275a]]>
            </message>
            <full-stacktrace>
              <![CDATA[org.openqa.selenium.TimeoutException: Expected condition failed: waiting for create.CreatePageTests$7@2287395 (tried for 10 second(s) with 500 milliseconds interval)
Build info: version: '4.23.1', revision: '656257d8e9'
System info: os.name: 'Windows 10', os.arch: 'amd64', os.version: '10.0', java.version: '17.0.12'
Driver info: org.openqa.selenium.chrome.ChromeDriver
Capabilities {acceptInsecureCerts: false, browserName: chrome, browserVersion: 131.0.6778.140, chrome: {chromedriverVersion: 131.0.6778.108 (3b014839fbc..., userDataDir: C:\Users\santosh\AppData\Lo...}, fedcm:accounts: true, goog:chromeOptions: {debuggerAddress: localhost:50087}, networkConnectionEnabled: false, pageLoadStrategy: normal, platformName: windows, proxy: Proxy(), se:cdp: ws://localhost:50087/devtoo..., se:cdpVersion: 131.0.6778.140, setWindowRect: true, strictFileInteractability: false, timeouts: {implicit: 0, pageLoad: 300000, script: 30000}, unhandledPromptBehavior: dismiss and notify, webauthn:extension:credBlob: true, webauthn:extension:largeBlob: true, webauthn:extension:minPinLength: true, webauthn:extension:prf: true, webauthn:virtualAuthenticators: true}
Session ID: a625cc7e70212e6d08dfc4c6260c275a
at org.openqa.selenium.support.ui.WebDriverWait.timeoutException(WebDriverWait.java:84)
at org.openqa.selenium.support.ui.FluentWait.until(FluentWait.java:228)
at create.CreatePageTests.CustomeWait(CreatePageTests.java:1065)
at create.CreatePageTests.TestProjectNameDropdown(CreatePageTests.java:67)
at java.base/jdk.internal.reflect.NativeMethodAccessorImpl.invoke0(Native Method)
at java.base/jdk.internal.reflect.NativeMethodAccessorImpl.invoke(NativeMethodAccessorImpl.java:77)
at java.base/jdk.internal.reflect.DelegatingMethodAccessorImpl.invoke(DelegatingMethodAccessorImpl.java:43)
at java.base/java.lang.reflect.Method.invoke(Method.java:569)
at org.testng.internal.invokers.MethodInvocationHelper.invokeMethod(MethodInvocationHelper.java:141)
at org.testng.internal.invokers.TestInvoker.invokeMethod(TestInvoker.java:686)
at org.testng.internal.invokers.TestInvoker.invokeTestMethod(TestInvoker.java:230)
at org.testng.internal.invokers.MethodRunner.runInSequence(MethodRunner.java:63)
at org.testng.internal.invokers.TestInvoker$MethodInvocationAgent.invoke(TestInvoker.java:992)
at org.testng.internal.invokers.TestInvoker.invokeTestMethods(TestInvoker.java:203)
at org.testng.internal.invokers.TestMethodWorker.invokeTestMethods(TestMethodWorker.java:154)
at org.testng.internal.invokers.TestMethodWorker.run(TestMethodWorker.java:134)
at java.base/java.util.ArrayList.forEach(ArrayList.java:1511)
at org.testng.TestRunner.privateRun(TestRunner.java:739)
at org.testng.TestRunner.run(TestRunner.java:614)
at org.testng.SuiteRunner.runTest(SuiteRunner.java:421)
at org.testng.SuiteRunner.runSequentially(SuiteRunner.java:413)
at org.testng.SuiteRunner.privateRun(SuiteRunner.java:373)
at org.testng.SuiteRunner.run(SuiteRunner.java:312)
at org.testng.SuiteRunnerWorker.runSuite(SuiteRunnerWorker.java:52)
at org.testng.SuiteRunnerWorker.run(SuiteRunnerWorker.java:95)
at org.testng.TestNG.runSuitesSequentially(TestNG.java:1274)
at org.testng.TestNG.runSuitesLocally(TestNG.java:1208)
at org.testng.TestNG.runSuites(TestNG.java:1112)
at org.testng.TestNG.run(TestNG.java:1079)
at org.testng.remote.AbstractRemoteTestNG.run(AbstractRemoteTestNG.java:115)
at org.testng.remote.RemoteTestNG.initAndRun(RemoteTestNG.java:293)
at org.testng.remote.RemoteTestNG.main(RemoteTestNG.java:91)
]]>
            </full-stacktrace>
          </exception> <!-- org.openqa.selenium.TimeoutException -->
          <reporter-output>
          </reporter-output>
        </test-method> <!-- TestProjectNameDropdown -->
        <test-method signature="TestStoragePathDropdown(java.lang.String)[pri:5, instance:create.CreatePageTests@7494f96a]" started-at="2024-12-16T12:50:11 IST" name="TestStoragePathDropdown" data-provider="dataProvider" finished-at="2024-12-16T12:50:21 IST" depends-on-methods="create.CreatePageTests.ClickOnCreateReource" duration-ms="10104" status="FAIL">
          <params>
            <param index="0">
              <value>
                <![CDATA[Storage_Linux_Sep17 - 850GB]]>
              </value>
            </param>
          </params>
          <exception class="java.lang.AssertionError">
            <message>
              <![CDATA[Given Value Storage_Linux_Sep17 - 850GB is not available in the dropdown expected [true] but found [false]]]>
            </message>
            <full-stacktrace>
              <![CDATA[java.lang.AssertionError: Given Value Storage_Linux_Sep17 - 850GB is not available in the dropdown expected [true] but found [false]
at org.testng.Assert.fail(Assert.java:111)
at org.testng.Assert.failNotEquals(Assert.java:1578)
at org.testng.Assert.assertTrue(Assert.java:57)
at create.CreatePageTests.TestStoragePathDropdown(CreatePageTests.java:92)
at java.base/jdk.internal.reflect.NativeMethodAccessorImpl.invoke0(Native Method)
at java.base/jdk.internal.reflect.NativeMethodAccessorImpl.invoke(NativeMethodAccessorImpl.java:77)
at java.base/jdk.internal.reflect.DelegatingMethodAccessorImpl.invoke(DelegatingMethodAccessorImpl.java:43)
at java.base/java.lang.reflect.Method.invoke(Method.java:569)
at org.testng.internal.invokers.MethodInvocationHelper.invokeMethod(MethodInvocationHelper.java:141)
at org.testng.internal.invokers.TestInvoker.invokeMethod(TestInvoker.java:686)
at org.testng.internal.invokers.TestInvoker.invokeTestMethod(TestInvoker.java:230)
at org.testng.internal.invokers.MethodRunner.runInSequence(MethodRunner.java:63)
at org.testng.internal.invokers.TestInvoker$MethodInvocationAgent.invoke(TestInvoker.java:992)
at org.testng.internal.invokers.TestInvoker.invokeTestMethods(TestInvoker.java:203)
at org.testng.internal.invokers.TestMethodWorker.invokeTestMethods(TestMethodWorker.java:154)
at org.testng.internal.invokers.TestMethodWorker.run(TestMethodWorker.java:134)
at java.base/java.util.ArrayList.forEach(ArrayList.java:1511)
at org.testng.TestRunner.privateRun(TestRunner.java:739)
at org.testng.TestRunner.run(TestRunner.java:614)
at org.testng.SuiteRunner.runTest(SuiteRunner.java:421)
at org.testng.SuiteRunner.runSequentially(SuiteRunner.java:413)
at org.testng.SuiteRunner.privateRun(SuiteRunner.java:373)
at org.testng.SuiteRunner.run(SuiteRunner.java:312)
at org.testng.SuiteRunnerWorker.runSuite(SuiteRunnerWorker.java:52)
at org.testng.SuiteRunnerWorker.run(SuiteRunnerWorker.java:95)
at org.testng.TestNG.runSuitesSequentially(TestNG.java:1274)
at org.testng.TestNG.runSuitesLocally(TestNG.java:1208)
at org.testng.TestNG.runSuites(TestNG.java:1112)
at org.testng.TestNG.run(TestNG.java:1079)
at org.testng.remote.AbstractRemoteTestNG.run(AbstractRemoteTestNG.java:115)
at org.testng.remote.RemoteTestNG.initAndRun(RemoteTestNG.java:293)
at org.testng.remote.RemoteTestNG.main(RemoteTestNG.java:91)
]]>
            </full-stacktrace>
          </exception> <!-- java.lang.AssertionError -->
          <reporter-output>
          </reporter-output>
        </test-method> <!-- TestStoragePathDropdown -->
        <test-method signature="TestOSDropdown(java.lang.String,java.lang.String)[pri:6, instance:create.CreatePageTests@7494f96a]" started-at="2024-12-16T12:50:21 IST" name="TestOSDropdown" data-provider="dataProvider" finished-at="2024-12-16T12:50:24 IST" depends-on-methods="create.CreatePageTests.ClickOnCreateReource" duration-ms="2251" status="PASS">
          <params>
            <param index="0">
              <value>
                <![CDATA[Ubuntu 22.04 LTS (CLI)]]>
              </value>
            </param>
            <param index="1">
              <value>
                <![CDATA[Storage_Linux_Sep17 - 850GB]]>
              </value>
            </param>
          </params>
          <reporter-output>
          </reporter-output>
        </test-method> <!-- TestOSDropdown -->
        <test-method signature="TestIOPSDropdown(java.lang.String)[pri:7, instance:create.CreatePageTests@7494f96a]" started-at="2024-12-16T12:50:24 IST" name="TestIOPSDropdown" data-provider="dataProvider" finished-at="2024-12-16T12:50:24 IST" depends-on-methods="create.CreatePageTests.ClickOnCreateReource" duration-ms="308" status="PASS">
          <params>
            <param index="0">
              <value>
                <![CDATA[200]]>
              </value>
            </param>
          </params>
          <reporter-output>
          </reporter-output>
        </test-method> <!-- TestIOPSDropdown -->
        <test-method signature="TestCustomRadioButton()[pri:14, instance:create.CreatePageTests@7494f96a]" started-at="2024-12-16T12:50:24 IST" name="TestCustomRadioButton" finished-at="2024-12-16T12:50:24 IST" depends-on-methods="create.CreatePageTests.ClickOnCreateReource" duration-ms="90" status="PASS">
          <reporter-output>
          </reporter-output>
        </test-method> <!-- TestCustomRadioButton -->
        <test-method signature="TestVcpuForHorizontalScaling(java.lang.String)[pri:17, instance:create.CreatePageTests@7494f96a]" started-at="2024-12-16T12:50:24 IST" name="TestVcpuForHorizontalScaling" data-provider="dataProvider" finished-at="2024-12-16T12:50:24 IST" depends-on-methods="create.CreatePageTests.ClickOnCreateReource" duration-ms="175" status="PASS">
          <params>
            <param index="0">
              <value>
                <![CDATA[2]]>
              </value>
            </param>
          </params>
          <reporter-output>
          </reporter-output>
        </test-method> <!-- TestVcpuForHorizontalScaling -->
        <test-method signature="TestRAMForhorizontalScaling(java.lang.String)[pri:21, instance:create.CreatePageTests@7494f96a]" started-at="2024-12-16T12:50:25 IST" name="TestRAMForhorizontalScaling" data-provider="dataProvider" finished-at="2024-12-16T12:50:25 IST" depends-on-methods="create.CreatePageTests.ClickOnCreateReource" duration-ms="136" status="PASS">
          <params>
            <param index="0">
              <value>
                <![CDATA[2]]>
              </value>
            </param>
          </params>
          <reporter-output>
          </reporter-output>
        </test-method> <!-- TestRAMForhorizontalScaling -->
        <test-method signature="TestDiskForHorizontalScaling(java.lang.String)[pri:25, instance:create.CreatePageTests@7494f96a]" started-at="2024-12-16T12:50:25 IST" name="TestDiskForHorizontalScaling" data-provider="dataProvider" finished-at="2024-12-16T12:50:26 IST" depends-on-methods="create.CreatePageTests.ClickOnCreateReource" duration-ms="1059" status="PASS">
          <params>
            <param index="0">
              <value>
                <![CDATA[32]]>
              </value>
            </param>
          </params>
          <reporter-output>
          </reporter-output>
        </test-method> <!-- TestDiskForHorizontalScaling -->
        <test-method signature="TestTemplateCheckBoxChecked()[pri:29, instance:create.CreatePageTests@7494f96a]" started-at="2024-12-16T12:50:26 IST" name="TestTemplateCheckBoxChecked" finished-at="2024-12-16T12:50:26 IST" depends-on-methods="create.CreatePageTests.ClickOnCreateReource" duration-ms="538" status="PASS">
          <reporter-output>
          </reporter-output>
        </test-method> <!-- TestTemplateCheckBoxChecked -->
        <test-method signature="TestVMBackupSwitchOn()[pri:33, instance:create.CreatePageTests@7494f96a]" started-at="2024-12-16T12:50:26 IST" name="TestVMBackupSwitchOn" finished-at="2024-12-16T12:50:27 IST" depends-on-methods="create.CreatePageTests.ClickOnCreateReource" duration-ms="586" status="PASS">
          <reporter-output>
          </reporter-output>
        </test-method> <!-- TestVMBackupSwitchOn -->
        <test-method signature="TestBackUpFrequencyDropdown(java.lang.String)[pri:34, instance:create.CreatePageTests@7494f96a]" started-at="2024-12-16T12:50:27 IST" name="TestBackUpFrequencyDropdown" data-provider="dataProvider" finished-at="2024-12-16T12:50:27 IST" depends-on-methods="create.CreatePageTests.ClickOnCreateReource" duration-ms="259" status="PASS">
          <params>
            <param index="0">
              <value>
                <![CDATA[Daily]]>
              </value>
            </param>
          </params>
          <reporter-output>
          </reporter-output>
        </test-method> <!-- TestBackUpFrequencyDropdown -->
        <test-method signature="TestRetentionPeriodDropdown(java.lang.String)[pri:35, instance:create.CreatePageTests@7494f96a]" started-at="2024-12-16T12:50:27 IST" name="TestRetentionPeriodDropdown" data-provider="dataProvider" finished-at="2024-12-16T12:50:28 IST" depends-on-methods="create.CreatePageTests.ClickOnCreateReource" duration-ms="326" status="PASS">
          <params>
            <param index="0">
              <value>
                <![CDATA[3 days]]>
              </value>
            </param>
          </params>
          <reporter-output>
          </reporter-output>
        </test-method> <!-- TestRetentionPeriodDropdown -->
        <test-method signature="TestSIEMSwitchOn()[pri:36, instance:create.CreatePageTests@7494f96a]" started-at="2024-12-16T12:50:28 IST" name="TestSIEMSwitchOn" finished-at="2024-12-16T12:50:28 IST" depends-on-methods="create.CreatePageTests.ClickOnCreateReource" duration-ms="607" status="PASS">
          <reporter-output>
          </reporter-output>
        </test-method> <!-- TestSIEMSwitchOn -->
        <test-method signature="TestSIEMDropdown(java.lang.String)[pri:38, instance:create.CreatePageTests@7494f96a]" started-at="2024-12-16T12:50:28 IST" name="TestSIEMDropdown" data-provider="dataProvider" finished-at="2024-12-16T12:50:29 IST" depends-on-methods="create.CreatePageTests.ClickOnCreateReource" duration-ms="231" status="PASS">
          <params>
            <param index="0">
              <value>
                <![CDATA[SIEM_TEST_Server2 - 10.150.37.49]]>
              </value>
            </param>
          </params>
          <reporter-output>
          </reporter-output>
        </test-method> <!-- TestSIEMDropdown -->
        <test-method signature="TestVLANDropdown(java.lang.String)[pri:39, instance:create.CreatePageTests@7494f96a]" started-at="2024-12-16T12:50:29 IST" name="TestVLANDropdown" data-provider="dataProvider" finished-at="2024-12-16T12:50:30 IST" depends-on-methods="create.CreatePageTests.ClickOnCreateReource" duration-ms="1440" status="PASS">
          <params>
            <param index="0">
              <value>
                <![CDATA[10.150.37.0 - karthik]]>
              </value>
            </param>
          </params>
          <reporter-output>
          </reporter-output>
        </test-method> <!-- TestVLANDropdown -->
        <test-method signature="TestVMNameTextBoxForVertical(java.lang.String,java.lang.String)[pri:42, instance:create.CreatePageTests@7494f96a]" started-at="2024-12-16T12:50:30 IST" name="TestVMNameTextBoxForVertical" data-provider="dataProvider" finished-at="2024-12-16T12:50:32 IST" depends-on-methods="create.CreatePageTests.ClickOnCreateReource" duration-ms="1471" status="PASS">
          <params>
            <param index="0">
              <value>
                <![CDATA[test7,test8,test9]]>
              </value>
            </param>
            <param index="1">
              <value>
                <![CDATA[3]]>
              </value>
            </param>
          </params>
          <reporter-output>
          </reporter-output>
        </test-method> <!-- TestVMNameTextBoxForVertical -->
        <test-method signature="TestAssignRemoteUserButton()[pri:43, instance:create.CreatePageTests@7494f96a]" started-at="2024-12-16T12:50:32 IST" name="TestAssignRemoteUserButton" finished-at="2024-12-16T12:50:35 IST" depends-on-methods="create.CreatePageTests.ClickOnCreateReource" duration-ms="3680" status="PASS">
          <reporter-output>
          </reporter-output>
        </test-method> <!-- TestAssignRemoteUserButton -->
        <test-method signature="TestAssignRemoteUserModal(java.lang.String,java.lang.String,java.lang.String)[pri:44, instance:create.CreatePageTests@7494f96a]" started-at="2024-12-16T12:50:35 IST" name="TestAssignRemoteUserModal" data-provider="dataProvider" finished-at="2024-12-16T12:50:36 IST" depends-on-methods="create.CreatePageTests.ClickOnCreateReource" duration-ms="195" status="PASS">
          <params>
            <param index="0">
              <value>
                <![CDATA[No]]>
              </value>
            </param>
            <param index="1">
              <value>
                <![CDATA[karthik]]>
              </value>
            </param>
            <param index="2">
              <value>
                <![CDATA[admin]]>
              </value>
            </param>
          </params>
          <reporter-output>
          </reporter-output>
        </test-method> <!-- TestAssignRemoteUserModal -->
        <test-method signature="TestAssignRemoteUserModal(java.lang.String,java.lang.String,java.lang.String)[pri:44, instance:create.CreatePageTests@7494f96a]" started-at="2024-12-16T12:50:36 IST" name="TestAssignRemoteUserModal" data-provider="dataProvider" finished-at="2024-12-16T12:50:36 IST" depends-on-methods="create.CreatePageTests.ClickOnCreateReource" duration-ms="422" status="PASS">
          <params>
            <param index="0">
              <value>
                <![CDATA[No]]>
              </value>
            </param>
            <param index="1">
              <value>
                <![CDATA[lead2]]>
              </value>
            </param>
            <param index="2">
              <value>
                <![CDATA[user]]>
              </value>
            </param>
          </params>
          <reporter-output>
          </reporter-output>
        </test-method> <!-- TestAssignRemoteUserModal -->
        <test-method signature="TestAssignRemoteUserModal(java.lang.String,java.lang.String,java.lang.String)[pri:44, instance:create.CreatePageTests@7494f96a]" started-at="2024-12-16T12:50:36 IST" name="TestAssignRemoteUserModal" data-provider="dataProvider" finished-at="2024-12-16T12:50:37 IST" depends-on-methods="create.CreatePageTests.ClickOnCreateReource" duration-ms="474" status="PASS">
          <params>
            <param index="0">
              <value>
                <![CDATA[No]]>
              </value>
            </param>
            <param index="1">
              <value>
                <![CDATA[lead3]]>
              </value>
            </param>
            <param index="2">
              <value>
                <![CDATA[admin]]>
              </value>
            </param>
          </params>
          <reporter-output>
          </reporter-output>
        </test-method> <!-- TestAssignRemoteUserModal -->
        <test-method signature="TestSaveRolesButtonInAssignRolesModal()[pri:45, instance:create.CreatePageTests@7494f96a]" started-at="2024-12-16T12:50:37 IST" name="TestSaveRolesButtonInAssignRolesModal" finished-at="2024-12-16T12:50:37 IST" depends-on-methods="create.CreatePageTests.ClickOnCreateReource" duration-ms="41" status="PASS">
          <reporter-output>
          </reporter-output>
        </test-method> <!-- TestSaveRolesButtonInAssignRolesModal -->
        <test-method signature="TestCreateButtontocheckErrorsInTheForm()[pri:46, instance:create.CreatePageTests@7494f96a]" started-at="2024-12-16T12:50:37 IST" name="TestCreateButtontocheckErrorsInTheForm" finished-at="2024-12-16T12:50:37 IST" depends-on-methods="create.CreatePageTests.ClickOnCreateReource" duration-ms="74" status="FAIL">
          <exception class="java.lang.AssertionError">
            <message>
              <![CDATA[No Errors Found expected [true] but found [false]]]>
            </message>
            <full-stacktrace>
              <![CDATA[java.lang.AssertionError: No Errors Found expected [true] but found [false]
at org.testng.Assert.fail(Assert.java:111)
at org.testng.Assert.failNotEquals(Assert.java:1578)
at org.testng.Assert.assertTrue(Assert.java:57)
at create.CreatePageTests.TestCreateButtontocheckErrorsInTheForm(CreatePageTests.java:878)
at java.base/jdk.internal.reflect.NativeMethodAccessorImpl.invoke0(Native Method)
at java.base/jdk.internal.reflect.NativeMethodAccessorImpl.invoke(NativeMethodAccessorImpl.java:77)
at java.base/jdk.internal.reflect.DelegatingMethodAccessorImpl.invoke(DelegatingMethodAccessorImpl.java:43)
at java.base/java.lang.reflect.Method.invoke(Method.java:569)
at org.testng.internal.invokers.MethodInvocationHelper.invokeMethod(MethodInvocationHelper.java:141)
at org.testng.internal.invokers.TestInvoker.invokeMethod(TestInvoker.java:686)
at org.testng.internal.invokers.TestInvoker.invokeTestMethod(TestInvoker.java:230)
at org.testng.internal.invokers.MethodRunner.runInSequence(MethodRunner.java:63)
at org.testng.internal.invokers.TestInvoker$MethodInvocationAgent.invoke(TestInvoker.java:992)
at org.testng.internal.invokers.TestInvoker.invokeTestMethods(TestInvoker.java:203)
at org.testng.internal.invokers.TestMethodWorker.invokeTestMethods(TestMethodWorker.java:154)
at org.testng.internal.invokers.TestMethodWorker.run(TestMethodWorker.java:134)
at java.base/java.util.ArrayList.forEach(ArrayList.java:1511)
at org.testng.TestRunner.privateRun(TestRunner.java:739)
at org.testng.TestRunner.run(TestRunner.java:614)
at org.testng.SuiteRunner.runTest(SuiteRunner.java:421)
at org.testng.SuiteRunner.runSequentially(SuiteRunner.java:413)
at org.testng.SuiteRunner.privateRun(SuiteRunner.java:373)
at org.testng.SuiteRunner.run(SuiteRunner.java:312)
at org.testng.SuiteRunnerWorker.runSuite(SuiteRunnerWorker.java:52)
at org.testng.SuiteRunnerWorker.run(SuiteRunnerWorker.java:95)
at org.testng.TestNG.runSuitesSequentially(TestNG.java:1274)
at org.testng.TestNG.runSuitesLocally(TestNG.java:1208)
at org.testng.TestNG.runSuites(TestNG.java:1112)
at org.testng.TestNG.run(TestNG.java:1079)
at org.testng.remote.AbstractRemoteTestNG.run(AbstractRemoteTestNG.java:115)
at org.testng.remote.RemoteTestNG.initAndRun(RemoteTestNG.java:293)
at org.testng.remote.RemoteTestNG.main(RemoteTestNG.java:91)
]]>
            </full-stacktrace>
          </exception> <!-- java.lang.AssertionError -->
          <reporter-output>
          </reporter-output>
        </test-method> <!-- TestCreateButtontocheckErrorsInTheForm -->
        <test-method signature="TestCreateButtontocheckErrorsAfterSubmit()[pri:47, instance:create.CreatePageTests@7494f96a]" started-at="2024-12-16T12:50:37 IST" name="TestCreateButtontocheckErrorsAfterSubmit" finished-at="2024-12-16T12:50:47 IST" depends-on-methods="create.CreatePageTests.ClickOnCreateReource" duration-ms="10248" status="FAIL">
          <exception class="org.openqa.selenium.NoSuchElementException">
            <message>
              <![CDATA[no such element: Unable to locate element: {"method":"css selector","selector":".toast\-message"}
  (Session info: chrome=131.0.6778.140)
For documentation on this error, please visit: https://www.selenium.dev/documentation/webdriver/troubleshooting/errors#no-such-element-exception
Build info: version: '4.23.1', revision: '656257d8e9'
System info: os.name: 'Windows 10', os.arch: 'amd64', os.version: '10.0', java.version: '17.0.12'
Driver info: org.openqa.selenium.chrome.ChromeDriver
Command: [a625cc7e70212e6d08dfc4c6260c275a, findElement {value=toast-message, using=class name}]
Capabilities {acceptInsecureCerts: false, browserName: chrome, browserVersion: 131.0.6778.140, chrome: {chromedriverVersion: 131.0.6778.108 (3b014839fbc..., userDataDir: C:\Users\santosh\AppData\Lo...}, fedcm:accounts: true, goog:chromeOptions: {debuggerAddress: localhost:50087}, networkConnectionEnabled: false, pageLoadStrategy: normal, platformName: windows, proxy: Proxy(), se:cdp: ws://localhost:50087/devtoo..., se:cdpVersion: 131.0.6778.140, setWindowRect: true, strictFileInteractability: false, timeouts: {implicit: 0, pageLoad: 300000, script: 30000}, unhandledPromptBehavior: dismiss and notify, webauthn:extension:credBlob: true, webauthn:extension:largeBlob: true, webauthn:extension:minPinLength: true, webauthn:extension:prf: true, webauthn:virtualAuthenticators: true}
Session ID: a625cc7e70212e6d08dfc4c6260c275a]]>
            </message>
            <full-stacktrace>
              <![CDATA[org.openqa.selenium.NoSuchElementException: no such element: Unable to locate element: {"method":"css selector","selector":".toast\-message"}
  (Session info: chrome=131.0.6778.140)
For documentation on this error, please visit: https://www.selenium.dev/documentation/webdriver/troubleshooting/errors#no-such-element-exception
Build info: version: '4.23.1', revision: '656257d8e9'
System info: os.name: 'Windows 10', os.arch: 'amd64', os.version: '10.0', java.version: '17.0.12'
Driver info: org.openqa.selenium.chrome.ChromeDriver
Command: [a625cc7e70212e6d08dfc4c6260c275a, findElement {value=toast-message, using=class name}]
Capabilities {acceptInsecureCerts: false, browserName: chrome, browserVersion: 131.0.6778.140, chrome: {chromedriverVersion: 131.0.6778.108 (3b014839fbc..., userDataDir: C:\Users\santosh\AppData\Lo...}, fedcm:accounts: true, goog:chromeOptions: {debuggerAddress: localhost:50087}, networkConnectionEnabled: false, pageLoadStrategy: normal, platformName: windows, proxy: Proxy(), se:cdp: ws://localhost:50087/devtoo..., se:cdpVersion: 131.0.6778.140, setWindowRect: true, strictFileInteractability: false, timeouts: {implicit: 0, pageLoad: 300000, script: 30000}, unhandledPromptBehavior: dismiss and notify, webauthn:extension:credBlob: true, webauthn:extension:largeBlob: true, webauthn:extension:minPinLength: true, webauthn:extension:prf: true, webauthn:virtualAuthenticators: true}
Session ID: a625cc7e70212e6d08dfc4c6260c275a
at jdk.internal.reflect.GeneratedConstructorAccessor40.newInstance(Unknown Source)
at java.base/jdk.internal.reflect.DelegatingConstructorAccessorImpl.newInstance(DelegatingConstructorAccessorImpl.java:45)
at java.base/java.lang.reflect.Constructor.newInstanceWithCaller(Constructor.java:500)
at java.base/java.lang.reflect.Constructor.newInstance(Constructor.java:481)
at org.openqa.selenium.remote.ErrorCodec.decode(ErrorCodec.java:167)
at org.openqa.selenium.remote.codec.w3c.W3CHttpResponseCodec.decode(W3CHttpResponseCodec.java:138)
at org.openqa.selenium.remote.codec.w3c.W3CHttpResponseCodec.decode(W3CHttpResponseCodec.java:50)
at org.openqa.selenium.remote.HttpCommandExecutor.execute(HttpCommandExecutor.java:190)
at org.openqa.selenium.remote.service.DriverCommandExecutor.invokeExecute(DriverCommandExecutor.java:216)
at org.openqa.selenium.remote.service.DriverCommandExecutor.execute(DriverCommandExecutor.java:174)
at org.openqa.selenium.remote.RemoteWebDriver.execute(RemoteWebDriver.java:545)
at org.openqa.selenium.remote.ElementLocation$ElementFinder$2.findElement(ElementLocation.java:165)
at org.openqa.selenium.remote.ElementLocation.findElement(ElementLocation.java:59)
at org.openqa.selenium.remote.RemoteWebDriver.findElement(RemoteWebDriver.java:368)
at org.openqa.selenium.remote.RemoteWebDriver.findElement(RemoteWebDriver.java:362)
at org.openqa.selenium.support.pagefactory.DefaultElementLocator.findElement(DefaultElementLocator.java:68)
at org.openqa.selenium.support.pagefactory.internal.LocatingElementHandler.invoke(LocatingElementHandler.java:38)
at jdk.proxy2/jdk.proxy2.$Proxy14.getText(Unknown Source)
at create.CreatePageTests.TestCreateButtontocheckErrorsAfterSubmit(CreatePageTests.java:894)
at java.base/jdk.internal.reflect.NativeMethodAccessorImpl.invoke0(Native Method)
at java.base/jdk.internal.reflect.NativeMethodAccessorImpl.invoke(NativeMethodAccessorImpl.java:77)
at java.base/jdk.internal.reflect.DelegatingMethodAccessorImpl.invoke(DelegatingMethodAccessorImpl.java:43)
at java.base/java.lang.reflect.Method.invoke(Method.java:569)
at org.testng.internal.invokers.MethodInvocationHelper.invokeMethod(MethodInvocationHelper.java:141)
at org.testng.internal.invokers.TestInvoker.invokeMethod(TestInvoker.java:686)
at org.testng.internal.invokers.TestInvoker.invokeTestMethod(TestInvoker.java:230)
at org.testng.internal.invokers.MethodRunner.runInSequence(MethodRunner.java:63)
at org.testng.internal.invokers.TestInvoker$MethodInvocationAgent.invoke(TestInvoker.java:992)
at org.testng.internal.invokers.TestInvoker.invokeTestMethods(TestInvoker.java:203)
at org.testng.internal.invokers.TestMethodWorker.invokeTestMethods(TestMethodWorker.java:154)
at org.testng.internal.invokers.TestMethodWorker.run(TestMethodWorker.java:134)
at java.base/java.util.ArrayList.forEach(ArrayList.java:1511)
at org.testng.TestRunner.privateRun(TestRunner.java:739)
at org.testng.TestRunner.run(TestRunner.java:614)
at org.testng.SuiteRunner.runTest(SuiteRunner.java:421)
at org.testng.SuiteRunner.runSequentially(SuiteRunner.java:413)
at org.testng.SuiteRunner.privateRun(SuiteRunner.java:373)
at org.testng.SuiteRunner.run(SuiteRunner.java:312)
at org.testng.SuiteRunnerWorker.runSuite(SuiteRunnerWorker.java:52)
at org.testng.SuiteRunnerWorker.run(SuiteRunnerWorker.java:95)
at org.testng.TestNG.runSuitesSequentially(TestNG.java:1274)
at org.testng.TestNG.runSuitesLocally(TestNG.java:1208)
at org.testng.TestNG.runSuites(TestNG.java:1112)
at org.testng.TestNG.run(TestNG.java:1079)
at org.testng.remote.AbstractRemoteTestNG.run(AbstractRemoteTestNG.java:115)
at org.testng.remote.RemoteTestNG.initAndRun(RemoteTestNG.java:293)
at org.testng.remote.RemoteTestNG.main(RemoteTestNG.java:91)
]]>
            </full-stacktrace>
          </exception> <!-- org.openqa.selenium.NoSuchElementException -->
          <reporter-output>
          </reporter-output>
        </test-method> <!-- TestCreateButtontocheckErrorsAfterSubmit -->
        <test-method signature="TestCreateButtontocheckSuccessMessageAfterSubmit()[pri:48, instance:create.CreatePageTests@7494f96a]" started-at="2024-12-16T12:50:47 IST" name="TestCreateButtontocheckSuccessMessageAfterSubmit" finished-at="2024-12-16T12:50:54 IST" depends-on-methods="create.CreatePageTests.ClickOnCreateReource" duration-ms="7111" status="PASS">
          <reporter-output>
          </reporter-output>
        </test-method> <!-- TestCreateButtontocheckSuccessMessageAfterSubmit -->
        <test-method signature="TestIPAddress()[pri:49, instance:create.CreatePageTests@7494f96a]" started-at="2024-12-16T12:50:54 IST" name="TestIPAddress" finished-at="2024-12-16T15:59:50 IST" depends-on-methods="create.CreatePageTests.TestCreateButtontocheckSuccessMessageAfterSubmit, create.CreatePageTests.ClickOnCreateReource" duration-ms="11335697" status="FAIL">
          <exception class="org.openqa.selenium.WebDriverException">
            <message>
              <![CDATA[disconnected: not connected to DevTools
  (failed to check if window was closed: disconnected: not connected to DevTools)
  (Session info: chrome=131.0.6778.140)
Build info: version: '4.23.1', revision: '656257d8e9'
System info: os.name: 'Windows 10', os.arch: 'amd64', os.version: '10.0', java.version: '17.0.12'
Driver info: org.openqa.selenium.chrome.ChromeDriver
Command: [a625cc7e70212e6d08dfc4c6260c275a, findElements {value=//table[@id='virtual_machine_list_data_table'] //tr[@role='row']/th, using=xpath}]
Capabilities {acceptInsecureCerts: false, browserName: chrome, browserVersion: 131.0.6778.140, chrome: {chromedriverVersion: 131.0.6778.108 (3b014839fbc..., userDataDir: C:\Users\santosh\AppData\Lo...}, fedcm:accounts: true, goog:chromeOptions: {debuggerAddress: localhost:50087}, networkConnectionEnabled: false, pageLoadStrategy: normal, platformName: windows, proxy: Proxy(), se:cdp: ws://localhost:50087/devtoo..., se:cdpVersion: 131.0.6778.140, setWindowRect: true, strictFileInteractability: false, timeouts: {implicit: 0, pageLoad: 300000, script: 30000}, unhandledPromptBehavior: dismiss and notify, webauthn:extension:credBlob: true, webauthn:extension:largeBlob: true, webauthn:extension:minPinLength: true, webauthn:extension:prf: true, webauthn:virtualAuthenticators: true}
Session ID: a625cc7e70212e6d08dfc4c6260c275a]]>
            </message>
            <full-stacktrace>
              <![CDATA[org.openqa.selenium.WebDriverException: disconnected: not connected to DevTools
  (failed to check if window was closed: disconnected: not connected to DevTools)
  (Session info: chrome=131.0.6778.140)
Build info: version: '4.23.1', revision: '656257d8e9'
System info: os.name: 'Windows 10', os.arch: 'amd64', os.version: '10.0', java.version: '17.0.12'
Driver info: org.openqa.selenium.chrome.ChromeDriver
Command: [a625cc7e70212e6d08dfc4c6260c275a, findElements {value=//table[@id='virtual_machine_list_data_table'] //tr[@role='row']/th, using=xpath}]
Capabilities {acceptInsecureCerts: false, browserName: chrome, browserVersion: 131.0.6778.140, chrome: {chromedriverVersion: 131.0.6778.108 (3b014839fbc..., userDataDir: C:\Users\santosh\AppData\Lo...}, fedcm:accounts: true, goog:chromeOptions: {debuggerAddress: localhost:50087}, networkConnectionEnabled: false, pageLoadStrategy: normal, platformName: windows, proxy: Proxy(), se:cdp: ws://localhost:50087/devtoo..., se:cdpVersion: 131.0.6778.140, setWindowRect: true, strictFileInteractability: false, timeouts: {implicit: 0, pageLoad: 300000, script: 30000}, unhandledPromptBehavior: dismiss and notify, webauthn:extension:credBlob: true, webauthn:extension:largeBlob: true, webauthn:extension:minPinLength: true, webauthn:extension:prf: true, webauthn:virtualAuthenticators: true}
Session ID: a625cc7e70212e6d08dfc4c6260c275a
at java.base/jdk.internal.reflect.NativeConstructorAccessorImpl.newInstance0(Native Method)
at java.base/jdk.internal.reflect.NativeConstructorAccessorImpl.newInstance(NativeConstructorAccessorImpl.java:77)
at java.base/jdk.internal.reflect.DelegatingConstructorAccessorImpl.newInstance(DelegatingConstructorAccessorImpl.java:45)
at java.base/java.lang.reflect.Constructor.newInstanceWithCaller(Constructor.java:500)
at java.base/java.lang.reflect.Constructor.newInstance(Constructor.java:481)
at org.openqa.selenium.remote.ErrorCodec.decode(ErrorCodec.java:167)
at org.openqa.selenium.remote.codec.w3c.W3CHttpResponseCodec.decode(W3CHttpResponseCodec.java:138)
at org.openqa.selenium.remote.codec.w3c.W3CHttpResponseCodec.decode(W3CHttpResponseCodec.java:50)
at org.openqa.selenium.remote.HttpCommandExecutor.execute(HttpCommandExecutor.java:190)
at org.openqa.selenium.remote.service.DriverCommandExecutor.invokeExecute(DriverCommandExecutor.java:216)
at org.openqa.selenium.remote.service.DriverCommandExecutor.execute(DriverCommandExecutor.java:174)
at org.openqa.selenium.remote.RemoteWebDriver.execute(RemoteWebDriver.java:545)
at org.openqa.selenium.remote.ElementLocation$ElementFinder$2.findElements(ElementLocation.java:182)
at org.openqa.selenium.remote.ElementLocation.findElements(ElementLocation.java:103)
at org.openqa.selenium.remote.RemoteWebDriver.findElements(RemoteWebDriver.java:381)
at org.openqa.selenium.remote.RemoteWebDriver.findElements(RemoteWebDriver.java:375)
at org.openqa.selenium.support.pagefactory.DefaultElementLocator.findElements(DefaultElementLocator.java:83)
at org.openqa.selenium.support.pagefactory.internal.LocatingElementListHandler.invoke(LocatingElementListHandler.java:36)
at jdk.proxy2/jdk.proxy2.$Proxy15.size(Unknown Source)
at create.CreatePageTests.ListOfVmNames(CreatePageTests.java:980)
at create.CreatePageTests.TestIPAddress(CreatePageTests.java:970)
at java.base/jdk.internal.reflect.NativeMethodAccessorImpl.invoke0(Native Method)
at java.base/jdk.internal.reflect.NativeMethodAccessorImpl.invoke(NativeMethodAccessorImpl.java:77)
at java.base/jdk.internal.reflect.DelegatingMethodAccessorImpl.invoke(DelegatingMethodAccessorImpl.java:43)
at java.base/java.lang.reflect.Method.invoke(Method.java:569)
at org.testng.internal.invokers.MethodInvocationHelper.invokeMethod(MethodInvocationHelper.java:141)
at org.testng.internal.invokers.TestInvoker.invokeMethod(TestInvoker.java:686)
at org.testng.internal.invokers.TestInvoker.invokeTestMethod(TestInvoker.java:230)
at org.testng.internal.invokers.MethodRunner.runInSequence(MethodRunner.java:63)
at org.testng.internal.invokers.TestInvoker$MethodInvocationAgent.invoke(TestInvoker.java:992)
at org.testng.internal.invokers.TestInvoker.invokeTestMethods(TestInvoker.java:203)
at org.testng.internal.invokers.TestMethodWorker.invokeTestMethods(TestMethodWorker.java:154)
at org.testng.internal.invokers.TestMethodWorker.run(TestMethodWorker.java:134)
at java.base/java.util.ArrayList.forEach(ArrayList.java:1511)
at org.testng.TestRunner.privateRun(TestRunner.java:739)
at org.testng.TestRunner.run(TestRunner.java:614)
at org.testng.SuiteRunner.runTest(SuiteRunner.java:421)
at org.testng.SuiteRunner.runSequentially(SuiteRunner.java:413)
at org.testng.SuiteRunner.privateRun(SuiteRunner.java:373)
at org.testng.SuiteRunner.run(SuiteRunner.java:312)
at org.testng.SuiteRunnerWorker.runSuite(SuiteRunnerWorker.java:52)
at org.testng.SuiteRunnerWorker.run(SuiteRunnerWorker.java:95)
at org.testng.TestNG.runSuitesSequentially(TestNG.java:1274)
at org.testng.TestNG.runSuitesLocally(TestNG.java:1208)
at org.testng.TestNG.runSuites(TestNG.java:1112)
at org.testng.TestNG.run(TestNG.java:1079)
at org.testng.remote.AbstractRemoteTestNG.run(AbstractRemoteTestNG.java:115)
at org.testng.remote.RemoteTestNG.initAndRun(RemoteTestNG.java:293)
at org.testng.remote.RemoteTestNG.main(RemoteTestNG.java:91)
]]>
            </full-stacktrace>
          </exception> <!-- org.openqa.selenium.WebDriverException -->
          <reporter-output>
          </reporter-output>
        </test-method> <!-- TestIPAddress -->
      </class> <!-- create.CreatePageTests -->
      <class name="setUpAndTearDown.SetAndDown">
        <test-method is-config="true" signature="DriverIntilization(java.lang.String)[pri:0, instance:setUpAndTearDown.SetAndDown@292b08d6]" started-at="2024-12-16T12:47:46 IST" name="DriverIntilization" finished-at="2024-12-16T12:49:31 IST" duration-ms="104363" status="PASS">
          <params>
            <param index="0">
              <value>
                <![CDATA[CreatePageObjects]]>
              </value>
            </param>
          </params>
          <reporter-output>
          </reporter-output>
        </test-method> <!-- DriverIntilization -->
        <test-method is-config="true" signature="TearDown()[pri:0, instance:setUpAndTearDown.SetAndDown@292b08d6]" started-at="2024-12-16T15:59:50 IST" name="TearDown" finished-at="2024-12-16T15:59:51 IST" duration-ms="819" status="PASS">
          <reporter-output>
          </reporter-output>
        </test-method> <!-- TearDown -->
      </class> <!-- setUpAndTearDown.SetAndDown -->
    </test> <!-- CreatePageTests -->
  </suite> <!-- Suite -->
</testng-results>
