<?xml version="1.0" encoding="UTF-8"?>
<!-- Generated by org.testng.reporters.JUnitReportReporter -->
<testsuite hostname="DESKTOP-KMOGL3M" failures="0" tests="15" name="allLoginTests.ExecuteAllLoginTestAtOnce" time="191.453" errors="1" timestamp="2025-01-15T15:33:15 IST" skipped="0">
  <testcase classname="allLoginTests.ExecuteAllLoginTestAtOnce" name="TestValidUserName" time="16.283"/>
  <testcase classname="allLoginTests.ExecuteAllLoginTestAtOnce" name="TestEmptyUserName" time="8.509"/>
  <testcase classname="allLoginTests.ExecuteAllLoginTestAtOnce" name="TestValidPassword" time="7.558"/>
  <testcase classname="allLoginTests.ExecuteAllLoginTestAtOnce" name="TestEmptyPassword" time="11.827"/>
  <testcase classname="allLoginTests.ExecuteAllLoginTestAtOnce" name="TestLoginWithInValidCredentails" time="13.780"/>
  <testcase classname="allLoginTests.ExecuteAllLoginTestAtOnce" name="TestLoginWithValidCredentails" time="24.132"/>
  <testcase classname="allLoginTests.ExecuteAllLoginTestAtOnce" name="TestLoginWithInvalidCredentialsUsingRightCaptcha" time="11.856"/>
  <testcase classname="allLoginTests.ExecuteAllLoginTestAtOnce" name="TestLoginWithvalidCredentialsUsingRightCaptcha" time="20.351"/>
  <testcase classname="allLoginTests.ExecuteAllLoginTestAtOnce" name="TestLoginWithvalidCredentialsUsingWrongCaptcha" time="10.296"/>
  <testcase classname="allLoginTests.ExecuteAllLoginTestAtOnce" name="TestTermsOfServiceCheckBox" time="5.856"/>
  <testcase classname="allLoginTests.ExecuteAllLoginTestAtOnce" name="TestForgotPasswordLink" time="7.751"/>
  <testcase classname="allLoginTests.ExecuteAllLoginTestAtOnce" name="TestPasswordResetUsingEmptyEmail" time="9.048"/>
  <testcase classname="allLoginTests.ExecuteAllLoginTestAtOnce" name="TestPasswordResetUsingWrongEmail" time="12.082"/>
  <testcase classname="allLoginTests.ExecuteAllLoginTestAtOnce" name="TestPasswordResetUsingRightEmail" time="19.354">
    <error message="Expected condition failed: waiting for value to contain &quot;display: block;&quot;. (tried for 10 second(s) with 500 milliseconds interval)
Build info: version: &#039;4.23.1&#039;, revision: &#039;656257d8e9&#039;
System info: os.name: &#039;Windows 10&#039;, os.arch: &#039;amd64&#039;, os.version: &#039;10.0&#039;, java.version: &#039;17.0.12&#039;
Driver info: org.openqa.selenium.chrome.ChromeDriver
Capabilities {acceptInsecureCerts: false, browserName: chrome, browserVersion: 132.0.6834.83, chrome: {chromedriverVersion: 132.0.6834.83 (03d59cf5ecf1..., userDataDir: C:\Users\santosh\AppData\Lo...}, fedcm:accounts: true, goog:chromeOptions: {debuggerAddress: localhost:58094}, networkConnectionEnabled: false, pageLoadStrategy: normal, platformName: windows, proxy: Proxy(), se:cdp: ws://localhost:58094/devtoo..., se:cdpVersion: 132.0.6834.83, setWindowRect: true, strictFileInteractability: false, timeouts: {implicit: 0, pageLoad: 300000, script: 30000}, unhandledPromptBehavior: dismiss and notify, webauthn:extension:credBlob: true, webauthn:extension:largeBlob: true, webauthn:extension:minPinLength: true, webauthn:extension:prf: true, webauthn:virtualAuthenticators: true}
Session ID: 22a241470ed7fe873bd91d9e228bf445" type="org.openqa.selenium.TimeoutException">
      <![CDATA[org.openqa.selenium.TimeoutException: Expected condition failed: waiting for value to contain "display: block;". (tried for 10 second(s) with 500 milliseconds interval)
Build info: version: '4.23.1', revision: '656257d8e9'
System info: os.name: 'Windows 10', os.arch: 'amd64', os.version: '10.0', java.version: '17.0.12'
Driver info: org.openqa.selenium.chrome.ChromeDriver
Capabilities {acceptInsecureCerts: false, browserName: chrome, browserVersion: 132.0.6834.83, chrome: {chromedriverVersion: 132.0.6834.83 (03d59cf5ecf1..., userDataDir: C:\Users\santosh\AppData\Lo...}, fedcm:accounts: true, goog:chromeOptions: {debuggerAddress: localhost:58094}, networkConnectionEnabled: false, pageLoadStrategy: normal, platformName: windows, proxy: Proxy(), se:cdp: ws://localhost:58094/devtoo..., se:cdpVersion: 132.0.6834.83, setWindowRect: true, strictFileInteractability: false, timeouts: {implicit: 0, pageLoad: 300000, script: 30000}, unhandledPromptBehavior: dismiss and notify, webauthn:extension:credBlob: true, webauthn:extension:largeBlob: true, webauthn:extension:minPinLength: true, webauthn:extension:prf: true, webauthn:virtualAuthenticators: true}
Session ID: 22a241470ed7fe873bd91d9e228bf445
at org.openqa.selenium.support.ui.WebDriverWait.timeoutException(WebDriverWait.java:84)
at org.openqa.selenium.support.ui.FluentWait.until(FluentWait.java:228)
at Login.LoginPageTests.TestPasswordResetUsingRightEmail(LoginPageTests.java:252)
at allLoginTests.ExecuteAllLoginTestAtOnce.TestPasswordResetUsingRightEmail(ExecuteAllLoginTestAtOnce.java:127)
at java.base/jdk.internal.reflect.NativeMethodAccessorImpl.invoke0(Native Method)
at java.base/jdk.internal.reflect.NativeMethodAccessorImpl.invoke(NativeMethodAccessorImpl.java:77)
at java.base/jdk.internal.reflect.DelegatingMethodAccessorImpl.invoke(DelegatingMethodAccessorImpl.java:43)
at java.base/java.lang.reflect.Method.invoke(Method.java:569)
at org.testng.internal.invokers.MethodInvocationHelper.invokeMethod(MethodInvocationHelper.java:141)
at org.testng.internal.invokers.TestInvoker.invokeMethod(TestInvoker.java:686)
at org.testng.internal.invokers.TestInvoker.invokeTestMethod(TestInvoker.java:230)
at org.testng.internal.invokers.MethodRunner.runInSequence(MethodRunner.java:63)
at org.testng.internal.invokers.TestInvoker$MethodInvocationAgent.invoke(TestInvoker.java:992)
at org.testng.internal.invokers.TestInvoker.invokeTestMethods(TestInvoker.java:203)
at org.testng.internal.invokers.TestMethodWorker.invokeTestMethods(TestMethodWorker.java:154)
at org.testng.internal.invokers.TestMethodWorker.run(TestMethodWorker.java:134)
at java.base/java.util.ArrayList.forEach(ArrayList.java:1511)
at org.testng.TestRunner.privateRun(TestRunner.java:739)
at org.testng.TestRunner.run(TestRunner.java:614)
at org.testng.SuiteRunner.runTest(SuiteRunner.java:421)
at org.testng.SuiteRunner.runSequentially(SuiteRunner.java:413)
at org.testng.SuiteRunner.privateRun(SuiteRunner.java:373)
at org.testng.SuiteRunner.run(SuiteRunner.java:312)
at org.testng.SuiteRunnerWorker.runSuite(SuiteRunnerWorker.java:52)
at org.testng.SuiteRunnerWorker.run(SuiteRunnerWorker.java:95)
at org.testng.TestNG.runSuitesSequentially(TestNG.java:1274)
at org.testng.TestNG.runSuitesLocally(TestNG.java:1208)
at org.testng.TestNG.runSuites(TestNG.java:1112)
at org.testng.TestNG.run(TestNG.java:1079)
at org.testng.remote.AbstractRemoteTestNG.run(AbstractRemoteTestNG.java:115)
at org.testng.remote.RemoteTestNG.initAndRun(RemoteTestNG.java:293)
at org.testng.remote.RemoteTestNG.main(RemoteTestNG.java:91)
]]>
    </error>
  </testcase> <!-- TestPasswordResetUsingRightEmail -->
  <testcase classname="allLoginTests.ExecuteAllLoginTestAtOnce" name="TestPasswordResetCancelButton" time="12.770"/>
</testsuite> <!-- allLoginTests.ExecuteAllLoginTestAtOnce -->
